[2025-04-24T00:12:05.943+0000] {local_task_job_runner.py:123} INFO - ::group::Pre task execution logs
[2025-04-24T00:12:05.960+0000] {taskinstance.py:2612} INFO - Dependencies all met for dep_context=non-requeueable deps ti=<TaskInstance: dbt_stock_project.dbt_run manual__2025-04-24T00:12:04.746733+00:00 [queued]>
[2025-04-24T00:12:05.969+0000] {taskinstance.py:2612} INFO - Dependencies all met for dep_context=requeueable deps ti=<TaskInstance: dbt_stock_project.dbt_run manual__2025-04-24T00:12:04.746733+00:00 [queued]>
[2025-04-24T00:12:05.970+0000] {taskinstance.py:2865} INFO - Starting attempt 1 of 1
[2025-04-24T00:12:05.984+0000] {taskinstance.py:2888} INFO - Executing <Task(BashOperator): dbt_run> on 2025-04-24 00:12:04.746733+00:00
[2025-04-24T00:12:05.993+0000] {logging_mixin.py:190} WARNING - /home/***/.local/lib/python3.12/site-packages/***/task/task_runner/standard_task_runner.py:70 DeprecationWarning: This process (pid=6378) is multi-threaded, use of fork() may lead to deadlocks in the child.
[2025-04-24T00:12:05.992+0000] {standard_task_runner.py:104} INFO - Running: ['***', 'tasks', 'run', 'dbt_stock_project', 'dbt_run', 'manual__2025-04-24T00:12:04.746733+00:00', '--job-id', '326', '--raw', '--subdir', 'DAGS_FOLDER/226_lab2_elt.py', '--cfg-path', '/tmp/tmpaw_ooxcp']
[2025-04-24T00:12:05.995+0000] {standard_task_runner.py:72} INFO - Started process 6379 to run task
[2025-04-24T00:12:05.995+0000] {standard_task_runner.py:105} INFO - Job 326: Subtask dbt_run
[2025-04-24T00:12:06.042+0000] {task_command.py:467} INFO - Running <TaskInstance: dbt_stock_project.dbt_run manual__2025-04-24T00:12:04.746733+00:00 [running]> on host d01273b1fd04
[2025-04-24T00:12:06.119+0000] {taskinstance.py:3131} INFO - Exporting env vars: AIRFLOW_CTX_DAG_OWNER='***' AIRFLOW_CTX_DAG_ID='dbt_stock_project' AIRFLOW_CTX_TASK_ID='dbt_run' AIRFLOW_CTX_EXECUTION_DATE='2025-04-24T00:12:04.746733+00:00' AIRFLOW_CTX_TRY_NUMBER='1' AIRFLOW_CTX_DAG_RUN_ID='manual__2025-04-24T00:12:04.746733+00:00'
[2025-04-24T00:12:06.120+0000] {taskinstance.py:731} INFO - ::endgroup::
[2025-04-24T00:12:06.137+0000] {subprocess.py:63} INFO - Tmp dir root location: /tmp
[2025-04-24T00:12:06.139+0000] {subprocess.py:75} INFO - Running command: ['/usr/bin/bash', '-c', '/home/***/.local/bin/dbt run --profiles-dir /home/***/.dbt --project-dir /opt/***/dbt']
[2025-04-24T00:12:06.146+0000] {subprocess.py:86} INFO - Output:
[2025-04-24T00:12:07.972+0000] {subprocess.py:93} INFO - [0m00:12:07  Running with dbt=1.8.7
[2025-04-24T00:12:08.968+0000] {subprocess.py:93} INFO - [0m00:12:08  Registered adapter: snowflake=1.8.1
[2025-04-24T00:12:09.530+0000] {subprocess.py:93} INFO - [0m00:12:09  [[33mWARNING[0m]: Deprecated functionality
[2025-04-24T00:12:09.531+0000] {subprocess.py:93} INFO - The `tests` config has been renamed to `data_tests`. Please see
[2025-04-24T00:12:09.532+0000] {subprocess.py:93} INFO - https://docs.getdbt.com/docs/build/data-tests#new-data_tests-syntax for more
[2025-04-24T00:12:09.533+0000] {subprocess.py:93} INFO - information.
[2025-04-24T00:12:09.922+0000] {subprocess.py:93} INFO - [0m00:12:09  Found 6 models, 18 data tests, 3 sources, 459 macros
[2025-04-24T00:12:09.927+0000] {subprocess.py:93} INFO - [0m00:12:09
[2025-04-24T00:12:10.908+0000] {subprocess.py:93} INFO - [0m00:12:10  Concurrency: 1 threads (target='dev')
[2025-04-24T00:12:10.909+0000] {subprocess.py:93} INFO - [0m00:12:10
[2025-04-24T00:12:10.920+0000] {subprocess.py:93} INFO - [0m00:12:10  1 of 4 START sql table model analytics.moving_averages ......................... [RUN]
[2025-04-24T00:12:12.643+0000] {subprocess.py:93} INFO - [0m00:12:12  1 of 4 OK created sql table model analytics.moving_averages .................... [[32mSUCCESS 1[0m in 1.72s]
[2025-04-24T00:12:12.714+0000] {subprocess.py:93} INFO - [0m00:12:12  2 of 4 START sql table model analytics.stock_indicators ........................ [RUN]
[2025-04-24T00:12:14.154+0000] {subprocess.py:93} INFO - [0m00:12:14  2 of 4 OK created sql table model analytics.stock_indicators ................... [[32mSUCCESS 1[0m in 1.44s]
[2025-04-24T00:12:14.159+0000] {subprocess.py:93} INFO - [0m00:12:14  3 of 4 START sql table model analytics.volume_summary .......................... [RUN]
[2025-04-24T00:12:15.408+0000] {subprocess.py:93} INFO - [0m00:12:15  3 of 4 OK created sql table model analytics.volume_summary ..................... [[32mSUCCESS 1[0m in 1.25s]
[2025-04-24T00:12:15.411+0000] {subprocess.py:93} INFO - [0m00:12:15  4 of 4 START sql table model analytics.rsi ..................................... [RUN]
[2025-04-24T00:12:16.921+0000] {subprocess.py:93} INFO - [0m00:12:16  4 of 4 OK created sql table model analytics.rsi ................................ [[32mSUCCESS 1[0m in 1.51s]
[2025-04-24T00:12:16.927+0000] {subprocess.py:93} INFO - [0m00:12:16
[2025-04-24T00:12:16.928+0000] {subprocess.py:93} INFO - [0m00:12:16  Finished running 4 table models in 0 hours 0 minutes and 7.00 seconds (7.00s).
[2025-04-24T00:12:17.153+0000] {subprocess.py:93} INFO - [0m00:12:17
[2025-04-24T00:12:17.154+0000] {subprocess.py:93} INFO - [0m00:12:17  [32mCompleted successfully[0m
[2025-04-24T00:12:17.155+0000] {subprocess.py:93} INFO - [0m00:12:17
[2025-04-24T00:12:17.156+0000] {subprocess.py:93} INFO - [0m00:12:17  Done. PASS=4 WARN=0 ERROR=0 SKIP=0 TOTAL=4
[2025-04-24T00:12:17.926+0000] {subprocess.py:97} INFO - Command exited with return code 0
[2025-04-24T00:12:17.952+0000] {taskinstance.py:340} INFO - ::group::Post task execution logs
[2025-04-24T00:12:17.953+0000] {taskinstance.py:352} INFO - Marking task as SUCCESS. dag_id=dbt_stock_project, task_id=dbt_run, run_id=manual__2025-04-24T00:12:04.746733+00:00, execution_date=20250424T001204, start_date=20250424T001205, end_date=20250424T001217
[2025-04-24T00:12:18.002+0000] {local_task_job_runner.py:266} INFO - Task exited with return code 0
[2025-04-24T00:12:18.030+0000] {taskinstance.py:3900} INFO - 1 downstream tasks scheduled from follow-on schedule check
[2025-04-24T00:12:18.033+0000] {local_task_job_runner.py:245} INFO - ::endgroup::
