[2025-04-24T00:39:10.157+0000] {local_task_job_runner.py:123} INFO - ::group::Pre task execution logs
[2025-04-24T00:39:10.174+0000] {taskinstance.py:2612} INFO - Dependencies all met for dep_context=non-requeueable deps ti=<TaskInstance: dbt_stock_project.dbt_run manual__2025-04-24T00:39:09.022997+00:00 [queued]>
[2025-04-24T00:39:10.183+0000] {taskinstance.py:2612} INFO - Dependencies all met for dep_context=requeueable deps ti=<TaskInstance: dbt_stock_project.dbt_run manual__2025-04-24T00:39:09.022997+00:00 [queued]>
[2025-04-24T00:39:10.185+0000] {taskinstance.py:2865} INFO - Starting attempt 1 of 1
[2025-04-24T00:39:10.199+0000] {taskinstance.py:2888} INFO - Executing <Task(BashOperator): dbt_run> on 2025-04-24 00:39:09.022997+00:00
[2025-04-24T00:39:10.208+0000] {logging_mixin.py:190} WARNING - /home/***/.local/lib/python3.12/site-packages/***/task/task_runner/standard_task_runner.py:70 DeprecationWarning: This process (pid=7860) is multi-threaded, use of fork() may lead to deadlocks in the child.
[2025-04-24T00:39:10.207+0000] {standard_task_runner.py:104} INFO - Running: ['***', 'tasks', 'run', 'dbt_stock_project', 'dbt_run', 'manual__2025-04-24T00:39:09.022997+00:00', '--job-id', '336', '--raw', '--subdir', 'DAGS_FOLDER/226_lab2_elt.py', '--cfg-path', '/tmp/tmpd1g3tua6']
[2025-04-24T00:39:10.210+0000] {standard_task_runner.py:72} INFO - Started process 7861 to run task
[2025-04-24T00:39:10.211+0000] {standard_task_runner.py:105} INFO - Job 336: Subtask dbt_run
[2025-04-24T00:39:10.267+0000] {task_command.py:467} INFO - Running <TaskInstance: dbt_stock_project.dbt_run manual__2025-04-24T00:39:09.022997+00:00 [running]> on host d01273b1fd04
[2025-04-24T00:39:10.351+0000] {taskinstance.py:3131} INFO - Exporting env vars: AIRFLOW_CTX_DAG_OWNER='***' AIRFLOW_CTX_DAG_ID='dbt_stock_project' AIRFLOW_CTX_TASK_ID='dbt_run' AIRFLOW_CTX_EXECUTION_DATE='2025-04-24T00:39:09.022997+00:00' AIRFLOW_CTX_TRY_NUMBER='1' AIRFLOW_CTX_DAG_RUN_ID='manual__2025-04-24T00:39:09.022997+00:00'
[2025-04-24T00:39:10.352+0000] {taskinstance.py:731} INFO - ::endgroup::
[2025-04-24T00:39:10.366+0000] {subprocess.py:63} INFO - Tmp dir root location: /tmp
[2025-04-24T00:39:10.369+0000] {subprocess.py:75} INFO - Running command: ['/usr/bin/bash', '-c', '/home/***/.local/bin/dbt run --profiles-dir /home/***/.dbt --project-dir /opt/***/dbt']
[2025-04-24T00:39:10.377+0000] {subprocess.py:86} INFO - Output:
[2025-04-24T00:39:12.252+0000] {subprocess.py:93} INFO - [0m00:39:12  Running with dbt=1.8.7
[2025-04-24T00:39:13.217+0000] {subprocess.py:93} INFO - [0m00:39:13  Registered adapter: snowflake=1.8.1
[2025-04-24T00:39:13.967+0000] {subprocess.py:93} INFO - [0m00:39:13  [[33mWARNING[0m]: Deprecated functionality
[2025-04-24T00:39:13.968+0000] {subprocess.py:93} INFO - The `tests` config has been renamed to `data_tests`. Please see
[2025-04-24T00:39:13.969+0000] {subprocess.py:93} INFO - https://docs.getdbt.com/docs/build/data-tests#new-data_tests-syntax for more
[2025-04-24T00:39:13.970+0000] {subprocess.py:93} INFO - information.
[2025-04-24T00:39:14.401+0000] {subprocess.py:93} INFO - [0m00:39:14  Found 6 models, 23 data tests, 3 sources, 459 macros
[2025-04-24T00:39:14.407+0000] {subprocess.py:93} INFO - [0m00:39:14
[2025-04-24T00:39:15.792+0000] {subprocess.py:93} INFO - [0m00:39:15  Concurrency: 1 threads (target='dev')
[2025-04-24T00:39:15.793+0000] {subprocess.py:93} INFO - [0m00:39:15
[2025-04-24T00:39:15.877+0000] {subprocess.py:93} INFO - [0m00:39:15  1 of 4 START sql table model analytics.stock_indicators ........................ [RUN]
[2025-04-24T00:39:17.134+0000] {subprocess.py:93} INFO - [0m00:39:17  1 of 4 OK created sql table model analytics.stock_indicators ................... [[32mSUCCESS 1[0m in 1.25s]
[2025-04-24T00:39:17.137+0000] {subprocess.py:93} INFO - [0m00:39:17  2 of 4 START sql table model analytics.volume_summary .......................... [RUN]
[2025-04-24T00:39:18.222+0000] {subprocess.py:93} INFO - [0m00:39:18  2 of 4 OK created sql table model analytics.volume_summary ..................... [[32mSUCCESS 1[0m in 1.08s]
[2025-04-24T00:39:18.226+0000] {subprocess.py:93} INFO - [0m00:39:18  3 of 4 START sql table model analytics.moving_averages ......................... [RUN]
[2025-04-24T00:39:19.426+0000] {subprocess.py:93} INFO - [0m00:39:19  3 of 4 OK created sql table model analytics.moving_averages .................... [[32mSUCCESS 1[0m in 1.20s]
[2025-04-24T00:39:19.430+0000] {subprocess.py:93} INFO - [0m00:39:19  4 of 4 START sql table model analytics.rsi ..................................... [RUN]
[2025-04-24T00:39:20.705+0000] {subprocess.py:93} INFO - [0m00:39:20  4 of 4 OK created sql table model analytics.rsi ................................ [[32mSUCCESS 1[0m in 1.27s]
[2025-04-24T00:39:20.710+0000] {subprocess.py:93} INFO - [0m00:39:20
[2025-04-24T00:39:20.711+0000] {subprocess.py:93} INFO - [0m00:39:20  Finished running 4 table models in 0 hours 0 minutes and 6.30 seconds (6.30s).
[2025-04-24T00:39:20.897+0000] {subprocess.py:93} INFO - [0m00:39:20
[2025-04-24T00:39:20.898+0000] {subprocess.py:93} INFO - [0m00:39:20  [32mCompleted successfully[0m
[2025-04-24T00:39:20.899+0000] {subprocess.py:93} INFO - [0m00:39:20
[2025-04-24T00:39:20.900+0000] {subprocess.py:93} INFO - [0m00:39:20  Done. PASS=4 WARN=0 ERROR=0 SKIP=0 TOTAL=4
[2025-04-24T00:39:22.169+0000] {subprocess.py:97} INFO - Command exited with return code 0
[2025-04-24T00:39:22.194+0000] {taskinstance.py:340} INFO - ::group::Post task execution logs
[2025-04-24T00:39:22.195+0000] {taskinstance.py:352} INFO - Marking task as SUCCESS. dag_id=dbt_stock_project, task_id=dbt_run, run_id=manual__2025-04-24T00:39:09.022997+00:00, execution_date=20250424T003909, start_date=20250424T003910, end_date=20250424T003922
[2025-04-24T00:39:22.223+0000] {local_task_job_runner.py:266} INFO - Task exited with return code 0
[2025-04-24T00:39:22.245+0000] {taskinstance.py:3900} INFO - 1 downstream tasks scheduled from follow-on schedule check
[2025-04-24T00:39:22.248+0000] {local_task_job_runner.py:245} INFO - ::endgroup::
