[2025-04-24T00:18:45.347+0000] {local_task_job_runner.py:123} INFO - ::group::Pre task execution logs
[2025-04-24T00:18:45.364+0000] {taskinstance.py:2612} INFO - Dependencies all met for dep_context=non-requeueable deps ti=<TaskInstance: dbt_stock_project.dbt_run manual__2025-04-24T00:18:44.805197+00:00 [queued]>
[2025-04-24T00:18:45.374+0000] {taskinstance.py:2612} INFO - Dependencies all met for dep_context=requeueable deps ti=<TaskInstance: dbt_stock_project.dbt_run manual__2025-04-24T00:18:44.805197+00:00 [queued]>
[2025-04-24T00:18:45.376+0000] {taskinstance.py:2865} INFO - Starting attempt 1 of 1
[2025-04-24T00:18:45.391+0000] {taskinstance.py:2888} INFO - Executing <Task(BashOperator): dbt_run> on 2025-04-24 00:18:44.805197+00:00
[2025-04-24T00:18:45.400+0000] {standard_task_runner.py:104} INFO - Running: ['***', 'tasks', 'run', 'dbt_stock_project', 'dbt_run', 'manual__2025-04-24T00:18:44.805197+00:00', '--job-id', '330', '--raw', '--subdir', 'DAGS_FOLDER/226_lab2_elt.py', '--cfg-path', '/tmp/tmphtr8f3wq']
[2025-04-24T00:18:45.403+0000] {standard_task_runner.py:105} INFO - Job 330: Subtask dbt_run
[2025-04-24T00:18:45.403+0000] {logging_mixin.py:190} WARNING - /home/***/.local/lib/python3.12/site-packages/***/task/task_runner/standard_task_runner.py:70 DeprecationWarning: This process (pid=6795) is multi-threaded, use of fork() may lead to deadlocks in the child.
[2025-04-24T00:18:45.405+0000] {standard_task_runner.py:72} INFO - Started process 6802 to run task
[2025-04-24T00:18:45.455+0000] {task_command.py:467} INFO - Running <TaskInstance: dbt_stock_project.dbt_run manual__2025-04-24T00:18:44.805197+00:00 [running]> on host d01273b1fd04
[2025-04-24T00:18:45.538+0000] {taskinstance.py:3131} INFO - Exporting env vars: AIRFLOW_CTX_DAG_OWNER='***' AIRFLOW_CTX_DAG_ID='dbt_stock_project' AIRFLOW_CTX_TASK_ID='dbt_run' AIRFLOW_CTX_EXECUTION_DATE='2025-04-24T00:18:44.805197+00:00' AIRFLOW_CTX_TRY_NUMBER='1' AIRFLOW_CTX_DAG_RUN_ID='manual__2025-04-24T00:18:44.805197+00:00'
[2025-04-24T00:18:45.540+0000] {taskinstance.py:731} INFO - ::endgroup::
[2025-04-24T00:18:45.553+0000] {subprocess.py:63} INFO - Tmp dir root location: /tmp
[2025-04-24T00:18:45.556+0000] {subprocess.py:75} INFO - Running command: ['/usr/bin/bash', '-c', '/home/***/.local/bin/dbt run --profiles-dir /home/***/.dbt --project-dir /opt/***/dbt']
[2025-04-24T00:18:45.565+0000] {subprocess.py:86} INFO - Output:
[2025-04-24T00:18:47.510+0000] {subprocess.py:93} INFO - [0m00:18:47  Running with dbt=1.8.7
[2025-04-24T00:18:48.461+0000] {subprocess.py:93} INFO - [0m00:18:48  Registered adapter: snowflake=1.8.1
[2025-04-24T00:18:49.075+0000] {subprocess.py:93} INFO - [0m00:18:49  [[33mWARNING[0m]: Deprecated functionality
[2025-04-24T00:18:49.077+0000] {subprocess.py:93} INFO - The `tests` config has been renamed to `data_tests`. Please see
[2025-04-24T00:18:49.078+0000] {subprocess.py:93} INFO - https://docs.getdbt.com/docs/build/data-tests#new-data_tests-syntax for more
[2025-04-24T00:18:49.079+0000] {subprocess.py:93} INFO - information.
[2025-04-24T00:18:49.467+0000] {subprocess.py:93} INFO - [0m00:18:49  Found 6 models, 18 data tests, 3 sources, 459 macros
[2025-04-24T00:18:49.472+0000] {subprocess.py:93} INFO - [0m00:18:49
[2025-04-24T00:18:50.479+0000] {subprocess.py:93} INFO - [0m00:18:50  Concurrency: 1 threads (target='dev')
[2025-04-24T00:18:50.480+0000] {subprocess.py:93} INFO - [0m00:18:50
[2025-04-24T00:18:50.490+0000] {subprocess.py:93} INFO - [0m00:18:50  1 of 4 START sql table model analytics.moving_averages ......................... [RUN]
[2025-04-24T00:18:51.572+0000] {subprocess.py:93} INFO - [0m00:18:51  1 of 4 OK created sql table model analytics.moving_averages .................... [[32mSUCCESS 1[0m in 1.08s]
[2025-04-24T00:18:51.657+0000] {subprocess.py:93} INFO - [0m00:18:51  2 of 4 START sql table model analytics.stock_indicators ........................ [RUN]
[2025-04-24T00:18:53.278+0000] {subprocess.py:93} INFO - [0m00:18:53  2 of 4 OK created sql table model analytics.stock_indicators ................... [[32mSUCCESS 1[0m in 1.62s]
[2025-04-24T00:18:53.283+0000] {subprocess.py:93} INFO - [0m00:18:53  3 of 4 START sql table model analytics.volume_summary .......................... [RUN]
[2025-04-24T00:18:54.365+0000] {subprocess.py:93} INFO - [0m00:18:54  3 of 4 OK created sql table model analytics.volume_summary ..................... [[32mSUCCESS 1[0m in 1.08s]
[2025-04-24T00:18:54.368+0000] {subprocess.py:93} INFO - [0m00:18:54  4 of 4 START sql table model analytics.rsi ..................................... [RUN]
[2025-04-24T00:18:55.826+0000] {subprocess.py:93} INFO - [0m00:18:55  4 of 4 OK created sql table model analytics.rsi ................................ [[32mSUCCESS 1[0m in 1.45s]
[2025-04-24T00:18:55.836+0000] {subprocess.py:93} INFO - [0m00:18:55
[2025-04-24T00:18:55.837+0000] {subprocess.py:93} INFO - [0m00:18:55  Finished running 4 table models in 0 hours 0 minutes and 6.36 seconds (6.36s).
[2025-04-24T00:18:56.020+0000] {subprocess.py:93} INFO - [0m00:18:56
[2025-04-24T00:18:56.021+0000] {subprocess.py:93} INFO - [0m00:18:56  [32mCompleted successfully[0m
[2025-04-24T00:18:56.022+0000] {subprocess.py:93} INFO - [0m00:18:56
[2025-04-24T00:18:56.023+0000] {subprocess.py:93} INFO - [0m00:18:56  Done. PASS=4 WARN=0 ERROR=0 SKIP=0 TOTAL=4
[2025-04-24T00:18:56.805+0000] {subprocess.py:97} INFO - Command exited with return code 0
[2025-04-24T00:18:56.831+0000] {taskinstance.py:340} INFO - ::group::Post task execution logs
[2025-04-24T00:18:56.832+0000] {taskinstance.py:352} INFO - Marking task as SUCCESS. dag_id=dbt_stock_project, task_id=dbt_run, run_id=manual__2025-04-24T00:18:44.805197+00:00, execution_date=20250424T001844, start_date=20250424T001845, end_date=20250424T001856
[2025-04-24T00:18:56.856+0000] {local_task_job_runner.py:266} INFO - Task exited with return code 0
[2025-04-24T00:18:56.883+0000] {taskinstance.py:3900} INFO - 1 downstream tasks scheduled from follow-on schedule check
[2025-04-24T00:18:56.886+0000] {local_task_job_runner.py:245} INFO - ::endgroup::
