[2025-04-24T10:18:38.920+0000] {local_task_job_runner.py:123} INFO - ::group::Pre task execution logs
[2025-04-24T10:18:38.939+0000] {taskinstance.py:2612} INFO - Dependencies all met for dep_context=non-requeueable deps ti=<TaskInstance: dbt_stock_project.dbt_run manual__2025-04-24T10:18:38.110668+00:00 [queued]>
[2025-04-24T10:18:38.948+0000] {taskinstance.py:2612} INFO - Dependencies all met for dep_context=requeueable deps ti=<TaskInstance: dbt_stock_project.dbt_run manual__2025-04-24T10:18:38.110668+00:00 [queued]>
[2025-04-24T10:18:38.950+0000] {taskinstance.py:2865} INFO - Starting attempt 1 of 1
[2025-04-24T10:18:38.964+0000] {taskinstance.py:2888} INFO - Executing <Task(BashOperator): dbt_run> on 2025-04-24 10:18:38.110668+00:00
[2025-04-24T10:18:38.973+0000] {logging_mixin.py:190} WARNING - /home/***/.local/lib/python3.12/site-packages/***/task/task_runner/standard_task_runner.py:70 DeprecationWarning: This process (pid=10469) is multi-threaded, use of fork() may lead to deadlocks in the child.
[2025-04-24T10:18:38.972+0000] {standard_task_runner.py:104} INFO - Running: ['***', 'tasks', 'run', 'dbt_stock_project', 'dbt_run', 'manual__2025-04-24T10:18:38.110668+00:00', '--job-id', '401', '--raw', '--subdir', 'DAGS_FOLDER/226_lab2_elt.py', '--cfg-path', '/tmp/tmpslh5dg49']
[2025-04-24T10:18:38.975+0000] {standard_task_runner.py:72} INFO - Started process 10470 to run task
[2025-04-24T10:18:38.976+0000] {standard_task_runner.py:105} INFO - Job 401: Subtask dbt_run
[2025-04-24T10:18:39.030+0000] {task_command.py:467} INFO - Running <TaskInstance: dbt_stock_project.dbt_run manual__2025-04-24T10:18:38.110668+00:00 [running]> on host e8b5346887eb
[2025-04-24T10:18:39.122+0000] {taskinstance.py:3131} INFO - Exporting env vars: AIRFLOW_CTX_DAG_OWNER='***' AIRFLOW_CTX_DAG_ID='dbt_stock_project' AIRFLOW_CTX_TASK_ID='dbt_run' AIRFLOW_CTX_EXECUTION_DATE='2025-04-24T10:18:38.110668+00:00' AIRFLOW_CTX_TRY_NUMBER='1' AIRFLOW_CTX_DAG_RUN_ID='manual__2025-04-24T10:18:38.110668+00:00'
[2025-04-24T10:18:39.123+0000] {taskinstance.py:731} INFO - ::endgroup::
[2025-04-24T10:18:39.139+0000] {subprocess.py:63} INFO - Tmp dir root location: /tmp
[2025-04-24T10:18:39.142+0000] {subprocess.py:75} INFO - Running command: ['/usr/bin/bash', '-c', '/home/***/.local/bin/dbt run --profiles-dir /home/***/.dbt --project-dir /opt/***/dbt']
[2025-04-24T10:18:39.151+0000] {subprocess.py:86} INFO - Output:
[2025-04-24T10:18:40.987+0000] {subprocess.py:93} INFO - [0m10:18:40  Running with dbt=1.8.7
[2025-04-24T10:18:41.982+0000] {subprocess.py:93} INFO - [0m10:18:41  Registered adapter: snowflake=1.8.1
[2025-04-24T10:18:42.903+0000] {subprocess.py:93} INFO - [0m10:18:42  Found 5 models, 10 data tests, 4 snapshots, 3 sources, 459 macros
[2025-04-24T10:18:42.907+0000] {subprocess.py:93} INFO - [0m10:18:42
[2025-04-24T10:18:44.947+0000] {subprocess.py:93} INFO - [0m10:18:44  Concurrency: 1 threads (target='dev')
[2025-04-24T10:18:44.948+0000] {subprocess.py:93} INFO - [0m10:18:44
[2025-04-24T10:18:45.003+0000] {subprocess.py:93} INFO - [0m10:18:45  1 of 4 START sql table model analytics.stock_indicators ........................ [RUN]
[2025-04-24T10:18:46.350+0000] {subprocess.py:93} INFO - [0m10:18:46  1 of 4 OK created sql table model analytics.stock_indicators ................... [[32mSUCCESS 1[0m in 1.34s]
[2025-04-24T10:18:46.353+0000] {subprocess.py:93} INFO - [0m10:18:46  2 of 4 START sql table model analytics.volume_summary .......................... [RUN]
[2025-04-24T10:18:47.626+0000] {subprocess.py:93} INFO - [0m10:18:47  2 of 4 OK created sql table model analytics.volume_summary ..................... [[32mSUCCESS 1[0m in 1.27s]
[2025-04-24T10:18:47.630+0000] {subprocess.py:93} INFO - [0m10:18:47  3 of 4 START sql table model analytics.moving_averages ......................... [RUN]
[2025-04-24T10:18:48.931+0000] {subprocess.py:93} INFO - [0m10:18:48  3 of 4 OK created sql table model analytics.moving_averages .................... [[32mSUCCESS 1[0m in 1.30s]
[2025-04-24T10:18:48.935+0000] {subprocess.py:93} INFO - [0m10:18:48  4 of 4 START sql table model analytics.rsi ..................................... [RUN]
[2025-04-24T10:18:50.087+0000] {subprocess.py:93} INFO - [0m10:18:50  4 of 4 OK created sql table model analytics.rsi ................................ [[32mSUCCESS 1[0m in 1.15s]
[2025-04-24T10:18:50.093+0000] {subprocess.py:93} INFO - [0m10:18:50
[2025-04-24T10:18:50.094+0000] {subprocess.py:93} INFO - [0m10:18:50  Finished running 4 table models in 0 hours 0 minutes and 7.18 seconds (7.18s).
[2025-04-24T10:18:50.208+0000] {subprocess.py:93} INFO - [0m10:18:50
[2025-04-24T10:18:50.209+0000] {subprocess.py:93} INFO - [0m10:18:50  [32mCompleted successfully[0m
[2025-04-24T10:18:50.211+0000] {subprocess.py:93} INFO - [0m10:18:50
[2025-04-24T10:18:50.212+0000] {subprocess.py:93} INFO - [0m10:18:50  Done. PASS=4 WARN=0 ERROR=0 SKIP=0 TOTAL=4
[2025-04-24T10:18:51.225+0000] {subprocess.py:97} INFO - Command exited with return code 0
[2025-04-24T10:18:51.250+0000] {taskinstance.py:340} INFO - ::group::Post task execution logs
[2025-04-24T10:18:51.251+0000] {taskinstance.py:352} INFO - Marking task as SUCCESS. dag_id=dbt_stock_project, task_id=dbt_run, run_id=manual__2025-04-24T10:18:38.110668+00:00, execution_date=20250424T101838, start_date=20250424T101838, end_date=20250424T101851
[2025-04-24T10:18:51.301+0000] {local_task_job_runner.py:266} INFO - Task exited with return code 0
[2025-04-24T10:18:51.324+0000] {taskinstance.py:3900} INFO - 1 downstream tasks scheduled from follow-on schedule check
[2025-04-24T10:18:51.328+0000] {local_task_job_runner.py:245} INFO - ::endgroup::
