[2025-04-24T06:53:48.020+0000] {local_task_job_runner.py:123} INFO - ::group::Pre task execution logs
[2025-04-24T06:53:48.041+0000] {taskinstance.py:2612} INFO - Dependencies all met for dep_context=non-requeueable deps ti=<TaskInstance: dbt_stock_project.dbt_run manual__2025-04-24T06:53:47.151368+00:00 [queued]>
[2025-04-24T06:53:48.051+0000] {taskinstance.py:2612} INFO - Dependencies all met for dep_context=requeueable deps ti=<TaskInstance: dbt_stock_project.dbt_run manual__2025-04-24T06:53:47.151368+00:00 [queued]>
[2025-04-24T06:53:48.053+0000] {taskinstance.py:2865} INFO - Starting attempt 1 of 1
[2025-04-24T06:53:48.070+0000] {taskinstance.py:2888} INFO - Executing <Task(BashOperator): dbt_run> on 2025-04-24 06:53:47.151368+00:00
[2025-04-24T06:53:48.078+0000] {standard_task_runner.py:104} INFO - Running: ['***', 'tasks', 'run', 'dbt_stock_project', 'dbt_run', 'manual__2025-04-24T06:53:47.151368+00:00', '--job-id', '353', '--raw', '--subdir', 'DAGS_FOLDER/226_lab2_elt.py', '--cfg-path', '/tmp/tmp423e90eo']
[2025-04-24T06:53:48.081+0000] {logging_mixin.py:190} WARNING - /home/***/.local/lib/python3.12/site-packages/***/task/task_runner/standard_task_runner.py:70 DeprecationWarning: This process (pid=596) is multi-threaded, use of fork() may lead to deadlocks in the child.
[2025-04-24T06:53:48.082+0000] {standard_task_runner.py:105} INFO - Job 353: Subtask dbt_run
[2025-04-24T06:53:48.083+0000] {standard_task_runner.py:72} INFO - Started process 597 to run task
[2025-04-24T06:53:48.139+0000] {task_command.py:467} INFO - Running <TaskInstance: dbt_stock_project.dbt_run manual__2025-04-24T06:53:47.151368+00:00 [running]> on host e8b5346887eb
[2025-04-24T06:53:48.225+0000] {taskinstance.py:3131} INFO - Exporting env vars: AIRFLOW_CTX_DAG_OWNER='***' AIRFLOW_CTX_DAG_ID='dbt_stock_project' AIRFLOW_CTX_TASK_ID='dbt_run' AIRFLOW_CTX_EXECUTION_DATE='2025-04-24T06:53:47.151368+00:00' AIRFLOW_CTX_TRY_NUMBER='1' AIRFLOW_CTX_DAG_RUN_ID='manual__2025-04-24T06:53:47.151368+00:00'
[2025-04-24T06:53:48.226+0000] {taskinstance.py:731} INFO - ::endgroup::
[2025-04-24T06:53:48.242+0000] {subprocess.py:63} INFO - Tmp dir root location: /tmp
[2025-04-24T06:53:48.243+0000] {subprocess.py:75} INFO - Running command: ['/usr/bin/bash', '-c', '/home/***/.local/bin/dbt run --profiles-dir /home/***/.dbt --project-dir /opt/***/dbt']
[2025-04-24T06:53:48.250+0000] {subprocess.py:86} INFO - Output:
[2025-04-24T06:53:50.165+0000] {subprocess.py:93} INFO - [0m06:53:50  Running with dbt=1.8.7
[2025-04-24T06:53:51.171+0000] {subprocess.py:93} INFO - [0m06:53:51  Registered adapter: snowflake=1.8.1
[2025-04-24T06:53:51.989+0000] {subprocess.py:93} INFO - [0m06:53:51  [[33mWARNING[0m]: Deprecated functionality
[2025-04-24T06:53:51.990+0000] {subprocess.py:93} INFO - The `tests` config has been renamed to `data_tests`. Please see
[2025-04-24T06:53:51.991+0000] {subprocess.py:93} INFO - https://docs.getdbt.com/docs/build/data-tests#new-data_tests-syntax for more
[2025-04-24T06:53:51.991+0000] {subprocess.py:93} INFO - information.
[2025-04-24T06:53:52.504+0000] {subprocess.py:93} INFO - [0m06:53:52  Found 7 models, 32 data tests, 3 sources, 459 macros
[2025-04-24T06:53:52.508+0000] {subprocess.py:93} INFO - [0m06:53:52
[2025-04-24T06:53:54.725+0000] {subprocess.py:93} INFO - [0m06:53:54  Concurrency: 1 threads (target='dev')
[2025-04-24T06:53:54.725+0000] {subprocess.py:93} INFO - [0m06:53:54
[2025-04-24T06:53:54.738+0000] {subprocess.py:93} INFO - [0m06:53:54  1 of 5 START sql table model analytics.actual_vs_forecast ...................... [RUN]
[2025-04-24T06:53:56.591+0000] {subprocess.py:93} INFO - [0m06:53:56  1 of 5 OK created sql table model analytics.actual_vs_forecast ................. [[32mSUCCESS 1[0m in 1.85s]
[2025-04-24T06:53:56.718+0000] {subprocess.py:93} INFO - [0m06:53:56  2 of 5 START sql table model analytics.stock_indicators ........................ [RUN]
[2025-04-24T06:53:58.258+0000] {subprocess.py:93} INFO - [0m06:53:58  2 of 5 OK created sql table model analytics.stock_indicators ................... [[32mSUCCESS 1[0m in 1.54s]
[2025-04-24T06:53:58.261+0000] {subprocess.py:93} INFO - [0m06:53:58  3 of 5 START sql table model analytics.volume_summary .......................... [RUN]
[2025-04-24T06:54:00.088+0000] {subprocess.py:93} INFO - [0m06:54:00  3 of 5 OK created sql table model analytics.volume_summary ..................... [[32mSUCCESS 1[0m in 1.82s]
[2025-04-24T06:54:00.093+0000] {subprocess.py:93} INFO - [0m06:54:00  4 of 5 START sql table model analytics.moving_averages ......................... [RUN]
[2025-04-24T06:54:01.431+0000] {subprocess.py:93} INFO - [0m06:54:01  4 of 5 OK created sql table model analytics.moving_averages .................... [[32mSUCCESS 1[0m in 1.34s]
[2025-04-24T06:54:01.433+0000] {subprocess.py:93} INFO - [0m06:54:01  5 of 5 START sql table model analytics.rsi ..................................... [RUN]
[2025-04-24T06:54:02.495+0000] {subprocess.py:93} INFO - [0m06:54:02  5 of 5 OK created sql table model analytics.rsi ................................ [[32mSUCCESS 1[0m in 1.06s]
[2025-04-24T06:54:02.500+0000] {subprocess.py:93} INFO - [0m06:54:02
[2025-04-24T06:54:02.501+0000] {subprocess.py:93} INFO - [0m06:54:02  Finished running 5 table models in 0 hours 0 minutes and 9.99 seconds (9.99s).
[2025-04-24T06:54:02.603+0000] {subprocess.py:93} INFO - [0m06:54:02
[2025-04-24T06:54:02.604+0000] {subprocess.py:93} INFO - [0m06:54:02  [32mCompleted successfully[0m
[2025-04-24T06:54:02.605+0000] {subprocess.py:93} INFO - [0m06:54:02
[2025-04-24T06:54:02.606+0000] {subprocess.py:93} INFO - [0m06:54:02  Done. PASS=5 WARN=0 ERROR=0 SKIP=0 TOTAL=5
[2025-04-24T06:54:03.483+0000] {subprocess.py:97} INFO - Command exited with return code 0
[2025-04-24T06:54:03.510+0000] {taskinstance.py:340} INFO - ::group::Post task execution logs
[2025-04-24T06:54:03.512+0000] {taskinstance.py:352} INFO - Marking task as SUCCESS. dag_id=dbt_stock_project, task_id=dbt_run, run_id=manual__2025-04-24T06:53:47.151368+00:00, execution_date=20250424T065347, start_date=20250424T065348, end_date=20250424T065403
[2025-04-24T06:54:03.563+0000] {local_task_job_runner.py:266} INFO - Task exited with return code 0
[2025-04-24T06:54:03.590+0000] {taskinstance.py:3900} INFO - 1 downstream tasks scheduled from follow-on schedule check
[2025-04-24T06:54:03.596+0000] {local_task_job_runner.py:245} INFO - ::endgroup::
