[2025-04-24T00:41:30.195+0000] {local_task_job_runner.py:123} INFO - ::group::Pre task execution logs
[2025-04-24T00:41:30.213+0000] {taskinstance.py:2612} INFO - Dependencies all met for dep_context=non-requeueable deps ti=<TaskInstance: dbt_stock_project.dbt_run manual__2025-04-24T00:41:29.206969+00:00 [queued]>
[2025-04-24T00:41:30.224+0000] {taskinstance.py:2612} INFO - Dependencies all met for dep_context=requeueable deps ti=<TaskInstance: dbt_stock_project.dbt_run manual__2025-04-24T00:41:29.206969+00:00 [queued]>
[2025-04-24T00:41:30.227+0000] {taskinstance.py:2865} INFO - Starting attempt 1 of 1
[2025-04-24T00:41:30.244+0000] {taskinstance.py:2888} INFO - Executing <Task(BashOperator): dbt_run> on 2025-04-24 00:41:29.206969+00:00
[2025-04-24T00:41:30.252+0000] {standard_task_runner.py:104} INFO - Running: ['***', 'tasks', 'run', 'dbt_stock_project', 'dbt_run', 'manual__2025-04-24T00:41:29.206969+00:00', '--job-id', '338', '--raw', '--subdir', 'DAGS_FOLDER/226_lab2_elt.py', '--cfg-path', '/tmp/tmp5bx6h1ld']
[2025-04-24T00:41:30.254+0000] {logging_mixin.py:190} WARNING - /home/***/.local/lib/python3.12/site-packages/***/task/task_runner/standard_task_runner.py:70 DeprecationWarning: This process (pid=8034) is multi-threaded, use of fork() may lead to deadlocks in the child.
[2025-04-24T00:41:30.255+0000] {standard_task_runner.py:105} INFO - Job 338: Subtask dbt_run
[2025-04-24T00:41:30.256+0000] {standard_task_runner.py:72} INFO - Started process 8037 to run task
[2025-04-24T00:41:30.310+0000] {task_command.py:467} INFO - Running <TaskInstance: dbt_stock_project.dbt_run manual__2025-04-24T00:41:29.206969+00:00 [running]> on host d01273b1fd04
[2025-04-24T00:41:30.396+0000] {taskinstance.py:3131} INFO - Exporting env vars: AIRFLOW_CTX_DAG_OWNER='***' AIRFLOW_CTX_DAG_ID='dbt_stock_project' AIRFLOW_CTX_TASK_ID='dbt_run' AIRFLOW_CTX_EXECUTION_DATE='2025-04-24T00:41:29.206969+00:00' AIRFLOW_CTX_TRY_NUMBER='1' AIRFLOW_CTX_DAG_RUN_ID='manual__2025-04-24T00:41:29.206969+00:00'
[2025-04-24T00:41:30.398+0000] {taskinstance.py:731} INFO - ::endgroup::
[2025-04-24T00:41:30.412+0000] {subprocess.py:63} INFO - Tmp dir root location: /tmp
[2025-04-24T00:41:30.415+0000] {subprocess.py:75} INFO - Running command: ['/usr/bin/bash', '-c', '/home/***/.local/bin/dbt run --profiles-dir /home/***/.dbt --project-dir /opt/***/dbt']
[2025-04-24T00:41:30.424+0000] {subprocess.py:86} INFO - Output:
[2025-04-24T00:41:32.286+0000] {subprocess.py:93} INFO - [0m00:41:32  Running with dbt=1.8.7
[2025-04-24T00:41:33.254+0000] {subprocess.py:93} INFO - [0m00:41:33  Registered adapter: snowflake=1.8.1
[2025-04-24T00:41:33.945+0000] {subprocess.py:93} INFO - [0m00:41:33  [[33mWARNING[0m]: Deprecated functionality
[2025-04-24T00:41:33.946+0000] {subprocess.py:93} INFO - The `tests` config has been renamed to `data_tests`. Please see
[2025-04-24T00:41:33.947+0000] {subprocess.py:93} INFO - https://docs.getdbt.com/docs/build/data-tests#new-data_tests-syntax for more
[2025-04-24T00:41:33.948+0000] {subprocess.py:93} INFO - information.
[2025-04-24T00:41:34.297+0000] {subprocess.py:93} INFO - [0m00:41:34  Found 6 models, 22 data tests, 3 sources, 459 macros
[2025-04-24T00:41:34.301+0000] {subprocess.py:93} INFO - [0m00:41:34
[2025-04-24T00:41:35.444+0000] {subprocess.py:93} INFO - [0m00:41:35  Concurrency: 1 threads (target='dev')
[2025-04-24T00:41:35.446+0000] {subprocess.py:93} INFO - [0m00:41:35
[2025-04-24T00:41:35.527+0000] {subprocess.py:93} INFO - [0m00:41:35  1 of 4 START sql table model analytics.stock_indicators ........................ [RUN]
[2025-04-24T00:41:36.619+0000] {subprocess.py:93} INFO - [0m00:41:36  1 of 4 OK created sql table model analytics.stock_indicators ................... [[32mSUCCESS 1[0m in 1.09s]
[2025-04-24T00:41:36.623+0000] {subprocess.py:93} INFO - [0m00:41:36  2 of 4 START sql table model analytics.volume_summary .......................... [RUN]
[2025-04-24T00:41:37.640+0000] {subprocess.py:93} INFO - [0m00:41:37  2 of 4 OK created sql table model analytics.volume_summary ..................... [[32mSUCCESS 1[0m in 1.01s]
[2025-04-24T00:41:37.643+0000] {subprocess.py:93} INFO - [0m00:41:37  3 of 4 START sql table model analytics.moving_averages ......................... [RUN]
[2025-04-24T00:41:39.007+0000] {subprocess.py:93} INFO - [0m00:41:39  3 of 4 OK created sql table model analytics.moving_averages .................... [[32mSUCCESS 1[0m in 1.36s]
[2025-04-24T00:41:39.010+0000] {subprocess.py:93} INFO - [0m00:41:39  4 of 4 START sql table model analytics.rsi ..................................... [RUN]
[2025-04-24T00:41:40.224+0000] {subprocess.py:93} INFO - [0m00:41:40  4 of 4 OK created sql table model analytics.rsi ................................ [[32mSUCCESS 1[0m in 1.21s]
[2025-04-24T00:41:40.230+0000] {subprocess.py:93} INFO - [0m00:41:40
[2025-04-24T00:41:40.231+0000] {subprocess.py:93} INFO - [0m00:41:40  Finished running 4 table models in 0 hours 0 minutes and 5.93 seconds (5.93s).
[2025-04-24T00:41:40.448+0000] {subprocess.py:93} INFO - [0m00:41:40
[2025-04-24T00:41:40.449+0000] {subprocess.py:93} INFO - [0m00:41:40  [32mCompleted successfully[0m
[2025-04-24T00:41:40.450+0000] {subprocess.py:93} INFO - [0m00:41:40
[2025-04-24T00:41:40.451+0000] {subprocess.py:93} INFO - [0m00:41:40  Done. PASS=4 WARN=0 ERROR=0 SKIP=0 TOTAL=4
[2025-04-24T00:41:41.281+0000] {subprocess.py:97} INFO - Command exited with return code 0
[2025-04-24T00:41:41.305+0000] {taskinstance.py:340} INFO - ::group::Post task execution logs
[2025-04-24T00:41:41.306+0000] {taskinstance.py:352} INFO - Marking task as SUCCESS. dag_id=dbt_stock_project, task_id=dbt_run, run_id=manual__2025-04-24T00:41:29.206969+00:00, execution_date=20250424T004129, start_date=20250424T004130, end_date=20250424T004141
[2025-04-24T00:41:41.362+0000] {local_task_job_runner.py:266} INFO - Task exited with return code 0
[2025-04-24T00:41:41.385+0000] {taskinstance.py:3900} INFO - 1 downstream tasks scheduled from follow-on schedule check
[2025-04-24T00:41:41.390+0000] {local_task_job_runner.py:245} INFO - ::endgroup::
