[2025-04-24T10:24:01.773+0000] {local_task_job_runner.py:123} INFO - ::group::Pre task execution logs
[2025-04-24T10:24:01.793+0000] {taskinstance.py:2612} INFO - Dependencies all met for dep_context=non-requeueable deps ti=<TaskInstance: dbt_stock_project.dbt_run manual__2025-04-24T10:24:00.497469+00:00 [queued]>
[2025-04-24T10:24:01.803+0000] {taskinstance.py:2612} INFO - Dependencies all met for dep_context=requeueable deps ti=<TaskInstance: dbt_stock_project.dbt_run manual__2025-04-24T10:24:00.497469+00:00 [queued]>
[2025-04-24T10:24:01.805+0000] {taskinstance.py:2865} INFO - Starting attempt 1 of 1
[2025-04-24T10:24:01.820+0000] {taskinstance.py:2888} INFO - Executing <Task(BashOperator): dbt_run> on 2025-04-24 10:24:00.497469+00:00
[2025-04-24T10:24:01.830+0000] {logging_mixin.py:190} WARNING - /home/***/.local/lib/python3.12/site-packages/***/task/task_runner/standard_task_runner.py:70 DeprecationWarning: This process (pid=10768) is multi-threaded, use of fork() may lead to deadlocks in the child.
[2025-04-24T10:24:01.829+0000] {standard_task_runner.py:104} INFO - Running: ['***', 'tasks', 'run', 'dbt_stock_project', 'dbt_run', 'manual__2025-04-24T10:24:00.497469+00:00', '--job-id', '404', '--raw', '--subdir', 'DAGS_FOLDER/226_lab2_elt.py', '--cfg-path', '/tmp/tmp_bt1qj3y']
[2025-04-24T10:24:01.832+0000] {standard_task_runner.py:72} INFO - Started process 10769 to run task
[2025-04-24T10:24:01.833+0000] {standard_task_runner.py:105} INFO - Job 404: Subtask dbt_run
[2025-04-24T10:24:01.887+0000] {task_command.py:467} INFO - Running <TaskInstance: dbt_stock_project.dbt_run manual__2025-04-24T10:24:00.497469+00:00 [running]> on host e8b5346887eb
[2025-04-24T10:24:01.974+0000] {taskinstance.py:3131} INFO - Exporting env vars: AIRFLOW_CTX_DAG_OWNER='***' AIRFLOW_CTX_DAG_ID='dbt_stock_project' AIRFLOW_CTX_TASK_ID='dbt_run' AIRFLOW_CTX_EXECUTION_DATE='2025-04-24T10:24:00.497469+00:00' AIRFLOW_CTX_TRY_NUMBER='1' AIRFLOW_CTX_DAG_RUN_ID='manual__2025-04-24T10:24:00.497469+00:00'
[2025-04-24T10:24:01.975+0000] {taskinstance.py:731} INFO - ::endgroup::
[2025-04-24T10:24:01.992+0000] {subprocess.py:63} INFO - Tmp dir root location: /tmp
[2025-04-24T10:24:01.995+0000] {subprocess.py:75} INFO - Running command: ['/usr/bin/bash', '-c', '/home/***/.local/bin/dbt run --profiles-dir /home/***/.dbt --project-dir /opt/***/dbt']
[2025-04-24T10:24:02.004+0000] {subprocess.py:86} INFO - Output:
[2025-04-24T10:24:04.034+0000] {subprocess.py:93} INFO - [0m10:24:04  Running with dbt=1.8.7
[2025-04-24T10:24:05.029+0000] {subprocess.py:93} INFO - [0m10:24:05  Registered adapter: snowflake=1.8.1
[2025-04-24T10:24:05.889+0000] {subprocess.py:93} INFO - [0m10:24:05  Found 5 models, 10 data tests, 4 snapshots, 3 sources, 459 macros
[2025-04-24T10:24:05.892+0000] {subprocess.py:93} INFO - [0m10:24:05
[2025-04-24T10:24:08.004+0000] {subprocess.py:93} INFO - [0m10:24:08  Concurrency: 1 threads (target='dev')
[2025-04-24T10:24:08.005+0000] {subprocess.py:93} INFO - [0m10:24:08
[2025-04-24T10:24:08.055+0000] {subprocess.py:93} INFO - [0m10:24:08  1 of 4 START sql table model analytics.stock_indicators ........................ [RUN]
[2025-04-24T10:24:09.299+0000] {subprocess.py:93} INFO - [0m10:24:09  1 of 4 OK created sql table model analytics.stock_indicators ................... [[32mSUCCESS 1[0m in 1.24s]
[2025-04-24T10:24:09.303+0000] {subprocess.py:93} INFO - [0m10:24:09  2 of 4 START sql table model analytics.volume_summary .......................... [RUN]
[2025-04-24T10:24:10.562+0000] {subprocess.py:93} INFO - [0m10:24:10  2 of 4 OK created sql table model analytics.volume_summary ..................... [[32mSUCCESS 1[0m in 1.26s]
[2025-04-24T10:24:10.566+0000] {subprocess.py:93} INFO - [0m10:24:10  3 of 4 START sql table model analytics.moving_averages ......................... [RUN]
[2025-04-24T10:24:11.857+0000] {subprocess.py:93} INFO - [0m10:24:11  3 of 4 OK created sql table model analytics.moving_averages .................... [[32mSUCCESS 1[0m in 1.29s]
[2025-04-24T10:24:11.860+0000] {subprocess.py:93} INFO - [0m10:24:11  4 of 4 START sql table model analytics.rsi ..................................... [RUN]
[2025-04-24T10:24:13.210+0000] {subprocess.py:93} INFO - [0m10:24:13  4 of 4 OK created sql table model analytics.rsi ................................ [[32mSUCCESS 1[0m in 1.35s]
[2025-04-24T10:24:13.216+0000] {subprocess.py:93} INFO - [0m10:24:13
[2025-04-24T10:24:13.217+0000] {subprocess.py:93} INFO - [0m10:24:13  Finished running 4 table models in 0 hours 0 minutes and 7.32 seconds (7.32s).
[2025-04-24T10:24:13.322+0000] {subprocess.py:93} INFO - [0m10:24:13
[2025-04-24T10:24:13.323+0000] {subprocess.py:93} INFO - [0m10:24:13  [32mCompleted successfully[0m
[2025-04-24T10:24:13.324+0000] {subprocess.py:93} INFO - [0m10:24:13
[2025-04-24T10:24:13.325+0000] {subprocess.py:93} INFO - [0m10:24:13  Done. PASS=4 WARN=0 ERROR=0 SKIP=0 TOTAL=4
[2025-04-24T10:24:14.207+0000] {subprocess.py:97} INFO - Command exited with return code 0
[2025-04-24T10:24:14.231+0000] {taskinstance.py:340} INFO - ::group::Post task execution logs
[2025-04-24T10:24:14.232+0000] {taskinstance.py:352} INFO - Marking task as SUCCESS. dag_id=dbt_stock_project, task_id=dbt_run, run_id=manual__2025-04-24T10:24:00.497469+00:00, execution_date=20250424T102400, start_date=20250424T102401, end_date=20250424T102414
[2025-04-24T10:24:14.253+0000] {local_task_job_runner.py:266} INFO - Task exited with return code 0
[2025-04-24T10:24:14.285+0000] {taskinstance.py:3900} INFO - 1 downstream tasks scheduled from follow-on schedule check
[2025-04-24T10:24:14.289+0000] {local_task_job_runner.py:245} INFO - ::endgroup::
