[2025-04-24T07:43:39.634+0000] {local_task_job_runner.py:123} INFO - ::group::Pre task execution logs
[2025-04-24T07:43:39.651+0000] {taskinstance.py:2612} INFO - Dependencies all met for dep_context=non-requeueable deps ti=<TaskInstance: dbt_stock_project.dbt_run manual__2025-04-24T07:43:38.803887+00:00 [queued]>
[2025-04-24T07:43:39.659+0000] {taskinstance.py:2612} INFO - Dependencies all met for dep_context=requeueable deps ti=<TaskInstance: dbt_stock_project.dbt_run manual__2025-04-24T07:43:38.803887+00:00 [queued]>
[2025-04-24T07:43:39.661+0000] {taskinstance.py:2865} INFO - Starting attempt 1 of 1
[2025-04-24T07:43:39.675+0000] {taskinstance.py:2888} INFO - Executing <Task(BashOperator): dbt_run> on 2025-04-24 07:43:38.803887+00:00
[2025-04-24T07:43:39.683+0000] {standard_task_runner.py:104} INFO - Running: ['***', 'tasks', 'run', 'dbt_stock_project', 'dbt_run', 'manual__2025-04-24T07:43:38.803887+00:00', '--job-id', '364', '--raw', '--subdir', 'DAGS_FOLDER/226_lab2_elt.py', '--cfg-path', '/tmp/tmppwjqy2xp']
[2025-04-24T07:43:39.686+0000] {standard_task_runner.py:105} INFO - Job 364: Subtask dbt_run
[2025-04-24T07:43:39.686+0000] {logging_mixin.py:190} WARNING - /home/***/.local/lib/python3.12/site-packages/***/task/task_runner/standard_task_runner.py:70 DeprecationWarning: This process (pid=3049) is multi-threaded, use of fork() may lead to deadlocks in the child.
[2025-04-24T07:43:39.688+0000] {standard_task_runner.py:72} INFO - Started process 3050 to run task
[2025-04-24T07:43:39.736+0000] {task_command.py:467} INFO - Running <TaskInstance: dbt_stock_project.dbt_run manual__2025-04-24T07:43:38.803887+00:00 [running]> on host e8b5346887eb
[2025-04-24T07:43:39.824+0000] {taskinstance.py:3131} INFO - Exporting env vars: AIRFLOW_CTX_DAG_OWNER='***' AIRFLOW_CTX_DAG_ID='dbt_stock_project' AIRFLOW_CTX_TASK_ID='dbt_run' AIRFLOW_CTX_EXECUTION_DATE='2025-04-24T07:43:38.803887+00:00' AIRFLOW_CTX_TRY_NUMBER='1' AIRFLOW_CTX_DAG_RUN_ID='manual__2025-04-24T07:43:38.803887+00:00'
[2025-04-24T07:43:39.826+0000] {taskinstance.py:731} INFO - ::endgroup::
[2025-04-24T07:43:39.843+0000] {subprocess.py:63} INFO - Tmp dir root location: /tmp
[2025-04-24T07:43:39.845+0000] {subprocess.py:75} INFO - Running command: ['/usr/bin/bash', '-c', '/home/***/.local/bin/dbt run --profiles-dir /home/***/.dbt --project-dir /opt/***/dbt']
[2025-04-24T07:43:39.854+0000] {subprocess.py:86} INFO - Output:
[2025-04-24T07:43:41.686+0000] {subprocess.py:93} INFO - [0m07:43:41  Running with dbt=1.8.7
[2025-04-24T07:43:42.695+0000] {subprocess.py:93} INFO - [0m07:43:42  Registered adapter: snowflake=1.8.1
[2025-04-24T07:43:43.649+0000] {subprocess.py:93} INFO - [0m07:43:43  Found 7 models, 12 data tests, 3 sources, 459 macros
[2025-04-24T07:43:43.652+0000] {subprocess.py:93} INFO - [0m07:43:43
[2025-04-24T07:43:45.117+0000] {subprocess.py:93} INFO - [0m07:43:45  Concurrency: 1 threads (target='dev')
[2025-04-24T07:43:45.118+0000] {subprocess.py:93} INFO - [0m07:43:45
[2025-04-24T07:43:45.128+0000] {subprocess.py:93} INFO - [0m07:43:45  1 of 5 START sql table model analytics.actual_vs_forecast ...................... [RUN]
[2025-04-24T07:43:46.687+0000] {subprocess.py:93} INFO - [0m07:43:46  1 of 5 OK created sql table model analytics.actual_vs_forecast ................. [[32mSUCCESS 1[0m in 1.55s]
[2025-04-24T07:43:46.758+0000] {subprocess.py:93} INFO - [0m07:43:46  2 of 5 START sql table model analytics.stock_indicators ........................ [RUN]
[2025-04-24T07:43:47.985+0000] {subprocess.py:93} INFO - [0m07:43:47  2 of 5 OK created sql table model analytics.stock_indicators ................... [[32mSUCCESS 1[0m in 1.22s]
[2025-04-24T07:43:47.990+0000] {subprocess.py:93} INFO - [0m07:43:47  3 of 5 START sql table model analytics.volume_summary .......................... [RUN]
[2025-04-24T07:43:49.160+0000] {subprocess.py:93} INFO - [0m07:43:49  3 of 5 OK created sql table model analytics.volume_summary ..................... [[32mSUCCESS 1[0m in 1.17s]
[2025-04-24T07:43:49.163+0000] {subprocess.py:93} INFO - [0m07:43:49  4 of 5 START sql table model analytics.moving_averages ......................... [RUN]
[2025-04-24T07:43:50.361+0000] {subprocess.py:93} INFO - [0m07:43:50  4 of 5 OK created sql table model analytics.moving_averages .................... [[32mSUCCESS 1[0m in 1.20s]
[2025-04-24T07:43:50.364+0000] {subprocess.py:93} INFO - [0m07:43:50  5 of 5 START sql table model analytics.rsi ..................................... [RUN]
[2025-04-24T07:43:51.540+0000] {subprocess.py:93} INFO - [0m07:43:51  5 of 5 OK created sql table model analytics.rsi ................................ [[32mSUCCESS 1[0m in 1.17s]
[2025-04-24T07:43:51.546+0000] {subprocess.py:93} INFO - [0m07:43:51
[2025-04-24T07:43:51.547+0000] {subprocess.py:93} INFO - [0m07:43:51  Finished running 5 table models in 0 hours 0 minutes and 7.89 seconds (7.89s).
[2025-04-24T07:43:51.673+0000] {subprocess.py:93} INFO - [0m07:43:51
[2025-04-24T07:43:51.674+0000] {subprocess.py:93} INFO - [0m07:43:51  [32mCompleted successfully[0m
[2025-04-24T07:43:51.675+0000] {subprocess.py:93} INFO - [0m07:43:51
[2025-04-24T07:43:51.676+0000] {subprocess.py:93} INFO - [0m07:43:51  Done. PASS=5 WARN=0 ERROR=0 SKIP=0 TOTAL=5
[2025-04-24T07:43:52.551+0000] {subprocess.py:97} INFO - Command exited with return code 0
[2025-04-24T07:43:52.581+0000] {taskinstance.py:340} INFO - ::group::Post task execution logs
[2025-04-24T07:43:52.582+0000] {taskinstance.py:352} INFO - Marking task as SUCCESS. dag_id=dbt_stock_project, task_id=dbt_run, run_id=manual__2025-04-24T07:43:38.803887+00:00, execution_date=20250424T074338, start_date=20250424T074339, end_date=20250424T074352
[2025-04-24T07:43:52.611+0000] {local_task_job_runner.py:266} INFO - Task exited with return code 0
[2025-04-24T07:43:52.635+0000] {taskinstance.py:3900} INFO - 1 downstream tasks scheduled from follow-on schedule check
[2025-04-24T07:43:52.637+0000] {local_task_job_runner.py:245} INFO - ::endgroup::
