[2025-04-23T23:40:27.431+0000] {local_task_job_runner.py:123} INFO - ::group::Pre task execution logs
[2025-04-23T23:40:27.449+0000] {taskinstance.py:2612} INFO - Dependencies all met for dep_context=non-requeueable deps ti=<TaskInstance: dbt_stock_project.dbt_run manual__2025-04-23T23:40:26.544768+00:00 [queued]>
[2025-04-23T23:40:27.459+0000] {taskinstance.py:2612} INFO - Dependencies all met for dep_context=requeueable deps ti=<TaskInstance: dbt_stock_project.dbt_run manual__2025-04-23T23:40:26.544768+00:00 [queued]>
[2025-04-23T23:40:27.461+0000] {taskinstance.py:2865} INFO - Starting attempt 1 of 1
[2025-04-23T23:40:27.476+0000] {taskinstance.py:2888} INFO - Executing <Task(BashOperator): dbt_run> on 2025-04-23 23:40:26.544768+00:00
[2025-04-23T23:40:27.484+0000] {standard_task_runner.py:104} INFO - Running: ['***', 'tasks', 'run', 'dbt_stock_project', 'dbt_run', 'manual__2025-04-23T23:40:26.544768+00:00', '--job-id', '313', '--raw', '--subdir', 'DAGS_FOLDER/226_lab2_elt.py', '--cfg-path', '/tmp/tmp1opi7nqx']
[2025-04-23T23:40:27.486+0000] {logging_mixin.py:190} WARNING - /home/***/.local/lib/python3.12/site-packages/***/task/task_runner/standard_task_runner.py:70 DeprecationWarning: This process (pid=4741) is multi-threaded, use of fork() may lead to deadlocks in the child.
[2025-04-23T23:40:27.487+0000] {standard_task_runner.py:105} INFO - Job 313: Subtask dbt_run
[2025-04-23T23:40:27.488+0000] {standard_task_runner.py:72} INFO - Started process 4742 to run task
[2025-04-23T23:40:27.542+0000] {task_command.py:467} INFO - Running <TaskInstance: dbt_stock_project.dbt_run manual__2025-04-23T23:40:26.544768+00:00 [running]> on host d01273b1fd04
[2025-04-23T23:40:27.630+0000] {taskinstance.py:3131} INFO - Exporting env vars: AIRFLOW_CTX_DAG_OWNER='***' AIRFLOW_CTX_DAG_ID='dbt_stock_project' AIRFLOW_CTX_TASK_ID='dbt_run' AIRFLOW_CTX_EXECUTION_DATE='2025-04-23T23:40:26.544768+00:00' AIRFLOW_CTX_TRY_NUMBER='1' AIRFLOW_CTX_DAG_RUN_ID='manual__2025-04-23T23:40:26.544768+00:00'
[2025-04-23T23:40:27.631+0000] {taskinstance.py:731} INFO - ::endgroup::
[2025-04-23T23:40:27.657+0000] {subprocess.py:63} INFO - Tmp dir root location: /tmp
[2025-04-23T23:40:27.658+0000] {subprocess.py:75} INFO - Running command: ['/usr/bin/bash', '-c', '/home/***/.local/bin/dbt run --profiles-dir /home/***/.dbt --project-dir /opt/***/dbt']
[2025-04-23T23:40:27.670+0000] {subprocess.py:86} INFO - Output:
[2025-04-23T23:40:30.600+0000] {subprocess.py:93} INFO - [0m23:40:30  Running with dbt=1.8.7
[2025-04-23T23:40:32.433+0000] {subprocess.py:93} INFO - [0m23:40:32  Registered adapter: snowflake=1.8.1
[2025-04-23T23:40:33.187+0000] {subprocess.py:93} INFO - [0m23:40:33  [[33mWARNING[0m]: Deprecated functionality
[2025-04-23T23:40:33.188+0000] {subprocess.py:93} INFO - The `tests` config has been renamed to `data_tests`. Please see
[2025-04-23T23:40:33.189+0000] {subprocess.py:93} INFO - https://docs.getdbt.com/docs/build/data-tests#new-data_tests-syntax for more
[2025-04-23T23:40:33.191+0000] {subprocess.py:93} INFO - information.
[2025-04-23T23:40:33.658+0000] {subprocess.py:93} INFO - [0m23:40:33  Found 6 models, 27 data tests, 3 sources, 459 macros
[2025-04-23T23:40:33.662+0000] {subprocess.py:93} INFO - [0m23:40:33
[2025-04-23T23:40:34.941+0000] {subprocess.py:93} INFO - [0m23:40:34  Concurrency: 1 threads (target='dev')
[2025-04-23T23:40:34.942+0000] {subprocess.py:93} INFO - [0m23:40:34
[2025-04-23T23:40:35.007+0000] {subprocess.py:93} INFO - [0m23:40:35  1 of 4 START sql table model analytics.stock_indicators ........................ [RUN]
[2025-04-23T23:40:36.343+0000] {subprocess.py:93} INFO - [0m23:40:36  1 of 4 OK created sql table model analytics.stock_indicators ................... [[32mSUCCESS 1[0m in 1.33s]
[2025-04-23T23:40:36.346+0000] {subprocess.py:93} INFO - [0m23:40:36  2 of 4 START sql table model analytics.volume_summary .......................... [RUN]
[2025-04-23T23:40:37.419+0000] {subprocess.py:93} INFO - [0m23:40:37  2 of 4 OK created sql table model analytics.volume_summary ..................... [[32mSUCCESS 1[0m in 1.07s]
[2025-04-23T23:40:37.422+0000] {subprocess.py:93} INFO - [0m23:40:37  3 of 4 START sql table model analytics.moving_averages ......................... [RUN]
[2025-04-23T23:40:38.954+0000] {subprocess.py:93} INFO - [0m23:40:38  3 of 4 OK created sql table model analytics.moving_averages .................... [[32mSUCCESS 1[0m in 1.53s]
[2025-04-23T23:40:38.958+0000] {subprocess.py:93} INFO - [0m23:40:38  4 of 4 START sql table model analytics.rsi ..................................... [RUN]
[2025-04-23T23:40:40.519+0000] {subprocess.py:93} INFO - [0m23:40:40  4 of 4 OK created sql table model analytics.rsi ................................ [[32mSUCCESS 1[0m in 1.56s]
[2025-04-23T23:40:40.525+0000] {subprocess.py:93} INFO - [0m23:40:40
[2025-04-23T23:40:40.526+0000] {subprocess.py:93} INFO - [0m23:40:40  Finished running 4 table models in 0 hours 0 minutes and 6.86 seconds (6.86s).
[2025-04-23T23:40:40.646+0000] {subprocess.py:93} INFO - [0m23:40:40
[2025-04-23T23:40:40.647+0000] {subprocess.py:93} INFO - [0m23:40:40  [32mCompleted successfully[0m
[2025-04-23T23:40:40.648+0000] {subprocess.py:93} INFO - [0m23:40:40
[2025-04-23T23:40:40.649+0000] {subprocess.py:93} INFO - [0m23:40:40  Done. PASS=4 WARN=0 ERROR=0 SKIP=0 TOTAL=4
[2025-04-23T23:40:41.582+0000] {subprocess.py:97} INFO - Command exited with return code 0
[2025-04-23T23:40:41.609+0000] {taskinstance.py:340} INFO - ::group::Post task execution logs
[2025-04-23T23:40:41.610+0000] {taskinstance.py:352} INFO - Marking task as SUCCESS. dag_id=dbt_stock_project, task_id=dbt_run, run_id=manual__2025-04-23T23:40:26.544768+00:00, execution_date=20250423T234026, start_date=20250423T234027, end_date=20250423T234041
[2025-04-23T23:40:41.665+0000] {local_task_job_runner.py:266} INFO - Task exited with return code 0
[2025-04-23T23:40:41.689+0000] {taskinstance.py:3900} INFO - 1 downstream tasks scheduled from follow-on schedule check
[2025-04-23T23:40:41.692+0000] {local_task_job_runner.py:245} INFO - ::endgroup::
