[2025-04-24T10:24:29.519+0000] {local_task_job_runner.py:123} INFO - ::group::Pre task execution logs
[2025-04-24T10:24:29.540+0000] {taskinstance.py:2612} INFO - Dependencies all met for dep_context=non-requeueable deps ti=<TaskInstance: dbt_stock_project.dbt_snapshot manual__2025-04-24T10:24:00.497469+00:00 [queued]>
[2025-04-24T10:24:29.551+0000] {taskinstance.py:2612} INFO - Dependencies all met for dep_context=requeueable deps ti=<TaskInstance: dbt_stock_project.dbt_snapshot manual__2025-04-24T10:24:00.497469+00:00 [queued]>
[2025-04-24T10:24:29.553+0000] {taskinstance.py:2865} INFO - Starting attempt 1 of 1
[2025-04-24T10:24:29.568+0000] {taskinstance.py:2888} INFO - Executing <Task(BashOperator): dbt_snapshot> on 2025-04-24 10:24:00.497469+00:00
[2025-04-24T10:24:29.578+0000] {logging_mixin.py:190} WARNING - /home/***/.local/lib/python3.12/site-packages/***/task/task_runner/standard_task_runner.py:70 DeprecationWarning: This process (pid=10844) is multi-threaded, use of fork() may lead to deadlocks in the child.
[2025-04-24T10:24:29.577+0000] {standard_task_runner.py:104} INFO - Running: ['***', 'tasks', 'run', 'dbt_stock_project', 'dbt_snapshot', 'manual__2025-04-24T10:24:00.497469+00:00', '--job-id', '406', '--raw', '--subdir', 'DAGS_FOLDER/226_lab2_elt.py', '--cfg-path', '/tmp/tmpfc2br64i']
[2025-04-24T10:24:29.580+0000] {standard_task_runner.py:72} INFO - Started process 10845 to run task
[2025-04-24T10:24:29.580+0000] {standard_task_runner.py:105} INFO - Job 406: Subtask dbt_snapshot
[2025-04-24T10:24:29.633+0000] {task_command.py:467} INFO - Running <TaskInstance: dbt_stock_project.dbt_snapshot manual__2025-04-24T10:24:00.497469+00:00 [running]> on host e8b5346887eb
[2025-04-24T10:24:29.707+0000] {taskinstance.py:3131} INFO - Exporting env vars: AIRFLOW_CTX_DAG_OWNER='***' AIRFLOW_CTX_DAG_ID='dbt_stock_project' AIRFLOW_CTX_TASK_ID='dbt_snapshot' AIRFLOW_CTX_EXECUTION_DATE='2025-04-24T10:24:00.497469+00:00' AIRFLOW_CTX_TRY_NUMBER='1' AIRFLOW_CTX_DAG_RUN_ID='manual__2025-04-24T10:24:00.497469+00:00'
[2025-04-24T10:24:29.708+0000] {taskinstance.py:731} INFO - ::endgroup::
[2025-04-24T10:24:29.722+0000] {subprocess.py:63} INFO - Tmp dir root location: /tmp
[2025-04-24T10:24:29.724+0000] {subprocess.py:75} INFO - Running command: ['/usr/bin/bash', '-c', '/home/***/.local/bin/dbt snapshot --profiles-dir /home/***/.dbt --project-dir /opt/***/dbt']
[2025-04-24T10:24:29.733+0000] {subprocess.py:86} INFO - Output:
[2025-04-24T10:24:31.570+0000] {subprocess.py:93} INFO - [0m10:24:31  Running with dbt=1.8.7
[2025-04-24T10:24:32.558+0000] {subprocess.py:93} INFO - [0m10:24:32  Registered adapter: snowflake=1.8.1
[2025-04-24T10:24:33.356+0000] {subprocess.py:93} INFO - [0m10:24:33  Found 5 models, 10 data tests, 4 snapshots, 3 sources, 459 macros
[2025-04-24T10:24:33.359+0000] {subprocess.py:93} INFO - [0m10:24:33
[2025-04-24T10:24:36.051+0000] {subprocess.py:93} INFO - [0m10:24:36  Concurrency: 1 threads (target='dev')
[2025-04-24T10:24:36.052+0000] {subprocess.py:93} INFO - [0m10:24:36
[2025-04-24T10:24:36.063+0000] {subprocess.py:93} INFO - [0m10:24:36  1 of 4 START snapshot snapshots.moving_averages_snapshot ....................... [RUN]
[2025-04-24T10:24:40.203+0000] {subprocess.py:93} INFO - [0m10:24:40  1 of 4 OK snapshotted snapshots.moving_averages_snapshot ....................... [[32mSUCCESS 0[0m in 4.14s]
[2025-04-24T10:24:40.206+0000] {subprocess.py:93} INFO - [0m10:24:40  2 of 4 START snapshot snapshots.rsi_snapshot ................................... [RUN]
[2025-04-24T10:24:43.666+0000] {subprocess.py:93} INFO - [0m10:24:43  2 of 4 OK snapshotted snapshots.rsi_snapshot ................................... [[32mSUCCESS 0[0m in 3.46s]
[2025-04-24T10:24:43.669+0000] {subprocess.py:93} INFO - [0m10:24:43  3 of 4 START snapshot snapshots.stock_data_snapshot ............................ [RUN]
[2025-04-24T10:24:47.635+0000] {subprocess.py:93} INFO - [0m10:24:47  3 of 4 OK snapshotted snapshots.stock_data_snapshot ............................ [[32mSUCCESS 0[0m in 3.96s]
[2025-04-24T10:24:47.639+0000] {subprocess.py:93} INFO - [0m10:24:47  4 of 4 START snapshot snapshots.weekly_volume_snapshot ......................... [RUN]
[2025-04-24T10:24:51.173+0000] {subprocess.py:93} INFO - [0m10:24:51  4 of 4 OK snapshotted snapshots.weekly_volume_snapshot ......................... [[32mSUCCESS 0[0m in 3.53s]
[2025-04-24T10:24:51.178+0000] {subprocess.py:93} INFO - [0m10:24:51
[2025-04-24T10:24:51.179+0000] {subprocess.py:93} INFO - [0m10:24:51  Finished running 4 snapshots in 0 hours 0 minutes and 17.82 seconds (17.82s).
[2025-04-24T10:24:51.277+0000] {subprocess.py:93} INFO - [0m10:24:51
[2025-04-24T10:24:51.278+0000] {subprocess.py:93} INFO - [0m10:24:51  [32mCompleted successfully[0m
[2025-04-24T10:24:51.280+0000] {subprocess.py:93} INFO - [0m10:24:51
[2025-04-24T10:24:51.282+0000] {subprocess.py:93} INFO - [0m10:24:51  Done. PASS=4 WARN=0 ERROR=0 SKIP=0 TOTAL=4
[2025-04-24T10:24:52.175+0000] {subprocess.py:97} INFO - Command exited with return code 0
[2025-04-24T10:24:52.204+0000] {taskinstance.py:340} INFO - ::group::Post task execution logs
[2025-04-24T10:24:52.205+0000] {taskinstance.py:352} INFO - Marking task as SUCCESS. dag_id=dbt_stock_project, task_id=dbt_snapshot, run_id=manual__2025-04-24T10:24:00.497469+00:00, execution_date=20250424T102400, start_date=20250424T102429, end_date=20250424T102452
[2025-04-24T10:24:52.237+0000] {local_task_job_runner.py:266} INFO - Task exited with return code 0
[2025-04-24T10:24:52.254+0000] {taskinstance.py:3900} INFO - 0 downstream tasks scheduled from follow-on schedule check
[2025-04-24T10:24:52.257+0000] {local_task_job_runner.py:245} INFO - ::endgroup::
