[2025-04-22T15:19:42.408+0000] {local_task_job_runner.py:123} INFO - ::group::Pre task execution logs
[2025-04-22T15:19:42.428+0000] {taskinstance.py:2612} INFO - Dependencies all met for dep_context=non-requeueable deps ti=<TaskInstance: dbt_stock_project.dbt_run manual__2025-04-22T15:19:41.305296+00:00 [queued]>
[2025-04-22T15:19:42.437+0000] {taskinstance.py:2612} INFO - Dependencies all met for dep_context=requeueable deps ti=<TaskInstance: dbt_stock_project.dbt_run manual__2025-04-22T15:19:41.305296+00:00 [queued]>
[2025-04-22T15:19:42.439+0000] {taskinstance.py:2865} INFO - Starting attempt 1 of 1
[2025-04-22T15:19:42.454+0000] {taskinstance.py:2888} INFO - Executing <Task(BashOperator): dbt_run> on 2025-04-22 15:19:41.305296+00:00
[2025-04-22T15:19:42.463+0000] {standard_task_runner.py:104} INFO - Running: ['***', 'tasks', 'run', 'dbt_stock_project', 'dbt_run', 'manual__2025-04-22T15:19:41.305296+00:00', '--job-id', '281', '--raw', '--subdir', 'DAGS_FOLDER/226_lab2_elt.py', '--cfg-path', '/tmp/tmp1cwgdllg']
[2025-04-22T15:19:42.466+0000] {logging_mixin.py:190} WARNING - /home/***/.local/lib/python3.12/site-packages/***/task/task_runner/standard_task_runner.py:70 DeprecationWarning: This process (pid=312) is multi-threaded, use of fork() may lead to deadlocks in the child.
[2025-04-22T15:19:42.467+0000] {standard_task_runner.py:105} INFO - Job 281: Subtask dbt_run
[2025-04-22T15:19:42.468+0000] {standard_task_runner.py:72} INFO - Started process 313 to run task
[2025-04-22T15:19:42.527+0000] {task_command.py:467} INFO - Running <TaskInstance: dbt_stock_project.dbt_run manual__2025-04-22T15:19:41.305296+00:00 [running]> on host 9d71c5fa265e
[2025-04-22T15:19:42.631+0000] {taskinstance.py:3131} INFO - Exporting env vars: AIRFLOW_CTX_DAG_OWNER='***' AIRFLOW_CTX_DAG_ID='dbt_stock_project' AIRFLOW_CTX_TASK_ID='dbt_run' AIRFLOW_CTX_EXECUTION_DATE='2025-04-22T15:19:41.305296+00:00' AIRFLOW_CTX_TRY_NUMBER='1' AIRFLOW_CTX_DAG_RUN_ID='manual__2025-04-22T15:19:41.305296+00:00'
[2025-04-22T15:19:42.633+0000] {taskinstance.py:731} INFO - ::endgroup::
[2025-04-22T15:19:42.660+0000] {subprocess.py:63} INFO - Tmp dir root location: /tmp
[2025-04-22T15:19:42.662+0000] {subprocess.py:75} INFO - Running command: ['/usr/bin/bash', '-c', '/home/***/.local/bin/dbt run --profiles-dir /home/***/.dbt --project-dir /opt/***/dbt']
[2025-04-22T15:19:42.670+0000] {subprocess.py:86} INFO - Output:
[2025-04-22T15:19:45.935+0000] {subprocess.py:93} INFO - [0m15:19:45  Running with dbt=1.8.7
[2025-04-22T15:19:47.664+0000] {subprocess.py:93} INFO - [0m15:19:47  Registered adapter: snowflake=1.8.1
[2025-04-22T15:19:47.779+0000] {subprocess.py:93} INFO - [0m15:19:47  Unable to do partial parsing because saved manifest not found. Starting full parse.
[2025-04-22T15:19:49.612+0000] {subprocess.py:93} INFO - [0m15:19:49  [[33mWARNING[0m]: Deprecated functionality
[2025-04-22T15:19:49.614+0000] {subprocess.py:93} INFO - The `tests` config has been renamed to `data_tests`. Please see
[2025-04-22T15:19:49.614+0000] {subprocess.py:93} INFO - https://docs.getdbt.com/docs/build/data-tests#new-data_tests-syntax for more
[2025-04-22T15:19:49.615+0000] {subprocess.py:93} INFO - information.
[2025-04-22T15:19:50.097+0000] {subprocess.py:93} INFO - [0m15:19:50  Found 5 models, 9 data tests, 3 sources, 459 macros
[2025-04-22T15:19:50.101+0000] {subprocess.py:93} INFO - [0m15:19:50
[2025-04-22T15:19:52.550+0000] {subprocess.py:93} INFO - [0m15:19:52  Concurrency: 1 threads (target='dev')
[2025-04-22T15:19:52.551+0000] {subprocess.py:93} INFO - [0m15:19:52
[2025-04-22T15:19:52.565+0000] {subprocess.py:93} INFO - [0m15:19:52  1 of 3 START sql table model analytics.actual_vs_forecast ...................... [RUN]
[2025-04-22T15:19:55.004+0000] {subprocess.py:93} INFO - [0m15:19:55  1 of 3 OK created sql table model analytics.actual_vs_forecast ................. [[32mSUCCESS 1[0m in 2.43s]
[2025-04-22T15:19:55.079+0000] {subprocess.py:93} INFO - [0m15:19:55  2 of 3 START sql table model analytics.stock_indicators ........................ [RUN]
[2025-04-22T15:19:57.012+0000] {subprocess.py:93} INFO - [0m15:19:57  2 of 3 OK created sql table model analytics.stock_indicators ................... [[32mSUCCESS 1[0m in 1.93s]
[2025-04-22T15:19:57.016+0000] {subprocess.py:93} INFO - [0m15:19:57  3 of 3 START sql table model analytics.volume_summary .......................... [RUN]
[2025-04-22T15:19:58.422+0000] {subprocess.py:93} INFO - [0m15:19:58  3 of 3 OK created sql table model analytics.volume_summary ..................... [[32mSUCCESS 1[0m in 1.40s]
[2025-04-22T15:19:58.429+0000] {subprocess.py:93} INFO - [0m15:19:58
[2025-04-22T15:19:58.430+0000] {subprocess.py:93} INFO - [0m15:19:58  Finished running 3 table models in 0 hours 0 minutes and 8.33 seconds (8.33s).
[2025-04-22T15:19:58.544+0000] {subprocess.py:93} INFO - [0m15:19:58
[2025-04-22T15:19:58.545+0000] {subprocess.py:93} INFO - [0m15:19:58  [32mCompleted successfully[0m
[2025-04-22T15:19:58.545+0000] {subprocess.py:93} INFO - [0m15:19:58
[2025-04-22T15:19:58.546+0000] {subprocess.py:93} INFO - [0m15:19:58  Done. PASS=3 WARN=0 ERROR=0 SKIP=0 TOTAL=3
[2025-04-22T15:19:59.541+0000] {subprocess.py:97} INFO - Command exited with return code 0
[2025-04-22T15:19:59.570+0000] {taskinstance.py:340} INFO - ::group::Post task execution logs
[2025-04-22T15:19:59.572+0000] {taskinstance.py:352} INFO - Marking task as SUCCESS. dag_id=dbt_stock_project, task_id=dbt_run, run_id=manual__2025-04-22T15:19:41.305296+00:00, execution_date=20250422T151941, start_date=20250422T151942, end_date=20250422T151959
[2025-04-22T15:19:59.617+0000] {local_task_job_runner.py:266} INFO - Task exited with return code 0
[2025-04-22T15:19:59.640+0000] {taskinstance.py:3900} INFO - 1 downstream tasks scheduled from follow-on schedule check
[2025-04-22T15:19:59.644+0000] {local_task_job_runner.py:245} INFO - ::endgroup::
