[2025-04-24T07:58:09.040+0000] {local_task_job_runner.py:123} INFO - ::group::Pre task execution logs
[2025-04-24T07:58:09.058+0000] {taskinstance.py:2612} INFO - Dependencies all met for dep_context=non-requeueable deps ti=<TaskInstance: dbt_stock_project.dbt_run manual__2025-04-24T07:58:07.855427+00:00 [queued]>
[2025-04-24T07:58:09.067+0000] {taskinstance.py:2612} INFO - Dependencies all met for dep_context=requeueable deps ti=<TaskInstance: dbt_stock_project.dbt_run manual__2025-04-24T07:58:07.855427+00:00 [queued]>
[2025-04-24T07:58:09.069+0000] {taskinstance.py:2865} INFO - Starting attempt 1 of 1
[2025-04-24T07:58:09.083+0000] {taskinstance.py:2888} INFO - Executing <Task(BashOperator): dbt_run> on 2025-04-24 07:58:07.855427+00:00
[2025-04-24T07:58:09.090+0000] {standard_task_runner.py:104} INFO - Running: ['***', 'tasks', 'run', 'dbt_stock_project', 'dbt_run', 'manual__2025-04-24T07:58:07.855427+00:00', '--job-id', '368', '--raw', '--subdir', 'DAGS_FOLDER/226_lab2_elt.py', '--cfg-path', '/tmp/tmp3pfo_0p_']
[2025-04-24T07:58:09.093+0000] {logging_mixin.py:190} WARNING - /home/***/.local/lib/python3.12/site-packages/***/task/task_runner/standard_task_runner.py:70 DeprecationWarning: This process (pid=3775) is multi-threaded, use of fork() may lead to deadlocks in the child.
[2025-04-24T07:58:09.094+0000] {standard_task_runner.py:105} INFO - Job 368: Subtask dbt_run
[2025-04-24T07:58:09.095+0000] {standard_task_runner.py:72} INFO - Started process 3776 to run task
[2025-04-24T07:58:09.149+0000] {task_command.py:467} INFO - Running <TaskInstance: dbt_stock_project.dbt_run manual__2025-04-24T07:58:07.855427+00:00 [running]> on host e8b5346887eb
[2025-04-24T07:58:09.250+0000] {taskinstance.py:3131} INFO - Exporting env vars: AIRFLOW_CTX_DAG_OWNER='***' AIRFLOW_CTX_DAG_ID='dbt_stock_project' AIRFLOW_CTX_TASK_ID='dbt_run' AIRFLOW_CTX_EXECUTION_DATE='2025-04-24T07:58:07.855427+00:00' AIRFLOW_CTX_TRY_NUMBER='1' AIRFLOW_CTX_DAG_RUN_ID='manual__2025-04-24T07:58:07.855427+00:00'
[2025-04-24T07:58:09.252+0000] {taskinstance.py:731} INFO - ::endgroup::
[2025-04-24T07:58:09.274+0000] {subprocess.py:63} INFO - Tmp dir root location: /tmp
[2025-04-24T07:58:09.276+0000] {subprocess.py:75} INFO - Running command: ['/usr/bin/bash', '-c', '/home/***/.local/bin/dbt run --profiles-dir /home/***/.dbt --project-dir /opt/***/dbt']
[2025-04-24T07:58:09.286+0000] {subprocess.py:86} INFO - Output:
[2025-04-24T07:58:11.373+0000] {subprocess.py:93} INFO - [0m07:58:11  Running with dbt=1.8.7
[2025-04-24T07:58:12.339+0000] {subprocess.py:93} INFO - [0m07:58:12  Registered adapter: snowflake=1.8.1
[2025-04-24T07:58:13.170+0000] {subprocess.py:93} INFO - [0m07:58:13  Found 7 models, 10 data tests, 3 sources, 459 macros
[2025-04-24T07:58:13.173+0000] {subprocess.py:93} INFO - [0m07:58:13
[2025-04-24T07:58:14.678+0000] {subprocess.py:93} INFO - [0m07:58:14  Concurrency: 1 threads (target='dev')
[2025-04-24T07:58:14.679+0000] {subprocess.py:93} INFO - [0m07:58:14
[2025-04-24T07:58:14.689+0000] {subprocess.py:93} INFO - [0m07:58:14  1 of 5 START sql table model analytics.actual_vs_forecast ...................... [RUN]
[2025-04-24T07:58:16.207+0000] {subprocess.py:93} INFO - [0m07:58:16  1 of 5 OK created sql table model analytics.actual_vs_forecast ................. [[32mSUCCESS 1[0m in 1.51s]
[2025-04-24T07:58:16.256+0000] {subprocess.py:93} INFO - [0m07:58:16  2 of 5 START sql table model analytics.stock_indicators ........................ [RUN]
[2025-04-24T07:58:17.505+0000] {subprocess.py:93} INFO - [0m07:58:17  2 of 5 OK created sql table model analytics.stock_indicators ................... [[32mSUCCESS 1[0m in 1.25s]
[2025-04-24T07:58:17.509+0000] {subprocess.py:93} INFO - [0m07:58:17  3 of 5 START sql table model analytics.volume_summary .......................... [RUN]
[2025-04-24T07:58:18.633+0000] {subprocess.py:93} INFO - [0m07:58:18  3 of 5 OK created sql table model analytics.volume_summary ..................... [[32mSUCCESS 1[0m in 1.12s]
[2025-04-24T07:58:18.636+0000] {subprocess.py:93} INFO - [0m07:58:18  4 of 5 START sql table model analytics.moving_averages ......................... [RUN]
[2025-04-24T07:58:19.924+0000] {subprocess.py:93} INFO - [0m07:58:19  4 of 5 OK created sql table model analytics.moving_averages .................... [[32mSUCCESS 1[0m in 1.29s]
[2025-04-24T07:58:19.928+0000] {subprocess.py:93} INFO - [0m07:58:19  5 of 5 START sql table model analytics.rsi ..................................... [RUN]
[2025-04-24T07:58:21.235+0000] {subprocess.py:93} INFO - [0m07:58:21  5 of 5 OK created sql table model analytics.rsi ................................ [[32mSUCCESS 1[0m in 1.30s]
[2025-04-24T07:58:21.241+0000] {subprocess.py:93} INFO - [0m07:58:21
[2025-04-24T07:58:21.241+0000] {subprocess.py:93} INFO - [0m07:58:21  Finished running 5 table models in 0 hours 0 minutes and 8.07 seconds (8.07s).
[2025-04-24T07:58:21.333+0000] {subprocess.py:93} INFO - [0m07:58:21
[2025-04-24T07:58:21.334+0000] {subprocess.py:93} INFO - [0m07:58:21  [32mCompleted successfully[0m
[2025-04-24T07:58:21.335+0000] {subprocess.py:93} INFO - [0m07:58:21
[2025-04-24T07:58:21.337+0000] {subprocess.py:93} INFO - [0m07:58:21  Done. PASS=5 WARN=0 ERROR=0 SKIP=0 TOTAL=5
[2025-04-24T07:58:22.199+0000] {subprocess.py:97} INFO - Command exited with return code 0
[2025-04-24T07:58:22.221+0000] {taskinstance.py:340} INFO - ::group::Post task execution logs
[2025-04-24T07:58:22.223+0000] {taskinstance.py:352} INFO - Marking task as SUCCESS. dag_id=dbt_stock_project, task_id=dbt_run, run_id=manual__2025-04-24T07:58:07.855427+00:00, execution_date=20250424T075807, start_date=20250424T075809, end_date=20250424T075822
[2025-04-24T07:58:22.263+0000] {local_task_job_runner.py:266} INFO - Task exited with return code 0
[2025-04-24T07:58:22.280+0000] {taskinstance.py:3900} INFO - 0 downstream tasks scheduled from follow-on schedule check
[2025-04-24T07:58:22.283+0000] {local_task_job_runner.py:245} INFO - ::endgroup::
