[2025-04-24T07:41:57.535+0000] {local_task_job_runner.py:123} INFO - ::group::Pre task execution logs
[2025-04-24T07:41:57.553+0000] {taskinstance.py:2612} INFO - Dependencies all met for dep_context=non-requeueable deps ti=<TaskInstance: dbt_stock_project.dbt_run manual__2025-04-24T07:41:56.593898+00:00 [queued]>
[2025-04-24T07:41:57.564+0000] {taskinstance.py:2612} INFO - Dependencies all met for dep_context=requeueable deps ti=<TaskInstance: dbt_stock_project.dbt_run manual__2025-04-24T07:41:56.593898+00:00 [queued]>
[2025-04-24T07:41:57.566+0000] {taskinstance.py:2865} INFO - Starting attempt 1 of 1
[2025-04-24T07:41:57.584+0000] {taskinstance.py:2888} INFO - Executing <Task(BashOperator): dbt_run> on 2025-04-24 07:41:56.593898+00:00
[2025-04-24T07:41:57.593+0000] {standard_task_runner.py:104} INFO - Running: ['***', 'tasks', 'run', 'dbt_stock_project', 'dbt_run', 'manual__2025-04-24T07:41:56.593898+00:00', '--job-id', '362', '--raw', '--subdir', 'DAGS_FOLDER/226_lab2_elt.py', '--cfg-path', '/tmp/tmp0ewhmong']
[2025-04-24T07:41:57.597+0000] {standard_task_runner.py:105} INFO - Job 362: Subtask dbt_run
[2025-04-24T07:41:57.597+0000] {logging_mixin.py:190} WARNING - /home/***/.local/lib/python3.12/site-packages/***/task/task_runner/standard_task_runner.py:70 DeprecationWarning: This process (pid=2909) is multi-threaded, use of fork() may lead to deadlocks in the child.
[2025-04-24T07:41:57.599+0000] {standard_task_runner.py:72} INFO - Started process 2910 to run task
[2025-04-24T07:41:57.663+0000] {task_command.py:467} INFO - Running <TaskInstance: dbt_stock_project.dbt_run manual__2025-04-24T07:41:56.593898+00:00 [running]> on host e8b5346887eb
[2025-04-24T07:41:57.758+0000] {taskinstance.py:3131} INFO - Exporting env vars: AIRFLOW_CTX_DAG_OWNER='***' AIRFLOW_CTX_DAG_ID='dbt_stock_project' AIRFLOW_CTX_TASK_ID='dbt_run' AIRFLOW_CTX_EXECUTION_DATE='2025-04-24T07:41:56.593898+00:00' AIRFLOW_CTX_TRY_NUMBER='1' AIRFLOW_CTX_DAG_RUN_ID='manual__2025-04-24T07:41:56.593898+00:00'
[2025-04-24T07:41:57.759+0000] {taskinstance.py:731} INFO - ::endgroup::
[2025-04-24T07:41:57.773+0000] {subprocess.py:63} INFO - Tmp dir root location: /tmp
[2025-04-24T07:41:57.776+0000] {subprocess.py:75} INFO - Running command: ['/usr/bin/bash', '-c', '/home/***/.local/bin/dbt run --profiles-dir /home/***/.dbt --project-dir /opt/***/dbt']
[2025-04-24T07:41:57.786+0000] {subprocess.py:86} INFO - Output:
[2025-04-24T07:41:59.655+0000] {subprocess.py:93} INFO - [0m07:41:59  Running with dbt=1.8.7
[2025-04-24T07:42:00.541+0000] {subprocess.py:93} INFO - [0m07:42:00  Registered adapter: snowflake=1.8.1
[2025-04-24T07:42:01.417+0000] {subprocess.py:93} INFO - [0m07:42:01  [[33mWARNING[0m]: Deprecated functionality
[2025-04-24T07:42:01.418+0000] {subprocess.py:93} INFO - The `tests` config has been renamed to `data_tests`. Please see
[2025-04-24T07:42:01.418+0000] {subprocess.py:93} INFO - https://docs.getdbt.com/docs/build/data-tests#new-data_tests-syntax for more
[2025-04-24T07:42:01.419+0000] {subprocess.py:93} INFO - information.
[2025-04-24T07:42:01.776+0000] {subprocess.py:93} INFO - [0m07:42:01  Found 7 models, 12 data tests, 3 sources, 459 macros
[2025-04-24T07:42:01.779+0000] {subprocess.py:93} INFO - [0m07:42:01
[2025-04-24T07:42:03.283+0000] {subprocess.py:93} INFO - [0m07:42:03  Concurrency: 1 threads (target='dev')
[2025-04-24T07:42:03.284+0000] {subprocess.py:93} INFO - [0m07:42:03
[2025-04-24T07:42:03.297+0000] {subprocess.py:93} INFO - [0m07:42:03  1 of 5 START sql table model analytics.actual_vs_forecast ...................... [RUN]
[2025-04-24T07:42:05.298+0000] {subprocess.py:93} INFO - [0m07:42:05  1 of 5 OK created sql table model analytics.actual_vs_forecast ................. [[32mSUCCESS 1[0m in 2.00s]
[2025-04-24T07:42:05.368+0000] {subprocess.py:93} INFO - [0m07:42:05  2 of 5 START sql table model analytics.stock_indicators ........................ [RUN]
[2025-04-24T07:42:06.718+0000] {subprocess.py:93} INFO - [0m07:42:06  2 of 5 OK created sql table model analytics.stock_indicators ................... [[32mSUCCESS 1[0m in 1.35s]
[2025-04-24T07:42:06.722+0000] {subprocess.py:93} INFO - [0m07:42:06  3 of 5 START sql table model analytics.volume_summary .......................... [RUN]
[2025-04-24T07:42:08.139+0000] {subprocess.py:93} INFO - [0m07:42:08  3 of 5 OK created sql table model analytics.volume_summary ..................... [[32mSUCCESS 1[0m in 1.41s]
[2025-04-24T07:42:08.142+0000] {subprocess.py:93} INFO - [0m07:42:08  4 of 5 START sql table model analytics.moving_averages ......................... [RUN]
[2025-04-24T07:42:09.332+0000] {subprocess.py:93} INFO - [0m07:42:09  4 of 5 OK created sql table model analytics.moving_averages .................... [[32mSUCCESS 1[0m in 1.19s]
[2025-04-24T07:42:09.335+0000] {subprocess.py:93} INFO - [0m07:42:09  5 of 5 START sql table model analytics.rsi ..................................... [RUN]
[2025-04-24T07:42:10.636+0000] {subprocess.py:93} INFO - [0m07:42:10  5 of 5 OK created sql table model analytics.rsi ................................ [[32mSUCCESS 1[0m in 1.30s]
[2025-04-24T07:42:10.642+0000] {subprocess.py:93} INFO - [0m07:42:10
[2025-04-24T07:42:10.643+0000] {subprocess.py:93} INFO - [0m07:42:10  Finished running 5 table models in 0 hours 0 minutes and 8.86 seconds (8.86s).
[2025-04-24T07:42:10.746+0000] {subprocess.py:93} INFO - [0m07:42:10
[2025-04-24T07:42:10.747+0000] {subprocess.py:93} INFO - [0m07:42:10  [32mCompleted successfully[0m
[2025-04-24T07:42:10.748+0000] {subprocess.py:93} INFO - [0m07:42:10
[2025-04-24T07:42:10.749+0000] {subprocess.py:93} INFO - [0m07:42:10  Done. PASS=5 WARN=0 ERROR=0 SKIP=0 TOTAL=5
[2025-04-24T07:42:11.543+0000] {subprocess.py:97} INFO - Command exited with return code 0
[2025-04-24T07:42:11.568+0000] {taskinstance.py:340} INFO - ::group::Post task execution logs
[2025-04-24T07:42:11.570+0000] {taskinstance.py:352} INFO - Marking task as SUCCESS. dag_id=dbt_stock_project, task_id=dbt_run, run_id=manual__2025-04-24T07:41:56.593898+00:00, execution_date=20250424T074156, start_date=20250424T074157, end_date=20250424T074211
[2025-04-24T07:42:11.606+0000] {local_task_job_runner.py:266} INFO - Task exited with return code 0
[2025-04-24T07:42:11.627+0000] {taskinstance.py:3900} INFO - 1 downstream tasks scheduled from follow-on schedule check
[2025-04-24T07:42:11.630+0000] {local_task_job_runner.py:245} INFO - ::endgroup::
