[2025-04-24T00:03:33.363+0000] {local_task_job_runner.py:123} INFO - ::group::Pre task execution logs
[2025-04-24T00:03:33.383+0000] {taskinstance.py:2612} INFO - Dependencies all met for dep_context=non-requeueable deps ti=<TaskInstance: dbt_stock_project.dbt_run manual__2025-04-24T00:03:32.753387+00:00 [queued]>
[2025-04-24T00:03:33.393+0000] {taskinstance.py:2612} INFO - Dependencies all met for dep_context=requeueable deps ti=<TaskInstance: dbt_stock_project.dbt_run manual__2025-04-24T00:03:32.753387+00:00 [queued]>
[2025-04-24T00:03:33.395+0000] {taskinstance.py:2865} INFO - Starting attempt 1 of 1
[2025-04-24T00:03:33.413+0000] {taskinstance.py:2888} INFO - Executing <Task(BashOperator): dbt_run> on 2025-04-24 00:03:32.753387+00:00
[2025-04-24T00:03:33.421+0000] {standard_task_runner.py:104} INFO - Running: ['***', 'tasks', 'run', 'dbt_stock_project', 'dbt_run', 'manual__2025-04-24T00:03:32.753387+00:00', '--job-id', '324', '--raw', '--subdir', 'DAGS_FOLDER/226_lab2_elt.py', '--cfg-path', '/tmp/tmpkt5_ssw_']
[2025-04-24T00:03:33.424+0000] {standard_task_runner.py:105} INFO - Job 324: Subtask dbt_run
[2025-04-24T00:03:33.424+0000] {logging_mixin.py:190} WARNING - /home/***/.local/lib/python3.12/site-packages/***/task/task_runner/standard_task_runner.py:70 DeprecationWarning: This process (pid=5951) is multi-threaded, use of fork() may lead to deadlocks in the child.
[2025-04-24T00:03:33.426+0000] {standard_task_runner.py:72} INFO - Started process 5952 to run task
[2025-04-24T00:03:33.474+0000] {task_command.py:467} INFO - Running <TaskInstance: dbt_stock_project.dbt_run manual__2025-04-24T00:03:32.753387+00:00 [running]> on host d01273b1fd04
[2025-04-24T00:03:33.560+0000] {taskinstance.py:3131} INFO - Exporting env vars: AIRFLOW_CTX_DAG_OWNER='***' AIRFLOW_CTX_DAG_ID='dbt_stock_project' AIRFLOW_CTX_TASK_ID='dbt_run' AIRFLOW_CTX_EXECUTION_DATE='2025-04-24T00:03:32.753387+00:00' AIRFLOW_CTX_TRY_NUMBER='1' AIRFLOW_CTX_DAG_RUN_ID='manual__2025-04-24T00:03:32.753387+00:00'
[2025-04-24T00:03:33.562+0000] {taskinstance.py:731} INFO - ::endgroup::
[2025-04-24T00:03:33.575+0000] {subprocess.py:63} INFO - Tmp dir root location: /tmp
[2025-04-24T00:03:33.577+0000] {subprocess.py:75} INFO - Running command: ['/usr/bin/bash', '-c', '/home/***/.local/bin/dbt run --profiles-dir /home/***/.dbt --project-dir /opt/***/dbt']
[2025-04-24T00:03:33.585+0000] {subprocess.py:86} INFO - Output:
[2025-04-24T00:03:35.395+0000] {subprocess.py:93} INFO - [0m00:03:35  Running with dbt=1.8.7
[2025-04-24T00:03:36.368+0000] {subprocess.py:93} INFO - [0m00:03:36  Registered adapter: snowflake=1.8.1
[2025-04-24T00:03:37.011+0000] {subprocess.py:93} INFO - [0m00:03:37  [[33mWARNING[0m]: Deprecated functionality
[2025-04-24T00:03:37.012+0000] {subprocess.py:93} INFO - The `tests` config has been renamed to `data_tests`. Please see
[2025-04-24T00:03:37.013+0000] {subprocess.py:93} INFO - https://docs.getdbt.com/docs/build/data-tests#new-data_tests-syntax for more
[2025-04-24T00:03:37.014+0000] {subprocess.py:93} INFO - information.
[2025-04-24T00:03:37.394+0000] {subprocess.py:93} INFO - [0m00:03:37  Found 6 models, 18 data tests, 3 sources, 459 macros
[2025-04-24T00:03:37.398+0000] {subprocess.py:93} INFO - [0m00:03:37
[2025-04-24T00:03:38.437+0000] {subprocess.py:93} INFO - [0m00:03:38  Concurrency: 1 threads (target='dev')
[2025-04-24T00:03:38.438+0000] {subprocess.py:93} INFO - [0m00:03:38
[2025-04-24T00:03:38.450+0000] {subprocess.py:93} INFO - [0m00:03:38  1 of 4 START sql table model analytics.moving_averages ......................... [RUN]
[2025-04-24T00:03:39.701+0000] {subprocess.py:93} INFO - [0m00:03:39  1 of 4 OK created sql table model analytics.moving_averages .................... [[32mSUCCESS 1[0m in 1.25s]
[2025-04-24T00:03:39.758+0000] {subprocess.py:93} INFO - [0m00:03:39  2 of 4 START sql table model analytics.stock_indicators ........................ [RUN]
[2025-04-24T00:03:40.767+0000] {subprocess.py:93} INFO - [0m00:03:40  2 of 4 OK created sql table model analytics.stock_indicators ................... [[32mSUCCESS 1[0m in 1.01s]
[2025-04-24T00:03:40.770+0000] {subprocess.py:93} INFO - [0m00:03:40  3 of 4 START sql table model analytics.volume_summary .......................... [RUN]
[2025-04-24T00:03:41.677+0000] {subprocess.py:93} INFO - [0m00:03:41  3 of 4 OK created sql table model analytics.volume_summary ..................... [[32mSUCCESS 1[0m in 0.90s]
[2025-04-24T00:03:41.682+0000] {subprocess.py:93} INFO - [0m00:03:41  4 of 4 START sql table model analytics.rsi ..................................... [RUN]
[2025-04-24T00:03:43.366+0000] {subprocess.py:93} INFO - [0m00:03:43  4 of 4 OK created sql table model analytics.rsi ................................ [[32mSUCCESS 1[0m in 1.68s]
[2025-04-24T00:03:43.371+0000] {subprocess.py:93} INFO - [0m00:03:43
[2025-04-24T00:03:43.371+0000] {subprocess.py:93} INFO - [0m00:03:43  Finished running 4 table models in 0 hours 0 minutes and 5.97 seconds (5.97s).
[2025-04-24T00:03:43.538+0000] {subprocess.py:93} INFO - [0m00:03:43
[2025-04-24T00:03:43.539+0000] {subprocess.py:93} INFO - [0m00:03:43  [32mCompleted successfully[0m
[2025-04-24T00:03:43.540+0000] {subprocess.py:93} INFO - [0m00:03:43
[2025-04-24T00:03:43.541+0000] {subprocess.py:93} INFO - [0m00:03:43  Done. PASS=4 WARN=0 ERROR=0 SKIP=0 TOTAL=4
[2025-04-24T00:03:44.342+0000] {subprocess.py:97} INFO - Command exited with return code 0
[2025-04-24T00:03:44.366+0000] {taskinstance.py:340} INFO - ::group::Post task execution logs
[2025-04-24T00:03:44.368+0000] {taskinstance.py:352} INFO - Marking task as SUCCESS. dag_id=dbt_stock_project, task_id=dbt_run, run_id=manual__2025-04-24T00:03:32.753387+00:00, execution_date=20250424T000332, start_date=20250424T000333, end_date=20250424T000344
[2025-04-24T00:03:44.417+0000] {local_task_job_runner.py:266} INFO - Task exited with return code 0
[2025-04-24T00:03:44.439+0000] {taskinstance.py:3900} INFO - 1 downstream tasks scheduled from follow-on schedule check
[2025-04-24T00:03:44.443+0000] {local_task_job_runner.py:245} INFO - ::endgroup::
