[2025-04-24T08:11:28.671+0000] {local_task_job_runner.py:123} INFO - ::group::Pre task execution logs
[2025-04-24T08:11:28.689+0000] {taskinstance.py:2612} INFO - Dependencies all met for dep_context=non-requeueable deps ti=<TaskInstance: dbt_stock_project.dbt_run manual__2025-04-24T08:11:27.923024+00:00 [queued]>
[2025-04-24T08:11:28.697+0000] {taskinstance.py:2612} INFO - Dependencies all met for dep_context=requeueable deps ti=<TaskInstance: dbt_stock_project.dbt_run manual__2025-04-24T08:11:27.923024+00:00 [queued]>
[2025-04-24T08:11:28.699+0000] {taskinstance.py:2865} INFO - Starting attempt 1 of 1
[2025-04-24T08:11:28.713+0000] {taskinstance.py:2888} INFO - Executing <Task(BashOperator): dbt_run> on 2025-04-24 08:11:27.923024+00:00
[2025-04-24T08:11:28.721+0000] {standard_task_runner.py:104} INFO - Running: ['***', 'tasks', 'run', 'dbt_stock_project', 'dbt_run', 'manual__2025-04-24T08:11:27.923024+00:00', '--job-id', '380', '--raw', '--subdir', 'DAGS_FOLDER/226_lab2_elt.py', '--cfg-path', '/tmp/tmpu6_izuj1']
[2025-04-24T08:11:28.724+0000] {logging_mixin.py:190} WARNING - /home/***/.local/lib/python3.12/site-packages/***/task/task_runner/standard_task_runner.py:70 DeprecationWarning: This process (pid=4622) is multi-threaded, use of fork() may lead to deadlocks in the child.
[2025-04-24T08:11:28.724+0000] {standard_task_runner.py:105} INFO - Job 380: Subtask dbt_run
[2025-04-24T08:11:28.725+0000] {standard_task_runner.py:72} INFO - Started process 4623 to run task
[2025-04-24T08:11:28.775+0000] {task_command.py:467} INFO - Running <TaskInstance: dbt_stock_project.dbt_run manual__2025-04-24T08:11:27.923024+00:00 [running]> on host e8b5346887eb
[2025-04-24T08:11:28.857+0000] {taskinstance.py:3131} INFO - Exporting env vars: AIRFLOW_CTX_DAG_OWNER='***' AIRFLOW_CTX_DAG_ID='dbt_stock_project' AIRFLOW_CTX_TASK_ID='dbt_run' AIRFLOW_CTX_EXECUTION_DATE='2025-04-24T08:11:27.923024+00:00' AIRFLOW_CTX_TRY_NUMBER='1' AIRFLOW_CTX_DAG_RUN_ID='manual__2025-04-24T08:11:27.923024+00:00'
[2025-04-24T08:11:28.858+0000] {taskinstance.py:731} INFO - ::endgroup::
[2025-04-24T08:11:28.872+0000] {subprocess.py:63} INFO - Tmp dir root location: /tmp
[2025-04-24T08:11:28.875+0000] {subprocess.py:75} INFO - Running command: ['/usr/bin/bash', '-c', '/home/***/.local/bin/dbt run --profiles-dir /home/***/.dbt --project-dir /opt/***/dbt']
[2025-04-24T08:11:28.884+0000] {subprocess.py:86} INFO - Output:
[2025-04-24T08:11:30.758+0000] {subprocess.py:93} INFO - [0m08:11:30  Running with dbt=1.8.7
[2025-04-24T08:11:31.882+0000] {subprocess.py:93} INFO - [0m08:11:31  Registered adapter: snowflake=1.8.1
[2025-04-24T08:11:33.029+0000] {subprocess.py:93} INFO - [0m08:11:33  Found 7 models, 10 data tests, 4 snapshots, 3 sources, 459 macros
[2025-04-24T08:11:33.033+0000] {subprocess.py:93} INFO - [0m08:11:33
[2025-04-24T08:11:35.214+0000] {subprocess.py:93} INFO - [0m08:11:35  Concurrency: 1 threads (target='dev')
[2025-04-24T08:11:35.215+0000] {subprocess.py:93} INFO - [0m08:11:35
[2025-04-24T08:11:35.227+0000] {subprocess.py:93} INFO - [0m08:11:35  1 of 5 START sql table model analytics.actual_vs_forecast ...................... [RUN]
[2025-04-24T08:11:37.125+0000] {subprocess.py:93} INFO - [0m08:11:37  1 of 5 OK created sql table model analytics.actual_vs_forecast ................. [[32mSUCCESS 1[0m in 1.89s]
[2025-04-24T08:11:37.211+0000] {subprocess.py:93} INFO - [0m08:11:37  2 of 5 START sql table model analytics.stock_indicators ........................ [RUN]
[2025-04-24T08:11:38.636+0000] {subprocess.py:93} INFO - [0m08:11:38  2 of 5 OK created sql table model analytics.stock_indicators ................... [[32mSUCCESS 1[0m in 1.42s]
[2025-04-24T08:11:38.640+0000] {subprocess.py:93} INFO - [0m08:11:38  3 of 5 START sql table model analytics.volume_summary .......................... [RUN]
[2025-04-24T08:11:40.053+0000] {subprocess.py:93} INFO - [0m08:11:40  3 of 5 OK created sql table model analytics.volume_summary ..................... [[32mSUCCESS 1[0m in 1.41s]
[2025-04-24T08:11:40.056+0000] {subprocess.py:93} INFO - [0m08:11:40  4 of 5 START sql table model analytics.moving_averages ......................... [RUN]
[2025-04-24T08:11:41.528+0000] {subprocess.py:93} INFO - [0m08:11:41  4 of 5 OK created sql table model analytics.moving_averages .................... [[32mSUCCESS 1[0m in 1.47s]
[2025-04-24T08:11:41.533+0000] {subprocess.py:93} INFO - [0m08:11:41  5 of 5 START sql table model analytics.rsi ..................................... [RUN]
[2025-04-24T08:11:43.099+0000] {subprocess.py:93} INFO - [0m08:11:43  5 of 5 OK created sql table model analytics.rsi ................................ [[32mSUCCESS 1[0m in 1.56s]
[2025-04-24T08:11:43.107+0000] {subprocess.py:93} INFO - [0m08:11:43
[2025-04-24T08:11:43.108+0000] {subprocess.py:93} INFO - [0m08:11:43  Finished running 5 table models in 0 hours 0 minutes and 10.07 seconds (10.07s).
[2025-04-24T08:11:43.210+0000] {subprocess.py:93} INFO - [0m08:11:43
[2025-04-24T08:11:43.210+0000] {subprocess.py:93} INFO - [0m08:11:43  [32mCompleted successfully[0m
[2025-04-24T08:11:43.212+0000] {subprocess.py:93} INFO - [0m08:11:43
[2025-04-24T08:11:43.213+0000] {subprocess.py:93} INFO - [0m08:11:43  Done. PASS=5 WARN=0 ERROR=0 SKIP=0 TOTAL=5
[2025-04-24T08:11:44.194+0000] {subprocess.py:97} INFO - Command exited with return code 0
[2025-04-24T08:11:44.225+0000] {taskinstance.py:340} INFO - ::group::Post task execution logs
[2025-04-24T08:11:44.226+0000] {taskinstance.py:352} INFO - Marking task as SUCCESS. dag_id=dbt_stock_project, task_id=dbt_run, run_id=manual__2025-04-24T08:11:27.923024+00:00, execution_date=20250424T081127, start_date=20250424T081128, end_date=20250424T081144
[2025-04-24T08:11:44.267+0000] {local_task_job_runner.py:266} INFO - Task exited with return code 0
[2025-04-24T08:11:44.290+0000] {taskinstance.py:3900} INFO - 1 downstream tasks scheduled from follow-on schedule check
[2025-04-24T08:11:44.293+0000] {local_task_job_runner.py:245} INFO - ::endgroup::
