[2025-04-22T15:53:26.902+0000] {local_task_job_runner.py:123} INFO - ::group::Pre task execution logs
[2025-04-22T15:53:26.926+0000] {taskinstance.py:2612} INFO - Dependencies all met for dep_context=non-requeueable deps ti=<TaskInstance: dbt_stock_project.dbt_run manual__2025-04-22T15:53:26.003425+00:00 [queued]>
[2025-04-22T15:53:26.940+0000] {taskinstance.py:2612} INFO - Dependencies all met for dep_context=requeueable deps ti=<TaskInstance: dbt_stock_project.dbt_run manual__2025-04-22T15:53:26.003425+00:00 [queued]>
[2025-04-22T15:53:26.942+0000] {taskinstance.py:2865} INFO - Starting attempt 1 of 1
[2025-04-22T15:53:26.961+0000] {taskinstance.py:2888} INFO - Executing <Task(BashOperator): dbt_run> on 2025-04-22 15:53:26.003425+00:00
[2025-04-22T15:53:26.971+0000] {standard_task_runner.py:104} INFO - Running: ['***', 'tasks', 'run', 'dbt_stock_project', 'dbt_run', 'manual__2025-04-22T15:53:26.003425+00:00', '--job-id', '286', '--raw', '--subdir', 'DAGS_FOLDER/226_lab2_elt.py', '--cfg-path', '/tmp/tmpfuhrzidu']
[2025-04-22T15:53:26.976+0000] {logging_mixin.py:190} WARNING - /home/***/.local/lib/python3.12/site-packages/***/task/task_runner/standard_task_runner.py:70 DeprecationWarning: This process (pid=1880) is multi-threaded, use of fork() may lead to deadlocks in the child.
[2025-04-22T15:53:26.977+0000] {standard_task_runner.py:105} INFO - Job 286: Subtask dbt_run
[2025-04-22T15:53:26.978+0000] {standard_task_runner.py:72} INFO - Started process 1881 to run task
[2025-04-22T15:53:27.044+0000] {task_command.py:467} INFO - Running <TaskInstance: dbt_stock_project.dbt_run manual__2025-04-22T15:53:26.003425+00:00 [running]> on host 9d71c5fa265e
[2025-04-22T15:53:27.142+0000] {taskinstance.py:3131} INFO - Exporting env vars: AIRFLOW_CTX_DAG_OWNER='***' AIRFLOW_CTX_DAG_ID='dbt_stock_project' AIRFLOW_CTX_TASK_ID='dbt_run' AIRFLOW_CTX_EXECUTION_DATE='2025-04-22T15:53:26.003425+00:00' AIRFLOW_CTX_TRY_NUMBER='1' AIRFLOW_CTX_DAG_RUN_ID='manual__2025-04-22T15:53:26.003425+00:00'
[2025-04-22T15:53:27.143+0000] {taskinstance.py:731} INFO - ::endgroup::
[2025-04-22T15:53:27.159+0000] {subprocess.py:63} INFO - Tmp dir root location: /tmp
[2025-04-22T15:53:27.161+0000] {subprocess.py:75} INFO - Running command: ['/usr/bin/bash', '-c', '/home/***/.local/bin/dbt run --profiles-dir /home/***/.dbt --project-dir /opt/***/dbt']
[2025-04-22T15:53:27.170+0000] {subprocess.py:86} INFO - Output:
[2025-04-22T15:53:29.162+0000] {subprocess.py:93} INFO - [0m15:53:29  Running with dbt=1.8.7
[2025-04-22T15:53:30.177+0000] {subprocess.py:93} INFO - [0m15:53:30  Registered adapter: snowflake=1.8.1
[2025-04-22T15:53:31.216+0000] {subprocess.py:93} INFO - [0m15:53:31  Found 7 models, 9 data tests, 3 sources, 459 macros
[2025-04-22T15:53:31.221+0000] {subprocess.py:93} INFO - [0m15:53:31
[2025-04-22T15:53:32.659+0000] {subprocess.py:93} INFO - [0m15:53:32  Concurrency: 1 threads (target='dev')
[2025-04-22T15:53:32.659+0000] {subprocess.py:93} INFO - [0m15:53:32
[2025-04-22T15:53:32.670+0000] {subprocess.py:93} INFO - [0m15:53:32  1 of 5 START sql table model analytics.actual_vs_forecast ...................... [RUN]
[2025-04-22T15:53:34.805+0000] {subprocess.py:93} INFO - [0m15:53:34  1 of 5 OK created sql table model analytics.actual_vs_forecast ................. [[32mSUCCESS 1[0m in 2.13s]
[2025-04-22T15:53:34.873+0000] {subprocess.py:93} INFO - [0m15:53:34  2 of 5 START sql table model analytics.stock_indicators ........................ [RUN]
[2025-04-22T15:53:36.471+0000] {subprocess.py:93} INFO - [0m15:53:36  2 of 5 OK created sql table model analytics.stock_indicators ................... [[32mSUCCESS 1[0m in 1.60s]
[2025-04-22T15:53:36.476+0000] {subprocess.py:93} INFO - [0m15:53:36  3 of 5 START sql table model analytics.volume_summary .......................... [RUN]
[2025-04-22T15:53:38.189+0000] {subprocess.py:93} INFO - [0m15:53:38  3 of 5 OK created sql table model analytics.volume_summary ..................... [[32mSUCCESS 1[0m in 1.71s]
[2025-04-22T15:53:38.193+0000] {subprocess.py:93} INFO - [0m15:53:38  4 of 5 START sql table model analytics.moving_averages ......................... [RUN]
[2025-04-22T15:53:39.774+0000] {subprocess.py:93} INFO - [0m15:53:39  4 of 5 OK created sql table model analytics.moving_averages .................... [[32mSUCCESS 1[0m in 1.58s]
[2025-04-22T15:53:39.778+0000] {subprocess.py:93} INFO - [0m15:53:39  5 of 5 START sql table model analytics.rsi ..................................... [RUN]
[2025-04-22T15:53:41.040+0000] {subprocess.py:93} INFO - [0m15:53:41  5 of 5 OK created sql table model analytics.rsi ................................ [[32mSUCCESS 1[0m in 1.26s]
[2025-04-22T15:53:41.048+0000] {subprocess.py:93} INFO - [0m15:53:41
[2025-04-22T15:53:41.049+0000] {subprocess.py:93} INFO - [0m15:53:41  Finished running 5 table models in 0 hours 0 minutes and 9.82 seconds (9.82s).
[2025-04-22T15:53:41.168+0000] {subprocess.py:93} INFO - [0m15:53:41
[2025-04-22T15:53:41.169+0000] {subprocess.py:93} INFO - [0m15:53:41  [32mCompleted successfully[0m
[2025-04-22T15:53:41.170+0000] {subprocess.py:93} INFO - [0m15:53:41
[2025-04-22T15:53:41.171+0000] {subprocess.py:93} INFO - [0m15:53:41  Done. PASS=5 WARN=0 ERROR=0 SKIP=0 TOTAL=5
[2025-04-22T15:53:42.034+0000] {subprocess.py:97} INFO - Command exited with return code 0
[2025-04-22T15:53:42.061+0000] {taskinstance.py:340} INFO - ::group::Post task execution logs
[2025-04-22T15:53:42.062+0000] {taskinstance.py:352} INFO - Marking task as SUCCESS. dag_id=dbt_stock_project, task_id=dbt_run, run_id=manual__2025-04-22T15:53:26.003425+00:00, execution_date=20250422T155326, start_date=20250422T155326, end_date=20250422T155342
[2025-04-22T15:53:42.091+0000] {local_task_job_runner.py:266} INFO - Task exited with return code 0
[2025-04-22T15:53:42.116+0000] {taskinstance.py:3900} INFO - 1 downstream tasks scheduled from follow-on schedule check
[2025-04-22T15:53:42.119+0000] {local_task_job_runner.py:245} INFO - ::endgroup::
