[2025-04-24T00:46:24.749+0000] {local_task_job_runner.py:123} INFO - ::group::Pre task execution logs
[2025-04-24T00:46:24.765+0000] {taskinstance.py:2612} INFO - Dependencies all met for dep_context=non-requeueable deps ti=<TaskInstance: dbt_stock_project.dbt_run manual__2025-04-24T00:46:23.510417+00:00 [queued]>
[2025-04-24T00:46:24.773+0000] {taskinstance.py:2612} INFO - Dependencies all met for dep_context=requeueable deps ti=<TaskInstance: dbt_stock_project.dbt_run manual__2025-04-24T00:46:23.510417+00:00 [queued]>
[2025-04-24T00:46:24.776+0000] {taskinstance.py:2865} INFO - Starting attempt 1 of 1
[2025-04-24T00:46:24.789+0000] {taskinstance.py:2888} INFO - Executing <Task(BashOperator): dbt_run> on 2025-04-24 00:46:23.510417+00:00
[2025-04-24T00:46:24.797+0000] {logging_mixin.py:190} WARNING - /home/***/.local/lib/python3.12/site-packages/***/task/task_runner/standard_task_runner.py:70 DeprecationWarning: This process (pid=8303) is multi-threaded, use of fork() may lead to deadlocks in the child.
[2025-04-24T00:46:24.796+0000] {standard_task_runner.py:104} INFO - Running: ['***', 'tasks', 'run', 'dbt_stock_project', 'dbt_run', 'manual__2025-04-24T00:46:23.510417+00:00', '--job-id', '340', '--raw', '--subdir', 'DAGS_FOLDER/226_lab2_elt.py', '--cfg-path', '/tmp/tmpf3bw5t77']
[2025-04-24T00:46:24.799+0000] {standard_task_runner.py:72} INFO - Started process 8304 to run task
[2025-04-24T00:46:24.800+0000] {standard_task_runner.py:105} INFO - Job 340: Subtask dbt_run
[2025-04-24T00:46:24.852+0000] {task_command.py:467} INFO - Running <TaskInstance: dbt_stock_project.dbt_run manual__2025-04-24T00:46:23.510417+00:00 [running]> on host d01273b1fd04
[2025-04-24T00:46:24.934+0000] {taskinstance.py:3131} INFO - Exporting env vars: AIRFLOW_CTX_DAG_OWNER='***' AIRFLOW_CTX_DAG_ID='dbt_stock_project' AIRFLOW_CTX_TASK_ID='dbt_run' AIRFLOW_CTX_EXECUTION_DATE='2025-04-24T00:46:23.510417+00:00' AIRFLOW_CTX_TRY_NUMBER='1' AIRFLOW_CTX_DAG_RUN_ID='manual__2025-04-24T00:46:23.510417+00:00'
[2025-04-24T00:46:24.935+0000] {taskinstance.py:731} INFO - ::endgroup::
[2025-04-24T00:46:24.949+0000] {subprocess.py:63} INFO - Tmp dir root location: /tmp
[2025-04-24T00:46:24.951+0000] {subprocess.py:75} INFO - Running command: ['/usr/bin/bash', '-c', '/home/***/.local/bin/dbt run --profiles-dir /home/***/.dbt --project-dir /opt/***/dbt']
[2025-04-24T00:46:24.959+0000] {subprocess.py:86} INFO - Output:
[2025-04-24T00:46:26.838+0000] {subprocess.py:93} INFO - [0m00:46:26  Running with dbt=1.8.7
[2025-04-24T00:46:27.875+0000] {subprocess.py:93} INFO - [0m00:46:27  Registered adapter: snowflake=1.8.1
[2025-04-24T00:46:28.595+0000] {subprocess.py:93} INFO - [0m00:46:28  [[33mWARNING[0m]: Deprecated functionality
[2025-04-24T00:46:28.596+0000] {subprocess.py:93} INFO - The `tests` config has been renamed to `data_tests`. Please see
[2025-04-24T00:46:28.596+0000] {subprocess.py:93} INFO - https://docs.getdbt.com/docs/build/data-tests#new-data_tests-syntax for more
[2025-04-24T00:46:28.597+0000] {subprocess.py:93} INFO - information.
[2025-04-24T00:46:28.987+0000] {subprocess.py:93} INFO - [0m00:46:28  Found 6 models, 22 data tests, 3 sources, 459 macros
[2025-04-24T00:46:28.992+0000] {subprocess.py:93} INFO - [0m00:46:28
[2025-04-24T00:46:30.479+0000] {subprocess.py:93} INFO - [0m00:46:30  Concurrency: 1 threads (target='dev')
[2025-04-24T00:46:30.479+0000] {subprocess.py:93} INFO - [0m00:46:30
[2025-04-24T00:46:30.555+0000] {subprocess.py:93} INFO - [0m00:46:30  1 of 4 START sql table model analytics.stock_indicators ........................ [RUN]
[2025-04-24T00:46:31.661+0000] {subprocess.py:93} INFO - [0m00:46:31  1 of 4 OK created sql table model analytics.stock_indicators ................... [[32mSUCCESS 1[0m in 1.10s]
[2025-04-24T00:46:31.664+0000] {subprocess.py:93} INFO - [0m00:46:31  2 of 4 START sql table model analytics.volume_summary .......................... [RUN]
[2025-04-24T00:46:32.672+0000] {subprocess.py:93} INFO - [0m00:46:32  2 of 4 OK created sql table model analytics.volume_summary ..................... [[32mSUCCESS 1[0m in 1.00s]
[2025-04-24T00:46:32.675+0000] {subprocess.py:93} INFO - [0m00:46:32  3 of 4 START sql table model analytics.moving_averages ......................... [RUN]
[2025-04-24T00:46:33.664+0000] {subprocess.py:93} INFO - [0m00:46:33  3 of 4 OK created sql table model analytics.moving_averages .................... [[32mSUCCESS 1[0m in 0.99s]
[2025-04-24T00:46:33.667+0000] {subprocess.py:93} INFO - [0m00:46:33  4 of 4 START sql table model analytics.rsi ..................................... [RUN]
[2025-04-24T00:46:34.893+0000] {subprocess.py:93} INFO - [0m00:46:34  4 of 4 OK created sql table model analytics.rsi ................................ [[32mSUCCESS 1[0m in 1.22s]
[2025-04-24T00:46:34.901+0000] {subprocess.py:93} INFO - [0m00:46:34
[2025-04-24T00:46:34.902+0000] {subprocess.py:93} INFO - [0m00:46:34  Finished running 4 table models in 0 hours 0 minutes and 5.91 seconds (5.91s).
[2025-04-24T00:46:35.095+0000] {subprocess.py:93} INFO - [0m00:46:35
[2025-04-24T00:46:35.097+0000] {subprocess.py:93} INFO - [0m00:46:35  [32mCompleted successfully[0m
[2025-04-24T00:46:35.098+0000] {subprocess.py:93} INFO - [0m00:46:35
[2025-04-24T00:46:35.099+0000] {subprocess.py:93} INFO - [0m00:46:35  Done. PASS=4 WARN=0 ERROR=0 SKIP=0 TOTAL=4
[2025-04-24T00:46:35.996+0000] {subprocess.py:97} INFO - Command exited with return code 0
[2025-04-24T00:46:36.021+0000] {taskinstance.py:340} INFO - ::group::Post task execution logs
[2025-04-24T00:46:36.023+0000] {taskinstance.py:352} INFO - Marking task as SUCCESS. dag_id=dbt_stock_project, task_id=dbt_run, run_id=manual__2025-04-24T00:46:23.510417+00:00, execution_date=20250424T004623, start_date=20250424T004624, end_date=20250424T004636
[2025-04-24T00:46:36.067+0000] {local_task_job_runner.py:266} INFO - Task exited with return code 0
[2025-04-24T00:46:36.098+0000] {taskinstance.py:3900} INFO - 1 downstream tasks scheduled from follow-on schedule check
[2025-04-24T00:46:36.103+0000] {local_task_job_runner.py:245} INFO - ::endgroup::
