[2025-04-23T23:27:54.551+0000] {local_task_job_runner.py:123} INFO - ::group::Pre task execution logs
[2025-04-23T23:27:54.570+0000] {taskinstance.py:2612} INFO - Dependencies all met for dep_context=non-requeueable deps ti=<TaskInstance: dbt_stock_project.dbt_run manual__2025-04-23T23:27:54.155878+00:00 [queued]>
[2025-04-23T23:27:54.584+0000] {taskinstance.py:2612} INFO - Dependencies all met for dep_context=requeueable deps ti=<TaskInstance: dbt_stock_project.dbt_run manual__2025-04-23T23:27:54.155878+00:00 [queued]>
[2025-04-23T23:27:54.586+0000] {taskinstance.py:2865} INFO - Starting attempt 1 of 1
[2025-04-23T23:27:54.601+0000] {taskinstance.py:2888} INFO - Executing <Task(BashOperator): dbt_run> on 2025-04-23 23:27:54.155878+00:00
[2025-04-23T23:27:54.608+0000] {standard_task_runner.py:104} INFO - Running: ['***', 'tasks', 'run', 'dbt_stock_project', 'dbt_run', 'manual__2025-04-23T23:27:54.155878+00:00', '--job-id', '310', '--raw', '--subdir', 'DAGS_FOLDER/226_lab2_elt.py', '--cfg-path', '/tmp/tmpc2l74whz']
[2025-04-23T23:27:54.611+0000] {logging_mixin.py:190} WARNING - /home/***/.local/lib/python3.12/site-packages/***/task/task_runner/standard_task_runner.py:70 DeprecationWarning: This process (pid=4104) is multi-threaded, use of fork() may lead to deadlocks in the child.
[2025-04-23T23:27:54.612+0000] {standard_task_runner.py:105} INFO - Job 310: Subtask dbt_run
[2025-04-23T23:27:54.613+0000] {standard_task_runner.py:72} INFO - Started process 4105 to run task
[2025-04-23T23:27:54.667+0000] {task_command.py:467} INFO - Running <TaskInstance: dbt_stock_project.dbt_run manual__2025-04-23T23:27:54.155878+00:00 [running]> on host d01273b1fd04
[2025-04-23T23:27:54.756+0000] {taskinstance.py:3131} INFO - Exporting env vars: AIRFLOW_CTX_DAG_OWNER='***' AIRFLOW_CTX_DAG_ID='dbt_stock_project' AIRFLOW_CTX_TASK_ID='dbt_run' AIRFLOW_CTX_EXECUTION_DATE='2025-04-23T23:27:54.155878+00:00' AIRFLOW_CTX_TRY_NUMBER='1' AIRFLOW_CTX_DAG_RUN_ID='manual__2025-04-23T23:27:54.155878+00:00'
[2025-04-23T23:27:54.757+0000] {taskinstance.py:731} INFO - ::endgroup::
[2025-04-23T23:27:54.771+0000] {subprocess.py:63} INFO - Tmp dir root location: /tmp
[2025-04-23T23:27:54.773+0000] {subprocess.py:75} INFO - Running command: ['/usr/bin/bash', '-c', '/home/***/.local/bin/dbt run --profiles-dir /home/***/.dbt --project-dir /opt/***/dbt']
[2025-04-23T23:27:54.781+0000] {subprocess.py:86} INFO - Output:
[2025-04-23T23:27:56.580+0000] {subprocess.py:93} INFO - [0m23:27:56  Running with dbt=1.8.7
[2025-04-23T23:27:57.510+0000] {subprocess.py:93} INFO - [0m23:27:57  Registered adapter: snowflake=1.8.1
[2025-04-23T23:27:58.404+0000] {subprocess.py:93} INFO - [0m23:27:58  [[33mWARNING[0m]: Deprecated functionality
[2025-04-23T23:27:58.405+0000] {subprocess.py:93} INFO - The `tests` config has been renamed to `data_tests`. Please see
[2025-04-23T23:27:58.405+0000] {subprocess.py:93} INFO - https://docs.getdbt.com/docs/build/data-tests#new-data_tests-syntax for more
[2025-04-23T23:27:58.406+0000] {subprocess.py:93} INFO - information.
[2025-04-23T23:27:58.877+0000] {subprocess.py:93} INFO - [0m23:27:58  Found 6 models, 27 data tests, 3 sources, 459 macros
[2025-04-23T23:27:58.882+0000] {subprocess.py:93} INFO - [0m23:27:58
[2025-04-23T23:28:00.087+0000] {subprocess.py:93} INFO - [0m23:28:00  Concurrency: 1 threads (target='dev')
[2025-04-23T23:28:00.088+0000] {subprocess.py:93} INFO - [0m23:28:00
[2025-04-23T23:28:00.172+0000] {subprocess.py:93} INFO - [0m23:28:00  1 of 4 START sql table model analytics.stock_indicators ........................ [RUN]
[2025-04-23T23:28:01.905+0000] {subprocess.py:93} INFO - [0m23:28:01  1 of 4 OK created sql table model analytics.stock_indicators ................... [[32mSUCCESS 1[0m in 1.73s]
[2025-04-23T23:28:01.908+0000] {subprocess.py:93} INFO - [0m23:28:01  2 of 4 START sql table model analytics.volume_summary .......................... [RUN]
[2025-04-23T23:28:03.221+0000] {subprocess.py:93} INFO - [0m23:28:03  2 of 4 OK created sql table model analytics.volume_summary ..................... [[32mSUCCESS 1[0m in 1.31s]
[2025-04-23T23:28:03.224+0000] {subprocess.py:93} INFO - [0m23:28:03  3 of 4 START sql table model analytics.moving_averages ......................... [RUN]
[2025-04-23T23:28:04.870+0000] {subprocess.py:93} INFO - [0m23:28:04  3 of 4 OK created sql table model analytics.moving_averages .................... [[32mSUCCESS 1[0m in 1.64s]
[2025-04-23T23:28:04.875+0000] {subprocess.py:93} INFO - [0m23:28:04  4 of 4 START sql table model analytics.rsi ..................................... [RUN]
[2025-04-23T23:28:06.093+0000] {subprocess.py:93} INFO - [0m23:28:06  4 of 4 OK created sql table model analytics.rsi ................................ [[32mSUCCESS 1[0m in 1.21s]
[2025-04-23T23:28:06.100+0000] {subprocess.py:93} INFO - [0m23:28:06
[2025-04-23T23:28:06.101+0000] {subprocess.py:93} INFO - [0m23:28:06  Finished running 4 table models in 0 hours 0 minutes and 7.22 seconds (7.22s).
[2025-04-23T23:28:06.237+0000] {subprocess.py:93} INFO - [0m23:28:06
[2025-04-23T23:28:06.239+0000] {subprocess.py:93} INFO - [0m23:28:06  [32mCompleted successfully[0m
[2025-04-23T23:28:06.240+0000] {subprocess.py:93} INFO - [0m23:28:06
[2025-04-23T23:28:06.241+0000] {subprocess.py:93} INFO - [0m23:28:06  Done. PASS=4 WARN=0 ERROR=0 SKIP=0 TOTAL=4
[2025-04-23T23:28:07.063+0000] {subprocess.py:97} INFO - Command exited with return code 0
[2025-04-23T23:28:07.087+0000] {taskinstance.py:340} INFO - ::group::Post task execution logs
[2025-04-23T23:28:07.088+0000] {taskinstance.py:352} INFO - Marking task as SUCCESS. dag_id=dbt_stock_project, task_id=dbt_run, run_id=manual__2025-04-23T23:27:54.155878+00:00, execution_date=20250423T232754, start_date=20250423T232754, end_date=20250423T232807
[2025-04-23T23:28:07.131+0000] {local_task_job_runner.py:266} INFO - Task exited with return code 0
[2025-04-23T23:28:07.152+0000] {taskinstance.py:3900} INFO - 1 downstream tasks scheduled from follow-on schedule check
[2025-04-23T23:28:07.156+0000] {local_task_job_runner.py:245} INFO - ::endgroup::
