[2025-04-24T19:00:04.620+0000] {local_task_job_runner.py:123} INFO - ::group::Pre task execution logs
[2025-04-24T19:00:04.639+0000] {taskinstance.py:2612} INFO - Dependencies all met for dep_context=non-requeueable deps ti=<TaskInstance: 226_lab1_etl.load manual__2025-04-24T18:59:56.349228+00:00 [queued]>
[2025-04-24T19:00:04.652+0000] {taskinstance.py:2612} INFO - Dependencies all met for dep_context=requeueable deps ti=<TaskInstance: 226_lab1_etl.load manual__2025-04-24T18:59:56.349228+00:00 [queued]>
[2025-04-24T19:00:04.653+0000] {taskinstance.py:2865} INFO - Starting attempt 1 of 2
[2025-04-24T19:00:04.675+0000] {taskinstance.py:2888} INFO - Executing <Task(_PythonDecoratedOperator): load> on 2025-04-24 18:59:56.349228+00:00
[2025-04-24T19:00:04.684+0000] {standard_task_runner.py:104} INFO - Running: ['***', 'tasks', 'run', '226_lab1_etl', 'load', 'manual__2025-04-24T18:59:56.349228+00:00', '--job-id', '7', '--raw', '--subdir', 'DAGS_FOLDER/226_lab1_etl.py', '--cfg-path', '/tmp/tmpge7ngyqp']
[2025-04-24T19:00:04.690+0000] {logging_mixin.py:190} WARNING - /home/***/.local/lib/python3.12/site-packages/***/task/task_runner/standard_task_runner.py:70 DeprecationWarning: This process (pid=908) is multi-threaded, use of fork() may lead to deadlocks in the child.
[2025-04-24T19:00:04.692+0000] {standard_task_runner.py:105} INFO - Job 7: Subtask load
[2025-04-24T19:00:04.692+0000] {standard_task_runner.py:72} INFO - Started process 913 to run task
[2025-04-24T19:00:04.753+0000] {task_command.py:467} INFO - Running <TaskInstance: 226_lab1_etl.load manual__2025-04-24T18:59:56.349228+00:00 [running]> on host 463df1d38e6b
[2025-04-24T19:00:04.886+0000] {taskinstance.py:3131} INFO - Exporting env vars: AIRFLOW_CTX_DAG_OWNER='***' AIRFLOW_CTX_DAG_ID='226_lab1_etl' AIRFLOW_CTX_TASK_ID='load' AIRFLOW_CTX_EXECUTION_DATE='2025-04-24T18:59:56.349228+00:00' AIRFLOW_CTX_TRY_NUMBER='1' AIRFLOW_CTX_DAG_RUN_ID='manual__2025-04-24T18:59:56.349228+00:00'
[2025-04-24T19:00:04.888+0000] {taskinstance.py:731} INFO - ::endgroup::
[2025-04-24T19:00:04.918+0000] {connection.py:413} INFO - Snowflake Connector for Python Version: 3.12.1, Python Version: 3.12.5, Platform: Linux-5.15.167.4-microsoft-standard-WSL2-x86_64-with-glibc2.36
[2025-04-24T19:00:04.920+0000] {connection.py:1196} INFO - Connecting to GLOBAL Snowflake domain
[2025-04-24T19:00:04.921+0000] {connection.py:1277} INFO - This connection is in OCSP Fail Open Mode. TLS Certificates would be checked for validity and revocation status. Any other Certificate Revocation related exceptions or OCSP Responder failures would be disregarded in favor of connectivity.
[2025-04-24T19:00:06.576+0000] {cursor.py:1156} INFO - Number of results in first chunk: 1
[2025-04-24T19:00:06.748+0000] {cursor.py:1156} INFO - Number of results in first chunk: 1
[2025-04-24T19:12:07.977+0000] {cursor.py:1156} INFO - Number of results in first chunk: 1
[2025-04-24T19:12:07.979+0000] {python.py:240} INFO - Done. Returned value was: None
[2025-04-24T19:12:07.991+0000] {taskinstance.py:340} INFO - ::group::Post task execution logs
[2025-04-24T19:12:07.992+0000] {taskinstance.py:352} INFO - Marking task as SUCCESS. dag_id=226_lab1_etl, task_id=load, run_id=manual__2025-04-24T18:59:56.349228+00:00, execution_date=20250424T185956, start_date=20250424T190004, end_date=20250424T191207
[2025-04-24T19:12:08.028+0000] {local_task_job_runner.py:266} INFO - Task exited with return code 0
[2025-04-24T19:12:08.043+0000] {taskinstance.py:3900} INFO - 0 downstream tasks scheduled from follow-on schedule check
[2025-04-24T19:12:08.046+0000] {local_task_job_runner.py:245} INFO - ::endgroup::
