[2025-04-24T00:54:16.211+0000] {local_task_job_runner.py:123} INFO - ::group::Pre task execution logs
[2025-04-24T00:54:16.229+0000] {taskinstance.py:2612} INFO - Dependencies all met for dep_context=non-requeueable deps ti=<TaskInstance: dbt_stock_project.dbt_run manual__2025-04-24T00:54:15.022941+00:00 [queued]>
[2025-04-24T00:54:16.238+0000] {taskinstance.py:2612} INFO - Dependencies all met for dep_context=requeueable deps ti=<TaskInstance: dbt_stock_project.dbt_run manual__2025-04-24T00:54:15.022941+00:00 [queued]>
[2025-04-24T00:54:16.240+0000] {taskinstance.py:2865} INFO - Starting attempt 1 of 1
[2025-04-24T00:54:16.254+0000] {taskinstance.py:2888} INFO - Executing <Task(BashOperator): dbt_run> on 2025-04-24 00:54:15.022941+00:00
[2025-04-24T00:54:16.263+0000] {logging_mixin.py:190} WARNING - /home/***/.local/lib/python3.12/site-packages/***/task/task_runner/standard_task_runner.py:70 DeprecationWarning: This process (pid=8875) is multi-threaded, use of fork() may lead to deadlocks in the child.
[2025-04-24T00:54:16.262+0000] {standard_task_runner.py:104} INFO - Running: ['***', 'tasks', 'run', 'dbt_stock_project', 'dbt_run', 'manual__2025-04-24T00:54:15.022941+00:00', '--job-id', '347', '--raw', '--subdir', 'DAGS_FOLDER/226_lab2_elt.py', '--cfg-path', '/tmp/tmpz8eqsrah']
[2025-04-24T00:54:16.265+0000] {standard_task_runner.py:72} INFO - Started process 8876 to run task
[2025-04-24T00:54:16.265+0000] {standard_task_runner.py:105} INFO - Job 347: Subtask dbt_run
[2025-04-24T00:54:16.315+0000] {task_command.py:467} INFO - Running <TaskInstance: dbt_stock_project.dbt_run manual__2025-04-24T00:54:15.022941+00:00 [running]> on host d01273b1fd04
[2025-04-24T00:54:16.407+0000] {taskinstance.py:3131} INFO - Exporting env vars: AIRFLOW_CTX_DAG_OWNER='***' AIRFLOW_CTX_DAG_ID='dbt_stock_project' AIRFLOW_CTX_TASK_ID='dbt_run' AIRFLOW_CTX_EXECUTION_DATE='2025-04-24T00:54:15.022941+00:00' AIRFLOW_CTX_TRY_NUMBER='1' AIRFLOW_CTX_DAG_RUN_ID='manual__2025-04-24T00:54:15.022941+00:00'
[2025-04-24T00:54:16.409+0000] {taskinstance.py:731} INFO - ::endgroup::
[2025-04-24T00:54:16.426+0000] {subprocess.py:63} INFO - Tmp dir root location: /tmp
[2025-04-24T00:54:16.428+0000] {subprocess.py:75} INFO - Running command: ['/usr/bin/bash', '-c', '/home/***/.local/bin/dbt run --profiles-dir /home/***/.dbt --project-dir /opt/***/dbt']
[2025-04-24T00:54:16.437+0000] {subprocess.py:86} INFO - Output:
[2025-04-24T00:54:18.719+0000] {subprocess.py:93} INFO - [0m00:54:18  Running with dbt=1.8.7
[2025-04-24T00:54:19.935+0000] {subprocess.py:93} INFO - [0m00:54:19  Registered adapter: snowflake=1.8.1
[2025-04-24T00:54:20.991+0000] {subprocess.py:93} INFO - [0m00:54:20  [[33mWARNING[0m]: Deprecated functionality
[2025-04-24T00:54:20.992+0000] {subprocess.py:93} INFO - The `tests` config has been renamed to `data_tests`. Please see
[2025-04-24T00:54:20.993+0000] {subprocess.py:93} INFO - https://docs.getdbt.com/docs/build/data-tests#new-data_tests-syntax for more
[2025-04-24T00:54:20.994+0000] {subprocess.py:93} INFO - information.
[2025-04-24T00:54:21.432+0000] {subprocess.py:93} INFO - [0m00:54:21  Found 6 models, 18 data tests, 3 sources, 459 macros
[2025-04-24T00:54:21.436+0000] {subprocess.py:93} INFO - [0m00:54:21
[2025-04-24T00:54:22.599+0000] {subprocess.py:93} INFO - [0m00:54:22  Concurrency: 1 threads (target='dev')
[2025-04-24T00:54:22.599+0000] {subprocess.py:93} INFO - [0m00:54:22
[2025-04-24T00:54:22.683+0000] {subprocess.py:93} INFO - [0m00:54:22  1 of 4 START sql table model analytics.stock_indicators ........................ [RUN]
[2025-04-24T00:54:23.769+0000] {subprocess.py:93} INFO - [0m00:54:23  1 of 4 OK created sql table model analytics.stock_indicators ................... [[32mSUCCESS 1[0m in 1.08s]
[2025-04-24T00:54:23.775+0000] {subprocess.py:93} INFO - [0m00:54:23  2 of 4 START sql table model analytics.volume_summary .......................... [RUN]
[2025-04-24T00:54:24.720+0000] {subprocess.py:93} INFO - [0m00:54:24  2 of 4 OK created sql table model analytics.volume_summary ..................... [[32mSUCCESS 1[0m in 0.94s]
[2025-04-24T00:54:24.723+0000] {subprocess.py:93} INFO - [0m00:54:24  3 of 4 START sql table model analytics.moving_averages ......................... [RUN]
[2025-04-24T00:54:25.910+0000] {subprocess.py:93} INFO - [0m00:54:25  3 of 4 OK created sql table model analytics.moving_averages .................... [[32mSUCCESS 1[0m in 1.18s]
[2025-04-24T00:54:25.914+0000] {subprocess.py:93} INFO - [0m00:54:25  4 of 4 START sql table model analytics.rsi ..................................... [RUN]
[2025-04-24T00:54:27.186+0000] {subprocess.py:93} INFO - [0m00:54:27  4 of 4 OK created sql table model analytics.rsi ................................ [[32mSUCCESS 1[0m in 1.27s]
[2025-04-24T00:54:27.193+0000] {subprocess.py:93} INFO - [0m00:54:27
[2025-04-24T00:54:27.195+0000] {subprocess.py:93} INFO - [0m00:54:27  Finished running 4 table models in 0 hours 0 minutes and 5.76 seconds (5.76s).
[2025-04-24T00:54:27.392+0000] {subprocess.py:93} INFO - [0m00:54:27
[2025-04-24T00:54:27.393+0000] {subprocess.py:93} INFO - [0m00:54:27  [32mCompleted successfully[0m
[2025-04-24T00:54:27.394+0000] {subprocess.py:93} INFO - [0m00:54:27
[2025-04-24T00:54:27.395+0000] {subprocess.py:93} INFO - [0m00:54:27  Done. PASS=4 WARN=0 ERROR=0 SKIP=0 TOTAL=4
[2025-04-24T00:54:28.334+0000] {subprocess.py:97} INFO - Command exited with return code 0
[2025-04-24T00:54:28.356+0000] {taskinstance.py:340} INFO - ::group::Post task execution logs
[2025-04-24T00:54:28.357+0000] {taskinstance.py:352} INFO - Marking task as SUCCESS. dag_id=dbt_stock_project, task_id=dbt_run, run_id=manual__2025-04-24T00:54:15.022941+00:00, execution_date=20250424T005415, start_date=20250424T005416, end_date=20250424T005428
[2025-04-24T00:54:28.406+0000] {local_task_job_runner.py:266} INFO - Task exited with return code 0
[2025-04-24T00:54:28.428+0000] {taskinstance.py:3900} INFO - 1 downstream tasks scheduled from follow-on schedule check
[2025-04-24T00:54:28.432+0000] {local_task_job_runner.py:245} INFO - ::endgroup::
