[2025-04-24T18:17:14.269+0000] {local_task_job_runner.py:123} INFO - ::group::Pre task execution logs
[2025-04-24T18:17:14.289+0000] {taskinstance.py:2612} INFO - Dependencies all met for dep_context=non-requeueable deps ti=<TaskInstance: dbt_stock_project.dbt_run manual__2025-04-24T18:17:12.781317+00:00 [queued]>
[2025-04-24T18:17:14.301+0000] {taskinstance.py:2612} INFO - Dependencies all met for dep_context=requeueable deps ti=<TaskInstance: dbt_stock_project.dbt_run manual__2025-04-24T18:17:12.781317+00:00 [queued]>
[2025-04-24T18:17:14.303+0000] {taskinstance.py:2865} INFO - Starting attempt 1 of 1
[2025-04-24T18:17:14.321+0000] {taskinstance.py:2888} INFO - Executing <Task(BashOperator): dbt_run> on 2025-04-24 18:17:12.781317+00:00
[2025-04-24T18:17:14.329+0000] {standard_task_runner.py:104} INFO - Running: ['***', 'tasks', 'run', 'dbt_stock_project', 'dbt_run', 'manual__2025-04-24T18:17:12.781317+00:00', '--job-id', '408', '--raw', '--subdir', 'DAGS_FOLDER/226_lab2_elt.py', '--cfg-path', '/tmp/tmp7wza2rpc']
[2025-04-24T18:17:14.333+0000] {standard_task_runner.py:105} INFO - Job 408: Subtask dbt_run
[2025-04-24T18:17:14.333+0000] {logging_mixin.py:190} WARNING - /home/***/.local/lib/python3.12/site-packages/***/task/task_runner/standard_task_runner.py:70 DeprecationWarning: This process (pid=3493) is multi-threaded, use of fork() may lead to deadlocks in the child.
[2025-04-24T18:17:14.336+0000] {standard_task_runner.py:72} INFO - Started process 3494 to run task
[2025-04-24T18:17:14.381+0000] {task_command.py:467} INFO - Running <TaskInstance: dbt_stock_project.dbt_run manual__2025-04-24T18:17:12.781317+00:00 [running]> on host e8b5346887eb
[2025-04-24T18:17:14.498+0000] {taskinstance.py:3131} INFO - Exporting env vars: AIRFLOW_CTX_DAG_OWNER='***' AIRFLOW_CTX_DAG_ID='dbt_stock_project' AIRFLOW_CTX_TASK_ID='dbt_run' AIRFLOW_CTX_EXECUTION_DATE='2025-04-24T18:17:12.781317+00:00' AIRFLOW_CTX_TRY_NUMBER='1' AIRFLOW_CTX_DAG_RUN_ID='manual__2025-04-24T18:17:12.781317+00:00'
[2025-04-24T18:17:14.500+0000] {taskinstance.py:731} INFO - ::endgroup::
[2025-04-24T18:17:14.535+0000] {subprocess.py:63} INFO - Tmp dir root location: /tmp
[2025-04-24T18:17:14.536+0000] {subprocess.py:75} INFO - Running command: ['/usr/bin/bash', '-c', '/home/***/.local/bin/dbt run --profiles-dir /home/***/.dbt --project-dir /opt/***/dbt']
[2025-04-24T18:17:14.546+0000] {subprocess.py:86} INFO - Output:
[2025-04-24T18:17:17.812+0000] {subprocess.py:93} INFO - [0m18:17:17  Running with dbt=1.8.7
[2025-04-24T18:17:19.733+0000] {subprocess.py:93} INFO - [0m18:17:19  Registered adapter: snowflake=1.8.1
[2025-04-24T18:17:20.758+0000] {subprocess.py:93} INFO - [0m18:17:20  Found 5 models, 10 data tests, 3 snapshots, 3 sources, 459 macros
[2025-04-24T18:17:20.761+0000] {subprocess.py:93} INFO - [0m18:17:20
[2025-04-24T18:17:22.907+0000] {subprocess.py:93} INFO - [0m18:17:22  Concurrency: 1 threads (target='dev')
[2025-04-24T18:17:22.908+0000] {subprocess.py:93} INFO - [0m18:17:22
[2025-04-24T18:17:22.952+0000] {subprocess.py:93} INFO - [0m18:17:22  1 of 4 START sql table model analytics.stock_indicators ........................ [RUN]
[2025-04-24T18:17:24.599+0000] {subprocess.py:93} INFO - [0m18:17:24  1 of 4 OK created sql table model analytics.stock_indicators ................... [[32mSUCCESS 1[0m in 1.64s]
[2025-04-24T18:17:24.602+0000] {subprocess.py:93} INFO - [0m18:17:24  2 of 4 START sql table model analytics.volume_summary .......................... [RUN]
[2025-04-24T18:17:25.701+0000] {subprocess.py:93} INFO - [0m18:17:25  2 of 4 OK created sql table model analytics.volume_summary ..................... [[32mSUCCESS 1[0m in 1.10s]
[2025-04-24T18:17:25.704+0000] {subprocess.py:93} INFO - [0m18:17:25  3 of 4 START sql table model analytics.moving_averages ......................... [RUN]
[2025-04-24T18:17:27.161+0000] {subprocess.py:93} INFO - [0m18:17:27  3 of 4 OK created sql table model analytics.moving_averages .................... [[32mSUCCESS 1[0m in 1.45s]
[2025-04-24T18:17:27.165+0000] {subprocess.py:93} INFO - [0m18:17:27  4 of 4 START sql table model analytics.rsi ..................................... [RUN]
[2025-04-24T18:17:28.240+0000] {subprocess.py:93} INFO - [0m18:17:28  4 of 4 OK created sql table model analytics.rsi ................................ [[32mSUCCESS 1[0m in 1.07s]
[2025-04-24T18:17:28.245+0000] {subprocess.py:93} INFO - [0m18:17:28
[2025-04-24T18:17:28.245+0000] {subprocess.py:93} INFO - [0m18:17:28  Finished running 4 table models in 0 hours 0 minutes and 7.48 seconds (7.48s).
[2025-04-24T18:17:28.340+0000] {subprocess.py:93} INFO - [0m18:17:28
[2025-04-24T18:17:28.341+0000] {subprocess.py:93} INFO - [0m18:17:28  [32mCompleted successfully[0m
[2025-04-24T18:17:28.342+0000] {subprocess.py:93} INFO - [0m18:17:28
[2025-04-24T18:17:28.343+0000] {subprocess.py:93} INFO - [0m18:17:28  Done. PASS=4 WARN=0 ERROR=0 SKIP=0 TOTAL=4
[2025-04-24T18:17:29.326+0000] {subprocess.py:97} INFO - Command exited with return code 0
[2025-04-24T18:17:29.355+0000] {taskinstance.py:340} INFO - ::group::Post task execution logs
[2025-04-24T18:17:29.356+0000] {taskinstance.py:352} INFO - Marking task as SUCCESS. dag_id=dbt_stock_project, task_id=dbt_run, run_id=manual__2025-04-24T18:17:12.781317+00:00, execution_date=20250424T181712, start_date=20250424T181714, end_date=20250424T181729
[2025-04-24T18:17:29.409+0000] {local_task_job_runner.py:266} INFO - Task exited with return code 0
[2025-04-24T18:17:29.431+0000] {taskinstance.py:3900} INFO - 1 downstream tasks scheduled from follow-on schedule check
[2025-04-24T18:17:29.436+0000] {local_task_job_runner.py:245} INFO - ::endgroup::
