[2025-04-24T00:52:46.001+0000] {local_task_job_runner.py:123} INFO - ::group::Pre task execution logs
[2025-04-24T00:52:46.018+0000] {taskinstance.py:2612} INFO - Dependencies all met for dep_context=non-requeueable deps ti=<TaskInstance: dbt_stock_project.dbt_run manual__2025-04-24T00:52:45.460461+00:00 [queued]>
[2025-04-24T00:52:46.026+0000] {taskinstance.py:2612} INFO - Dependencies all met for dep_context=requeueable deps ti=<TaskInstance: dbt_stock_project.dbt_run manual__2025-04-24T00:52:45.460461+00:00 [queued]>
[2025-04-24T00:52:46.027+0000] {taskinstance.py:2865} INFO - Starting attempt 1 of 1
[2025-04-24T00:52:46.039+0000] {taskinstance.py:2888} INFO - Executing <Task(BashOperator): dbt_run> on 2025-04-24 00:52:45.460461+00:00
[2025-04-24T00:52:46.046+0000] {standard_task_runner.py:104} INFO - Running: ['***', 'tasks', 'run', 'dbt_stock_project', 'dbt_run', 'manual__2025-04-24T00:52:45.460461+00:00', '--job-id', '345', '--raw', '--subdir', 'DAGS_FOLDER/226_lab2_elt.py', '--cfg-path', '/tmp/tmpn9eyb5hc']
[2025-04-24T00:52:46.048+0000] {logging_mixin.py:190} WARNING - /home/***/.local/lib/python3.12/site-packages/***/task/task_runner/standard_task_runner.py:70 DeprecationWarning: This process (pid=8741) is multi-threaded, use of fork() may lead to deadlocks in the child.
[2025-04-24T00:52:46.049+0000] {standard_task_runner.py:105} INFO - Job 345: Subtask dbt_run
[2025-04-24T00:52:46.049+0000] {standard_task_runner.py:72} INFO - Started process 8742 to run task
[2025-04-24T00:52:46.098+0000] {task_command.py:467} INFO - Running <TaskInstance: dbt_stock_project.dbt_run manual__2025-04-24T00:52:45.460461+00:00 [running]> on host d01273b1fd04
[2025-04-24T00:52:46.188+0000] {taskinstance.py:3131} INFO - Exporting env vars: AIRFLOW_CTX_DAG_OWNER='***' AIRFLOW_CTX_DAG_ID='dbt_stock_project' AIRFLOW_CTX_TASK_ID='dbt_run' AIRFLOW_CTX_EXECUTION_DATE='2025-04-24T00:52:45.460461+00:00' AIRFLOW_CTX_TRY_NUMBER='1' AIRFLOW_CTX_DAG_RUN_ID='manual__2025-04-24T00:52:45.460461+00:00'
[2025-04-24T00:52:46.187+0000] {taskinstance.py:731} INFO - ::endgroup::
[2025-04-24T00:52:46.203+0000] {subprocess.py:63} INFO - Tmp dir root location: /tmp
[2025-04-24T00:52:46.205+0000] {subprocess.py:75} INFO - Running command: ['/usr/bin/bash', '-c', '/home/***/.local/bin/dbt run --profiles-dir /home/***/.dbt --project-dir /opt/***/dbt']
[2025-04-24T00:52:46.216+0000] {subprocess.py:86} INFO - Output:
[2025-04-24T00:52:48.368+0000] {subprocess.py:93} INFO - [0m00:52:48  Running with dbt=1.8.7
[2025-04-24T00:52:49.539+0000] {subprocess.py:93} INFO - [0m00:52:49  Registered adapter: snowflake=1.8.1
[2025-04-24T00:52:50.637+0000] {subprocess.py:93} INFO - [0m00:52:50  [[33mWARNING[0m]: Deprecated functionality
[2025-04-24T00:52:50.638+0000] {subprocess.py:93} INFO - The `tests` config has been renamed to `data_tests`. Please see
[2025-04-24T00:52:50.638+0000] {subprocess.py:93} INFO - https://docs.getdbt.com/docs/build/data-tests#new-data_tests-syntax for more
[2025-04-24T00:52:50.639+0000] {subprocess.py:93} INFO - information.
[2025-04-24T00:52:51.038+0000] {subprocess.py:93} INFO - [0m00:52:51  Found 6 models, 19 data tests, 3 sources, 459 macros
[2025-04-24T00:52:51.042+0000] {subprocess.py:93} INFO - [0m00:52:51
[2025-04-24T00:52:52.252+0000] {subprocess.py:93} INFO - [0m00:52:52  Concurrency: 1 threads (target='dev')
[2025-04-24T00:52:52.253+0000] {subprocess.py:93} INFO - [0m00:52:52
[2025-04-24T00:52:52.364+0000] {subprocess.py:93} INFO - [0m00:52:52  1 of 4 START sql table model analytics.stock_indicators ........................ [RUN]
[2025-04-24T00:52:53.667+0000] {subprocess.py:93} INFO - [0m00:52:53  1 of 4 OK created sql table model analytics.stock_indicators ................... [[32mSUCCESS 1[0m in 1.30s]
[2025-04-24T00:52:53.671+0000] {subprocess.py:93} INFO - [0m00:52:53  2 of 4 START sql table model analytics.volume_summary .......................... [RUN]
[2025-04-24T00:52:54.814+0000] {subprocess.py:93} INFO - [0m00:52:54  2 of 4 OK created sql table model analytics.volume_summary ..................... [[32mSUCCESS 1[0m in 1.14s]
[2025-04-24T00:52:54.817+0000] {subprocess.py:93} INFO - [0m00:52:54  3 of 4 START sql table model analytics.moving_averages ......................... [RUN]
[2025-04-24T00:52:55.951+0000] {subprocess.py:93} INFO - [0m00:52:55  3 of 4 OK created sql table model analytics.moving_averages .................... [[32mSUCCESS 1[0m in 1.13s]
[2025-04-24T00:52:55.953+0000] {subprocess.py:93} INFO - [0m00:52:55  4 of 4 START sql table model analytics.rsi ..................................... [RUN]
[2025-04-24T00:52:57.311+0000] {subprocess.py:93} INFO - [0m00:52:57  4 of 4 OK created sql table model analytics.rsi ................................ [[32mSUCCESS 1[0m in 1.35s]
[2025-04-24T00:52:57.322+0000] {subprocess.py:93} INFO - [0m00:52:57
[2025-04-24T00:52:57.323+0000] {subprocess.py:93} INFO - [0m00:52:57  Finished running 4 table models in 0 hours 0 minutes and 6.28 seconds (6.28s).
[2025-04-24T00:52:57.536+0000] {subprocess.py:93} INFO - [0m00:52:57
[2025-04-24T00:52:57.537+0000] {subprocess.py:93} INFO - [0m00:52:57  [32mCompleted successfully[0m
[2025-04-24T00:52:57.538+0000] {subprocess.py:93} INFO - [0m00:52:57
[2025-04-24T00:52:57.539+0000] {subprocess.py:93} INFO - [0m00:52:57  Done. PASS=4 WARN=0 ERROR=0 SKIP=0 TOTAL=4
[2025-04-24T00:52:58.404+0000] {subprocess.py:97} INFO - Command exited with return code 0
[2025-04-24T00:52:58.436+0000] {taskinstance.py:340} INFO - ::group::Post task execution logs
[2025-04-24T00:52:58.438+0000] {taskinstance.py:352} INFO - Marking task as SUCCESS. dag_id=dbt_stock_project, task_id=dbt_run, run_id=manual__2025-04-24T00:52:45.460461+00:00, execution_date=20250424T005245, start_date=20250424T005246, end_date=20250424T005258
[2025-04-24T00:52:58.498+0000] {local_task_job_runner.py:266} INFO - Task exited with return code 0
[2025-04-24T00:52:58.526+0000] {taskinstance.py:3900} INFO - 1 downstream tasks scheduled from follow-on schedule check
[2025-04-24T00:52:58.529+0000] {local_task_job_runner.py:245} INFO - ::endgroup::
