[2025-04-24T00:34:14.016+0000] {local_task_job_runner.py:123} INFO - ::group::Pre task execution logs
[2025-04-24T00:34:14.036+0000] {taskinstance.py:2612} INFO - Dependencies all met for dep_context=non-requeueable deps ti=<TaskInstance: dbt_stock_project.dbt_run manual__2025-04-24T00:34:13.478472+00:00 [queued]>
[2025-04-24T00:34:14.048+0000] {taskinstance.py:2612} INFO - Dependencies all met for dep_context=requeueable deps ti=<TaskInstance: dbt_stock_project.dbt_run manual__2025-04-24T00:34:13.478472+00:00 [queued]>
[2025-04-24T00:34:14.049+0000] {taskinstance.py:2865} INFO - Starting attempt 1 of 1
[2025-04-24T00:34:14.067+0000] {taskinstance.py:2888} INFO - Executing <Task(BashOperator): dbt_run> on 2025-04-24 00:34:13.478472+00:00
[2025-04-24T00:34:14.077+0000] {logging_mixin.py:190} WARNING - /home/***/.local/lib/python3.12/site-packages/***/task/task_runner/standard_task_runner.py:70 DeprecationWarning: This process (pid=7579) is multi-threaded, use of fork() may lead to deadlocks in the child.
[2025-04-24T00:34:14.075+0000] {standard_task_runner.py:104} INFO - Running: ['***', 'tasks', 'run', 'dbt_stock_project', 'dbt_run', 'manual__2025-04-24T00:34:13.478472+00:00', '--job-id', '334', '--raw', '--subdir', 'DAGS_FOLDER/226_lab2_elt.py', '--cfg-path', '/tmp/tmp8l82aehn']
[2025-04-24T00:34:14.079+0000] {standard_task_runner.py:72} INFO - Started process 7580 to run task
[2025-04-24T00:34:14.079+0000] {standard_task_runner.py:105} INFO - Job 334: Subtask dbt_run
[2025-04-24T00:34:14.135+0000] {task_command.py:467} INFO - Running <TaskInstance: dbt_stock_project.dbt_run manual__2025-04-24T00:34:13.478472+00:00 [running]> on host d01273b1fd04
[2025-04-24T00:34:14.221+0000] {taskinstance.py:3131} INFO - Exporting env vars: AIRFLOW_CTX_DAG_OWNER='***' AIRFLOW_CTX_DAG_ID='dbt_stock_project' AIRFLOW_CTX_TASK_ID='dbt_run' AIRFLOW_CTX_EXECUTION_DATE='2025-04-24T00:34:13.478472+00:00' AIRFLOW_CTX_TRY_NUMBER='1' AIRFLOW_CTX_DAG_RUN_ID='manual__2025-04-24T00:34:13.478472+00:00'
[2025-04-24T00:34:14.222+0000] {taskinstance.py:731} INFO - ::endgroup::
[2025-04-24T00:34:14.248+0000] {subprocess.py:63} INFO - Tmp dir root location: /tmp
[2025-04-24T00:34:14.250+0000] {subprocess.py:75} INFO - Running command: ['/usr/bin/bash', '-c', '/home/***/.local/bin/dbt run --profiles-dir /home/***/.dbt --project-dir /opt/***/dbt']
[2025-04-24T00:34:14.258+0000] {subprocess.py:86} INFO - Output:
[2025-04-24T00:34:17.299+0000] {subprocess.py:93} INFO - [0m00:34:17  Running with dbt=1.8.7
[2025-04-24T00:34:19.144+0000] {subprocess.py:93} INFO - [0m00:34:19  Registered adapter: snowflake=1.8.1
[2025-04-24T00:34:19.854+0000] {subprocess.py:93} INFO - [0m00:34:19  [[33mWARNING[0m]: Deprecated functionality
[2025-04-24T00:34:19.855+0000] {subprocess.py:93} INFO - The `tests` config has been renamed to `data_tests`. Please see
[2025-04-24T00:34:19.857+0000] {subprocess.py:93} INFO - https://docs.getdbt.com/docs/build/data-tests#new-data_tests-syntax for more
[2025-04-24T00:34:19.858+0000] {subprocess.py:93} INFO - information.
[2025-04-24T00:34:20.327+0000] {subprocess.py:93} INFO - [0m00:34:20  Found 6 models, 23 data tests, 3 sources, 459 macros
[2025-04-24T00:34:20.332+0000] {subprocess.py:93} INFO - [0m00:34:20
[2025-04-24T00:34:21.460+0000] {subprocess.py:93} INFO - [0m00:34:21  Concurrency: 1 threads (target='dev')
[2025-04-24T00:34:21.461+0000] {subprocess.py:93} INFO - [0m00:34:21
[2025-04-24T00:34:21.569+0000] {subprocess.py:93} INFO - [0m00:34:21  1 of 4 START sql table model analytics.stock_indicators ........................ [RUN]
[2025-04-24T00:34:23.680+0000] {subprocess.py:93} INFO - [0m00:34:23  1 of 4 OK created sql table model analytics.stock_indicators ................... [[32mSUCCESS 1[0m in 2.11s]
[2025-04-24T00:34:23.685+0000] {subprocess.py:93} INFO - [0m00:34:23  2 of 4 START sql table model analytics.volume_summary .......................... [RUN]
[2025-04-24T00:34:24.861+0000] {subprocess.py:93} INFO - [0m00:34:24  2 of 4 OK created sql table model analytics.volume_summary ..................... [[32mSUCCESS 1[0m in 1.17s]
[2025-04-24T00:34:24.864+0000] {subprocess.py:93} INFO - [0m00:34:24  3 of 4 START sql table model analytics.moving_averages ......................... [RUN]
[2025-04-24T00:34:25.993+0000] {subprocess.py:93} INFO - [0m00:34:25  3 of 4 OK created sql table model analytics.moving_averages .................... [[32mSUCCESS 1[0m in 1.13s]
[2025-04-24T00:34:25.998+0000] {subprocess.py:93} INFO - [0m00:34:25  4 of 4 START sql table model analytics.rsi ..................................... [RUN]
[2025-04-24T00:34:27.465+0000] {subprocess.py:93} INFO - [0m00:34:27  4 of 4 OK created sql table model analytics.rsi ................................ [[32mSUCCESS 1[0m in 1.46s]
[2025-04-24T00:34:27.473+0000] {subprocess.py:93} INFO - [0m00:34:27
[2025-04-24T00:34:27.474+0000] {subprocess.py:93} INFO - [0m00:34:27  Finished running 4 table models in 0 hours 0 minutes and 7.14 seconds (7.14s).
[2025-04-24T00:34:27.606+0000] {subprocess.py:93} INFO - [0m00:34:27
[2025-04-24T00:34:27.608+0000] {subprocess.py:93} INFO - [0m00:34:27  [32mCompleted successfully[0m
[2025-04-24T00:34:27.610+0000] {subprocess.py:93} INFO - [0m00:34:27
[2025-04-24T00:34:27.611+0000] {subprocess.py:93} INFO - [0m00:34:27  Done. PASS=4 WARN=0 ERROR=0 SKIP=0 TOTAL=4
[2025-04-24T00:34:28.547+0000] {subprocess.py:97} INFO - Command exited with return code 0
[2025-04-24T00:34:28.571+0000] {taskinstance.py:340} INFO - ::group::Post task execution logs
[2025-04-24T00:34:28.572+0000] {taskinstance.py:352} INFO - Marking task as SUCCESS. dag_id=dbt_stock_project, task_id=dbt_run, run_id=manual__2025-04-24T00:34:13.478472+00:00, execution_date=20250424T003413, start_date=20250424T003414, end_date=20250424T003428
[2025-04-24T00:34:28.614+0000] {local_task_job_runner.py:266} INFO - Task exited with return code 0
[2025-04-24T00:34:28.636+0000] {taskinstance.py:3900} INFO - 1 downstream tasks scheduled from follow-on schedule check
[2025-04-24T00:34:28.640+0000] {local_task_job_runner.py:245} INFO - ::endgroup::
