[2025-04-24T10:17:11.014+0000] {local_task_job_runner.py:123} INFO - ::group::Pre task execution logs
[2025-04-24T10:17:11.032+0000] {taskinstance.py:2612} INFO - Dependencies all met for dep_context=non-requeueable deps ti=<TaskInstance: dbt_stock_project.dbt_snapshot manual__2025-04-24T10:15:51.074440+00:00 [queued]>
[2025-04-24T10:17:11.043+0000] {taskinstance.py:2612} INFO - Dependencies all met for dep_context=requeueable deps ti=<TaskInstance: dbt_stock_project.dbt_snapshot manual__2025-04-24T10:15:51.074440+00:00 [queued]>
[2025-04-24T10:17:11.045+0000] {taskinstance.py:2865} INFO - Starting attempt 1 of 1
[2025-04-24T10:17:11.061+0000] {taskinstance.py:2888} INFO - Executing <Task(BashOperator): dbt_snapshot> on 2025-04-24 10:15:51.074440+00:00
[2025-04-24T10:17:11.070+0000] {standard_task_runner.py:104} INFO - Running: ['***', 'tasks', 'run', 'dbt_stock_project', 'dbt_snapshot', 'manual__2025-04-24T10:15:51.074440+00:00', '--job-id', '400', '--raw', '--subdir', 'DAGS_FOLDER/226_lab2_elt.py', '--cfg-path', '/tmp/tmpuckzg9he']
[2025-04-24T10:17:11.072+0000] {logging_mixin.py:190} WARNING - /home/***/.local/lib/python3.12/site-packages/***/task/task_runner/standard_task_runner.py:70 DeprecationWarning: This process (pid=10378) is multi-threaded, use of fork() may lead to deadlocks in the child.
[2025-04-24T10:17:11.073+0000] {standard_task_runner.py:105} INFO - Job 400: Subtask dbt_snapshot
[2025-04-24T10:17:11.074+0000] {standard_task_runner.py:72} INFO - Started process 10379 to run task
[2025-04-24T10:17:11.122+0000] {task_command.py:467} INFO - Running <TaskInstance: dbt_stock_project.dbt_snapshot manual__2025-04-24T10:15:51.074440+00:00 [running]> on host e8b5346887eb
[2025-04-24T10:17:11.234+0000] {taskinstance.py:3131} INFO - Exporting env vars: AIRFLOW_CTX_DAG_OWNER='***' AIRFLOW_CTX_DAG_ID='dbt_stock_project' AIRFLOW_CTX_TASK_ID='dbt_snapshot' AIRFLOW_CTX_EXECUTION_DATE='2025-04-24T10:15:51.074440+00:00' AIRFLOW_CTX_TRY_NUMBER='1' AIRFLOW_CTX_DAG_RUN_ID='manual__2025-04-24T10:15:51.074440+00:00'
[2025-04-24T10:17:11.235+0000] {taskinstance.py:731} INFO - ::endgroup::
[2025-04-24T10:17:11.255+0000] {subprocess.py:63} INFO - Tmp dir root location: /tmp
[2025-04-24T10:17:11.259+0000] {subprocess.py:75} INFO - Running command: ['/usr/bin/bash', '-c', '/home/***/.local/bin/dbt snapshot --profiles-dir /home/***/.dbt --project-dir /opt/***/dbt']
[2025-04-24T10:17:11.270+0000] {subprocess.py:86} INFO - Output:
[2025-04-24T10:17:13.247+0000] {subprocess.py:93} INFO - [0m10:17:13  Running with dbt=1.8.7
[2025-04-24T10:17:14.217+0000] {subprocess.py:93} INFO - [0m10:17:14  Registered adapter: snowflake=1.8.1
[2025-04-24T10:17:15.157+0000] {subprocess.py:93} INFO - [0m10:17:15  Found 5 models, 10 data tests, 4 snapshots, 3 sources, 459 macros
[2025-04-24T10:17:15.162+0000] {subprocess.py:93} INFO - [0m10:17:15
[2025-04-24T10:17:17.224+0000] {subprocess.py:93} INFO - [0m10:17:17  Concurrency: 1 threads (target='dev')
[2025-04-24T10:17:17.225+0000] {subprocess.py:93} INFO - [0m10:17:17
[2025-04-24T10:17:17.238+0000] {subprocess.py:93} INFO - [0m10:17:17  1 of 4 START snapshot snapshots.moving_averages_snapshot ....................... [RUN]
[2025-04-24T10:17:21.109+0000] {subprocess.py:93} INFO - [0m10:17:21  1 of 4 OK snapshotted snapshots.moving_averages_snapshot ....................... [[32mSUCCESS 0[0m in 3.87s]
[2025-04-24T10:17:21.112+0000] {subprocess.py:93} INFO - [0m10:17:21  2 of 4 START snapshot snapshots.rsi_snapshot ................................... [RUN]
[2025-04-24T10:17:24.762+0000] {subprocess.py:93} INFO - [0m10:17:24  2 of 4 OK snapshotted snapshots.rsi_snapshot ................................... [[32mSUCCESS 0[0m in 3.65s]
[2025-04-24T10:17:24.765+0000] {subprocess.py:93} INFO - [0m10:17:24  3 of 4 START snapshot snapshots.stock_data_snapshot ............................ [RUN]
[2025-04-24T10:17:28.469+0000] {subprocess.py:93} INFO - [0m10:17:28  3 of 4 OK snapshotted snapshots.stock_data_snapshot ............................ [[32mSUCCESS 0[0m in 3.70s]
[2025-04-24T10:17:28.472+0000] {subprocess.py:93} INFO - [0m10:17:28  4 of 4 START snapshot snapshots.weekly_volume_snapshot ......................... [RUN]
[2025-04-24T10:17:31.948+0000] {subprocess.py:93} INFO - [0m10:17:31  4 of 4 OK snapshotted snapshots.weekly_volume_snapshot ......................... [[32mSUCCESS 0[0m in 3.47s]
[2025-04-24T10:17:31.953+0000] {subprocess.py:93} INFO - [0m10:17:31
[2025-04-24T10:17:31.954+0000] {subprocess.py:93} INFO - [0m10:17:31  Finished running 4 snapshots in 0 hours 0 minutes and 16.79 seconds (16.79s).
[2025-04-24T10:17:32.053+0000] {subprocess.py:93} INFO - [0m10:17:32
[2025-04-24T10:17:32.054+0000] {subprocess.py:93} INFO - [0m10:17:32  [32mCompleted successfully[0m
[2025-04-24T10:17:32.055+0000] {subprocess.py:93} INFO - [0m10:17:32
[2025-04-24T10:17:32.056+0000] {subprocess.py:93} INFO - [0m10:17:32  Done. PASS=4 WARN=0 ERROR=0 SKIP=0 TOTAL=4
[2025-04-24T10:17:33.000+0000] {subprocess.py:97} INFO - Command exited with return code 0
[2025-04-24T10:17:33.031+0000] {taskinstance.py:340} INFO - ::group::Post task execution logs
[2025-04-24T10:17:33.032+0000] {taskinstance.py:352} INFO - Marking task as SUCCESS. dag_id=dbt_stock_project, task_id=dbt_snapshot, run_id=manual__2025-04-24T10:15:51.074440+00:00, execution_date=20250424T101551, start_date=20250424T101711, end_date=20250424T101733
[2025-04-24T10:17:33.069+0000] {local_task_job_runner.py:266} INFO - Task exited with return code 0
[2025-04-24T10:17:33.086+0000] {taskinstance.py:3900} INFO - 0 downstream tasks scheduled from follow-on schedule check
[2025-04-24T10:17:33.089+0000] {local_task_job_runner.py:245} INFO - ::endgroup::
