[2025-04-23T23:53:05.984+0000] {local_task_job_runner.py:123} INFO - ::group::Pre task execution logs
[2025-04-23T23:53:06.001+0000] {taskinstance.py:2612} INFO - Dependencies all met for dep_context=non-requeueable deps ti=<TaskInstance: dbt_stock_project.dbt_run manual__2025-04-23T23:53:05.382724+00:00 [queued]>
[2025-04-23T23:53:06.010+0000] {taskinstance.py:2612} INFO - Dependencies all met for dep_context=requeueable deps ti=<TaskInstance: dbt_stock_project.dbt_run manual__2025-04-23T23:53:05.382724+00:00 [queued]>
[2025-04-23T23:53:06.012+0000] {taskinstance.py:2865} INFO - Starting attempt 1 of 1
[2025-04-23T23:53:06.025+0000] {taskinstance.py:2888} INFO - Executing <Task(BashOperator): dbt_run> on 2025-04-23 23:53:05.382724+00:00
[2025-04-23T23:53:06.032+0000] {standard_task_runner.py:104} INFO - Running: ['***', 'tasks', 'run', 'dbt_stock_project', 'dbt_run', 'manual__2025-04-23T23:53:05.382724+00:00', '--job-id', '316', '--raw', '--subdir', 'DAGS_FOLDER/226_lab2_elt.py', '--cfg-path', '/tmp/tmp0z1cd_iz']
[2025-04-23T23:53:06.034+0000] {standard_task_runner.py:105} INFO - Job 316: Subtask dbt_run
[2025-04-23T23:53:06.035+0000] {logging_mixin.py:190} WARNING - /home/***/.local/lib/python3.12/site-packages/***/task/task_runner/standard_task_runner.py:70 DeprecationWarning: This process (pid=5371) is multi-threaded, use of fork() may lead to deadlocks in the child.
[2025-04-23T23:53:06.037+0000] {standard_task_runner.py:72} INFO - Started process 5376 to run task
[2025-04-23T23:53:06.079+0000] {task_command.py:467} INFO - Running <TaskInstance: dbt_stock_project.dbt_run manual__2025-04-23T23:53:05.382724+00:00 [running]> on host d01273b1fd04
[2025-04-23T23:53:06.159+0000] {taskinstance.py:3131} INFO - Exporting env vars: AIRFLOW_CTX_DAG_OWNER='***' AIRFLOW_CTX_DAG_ID='dbt_stock_project' AIRFLOW_CTX_TASK_ID='dbt_run' AIRFLOW_CTX_EXECUTION_DATE='2025-04-23T23:53:05.382724+00:00' AIRFLOW_CTX_TRY_NUMBER='1' AIRFLOW_CTX_DAG_RUN_ID='manual__2025-04-23T23:53:05.382724+00:00'
[2025-04-23T23:53:06.160+0000] {taskinstance.py:731} INFO - ::endgroup::
[2025-04-23T23:53:06.189+0000] {subprocess.py:63} INFO - Tmp dir root location: /tmp
[2025-04-23T23:53:06.190+0000] {subprocess.py:75} INFO - Running command: ['/usr/bin/bash', '-c', '/home/***/.local/bin/dbt run --profiles-dir /home/***/.dbt --project-dir /opt/***/dbt']
[2025-04-23T23:53:06.199+0000] {subprocess.py:86} INFO - Output:
[2025-04-23T23:53:08.981+0000] {subprocess.py:93} INFO - [0m23:53:08  Running with dbt=1.8.7
[2025-04-23T23:53:10.670+0000] {subprocess.py:93} INFO - [0m23:53:10  Registered adapter: snowflake=1.8.1
[2025-04-23T23:53:11.514+0000] {subprocess.py:93} INFO - [0m23:53:11  [[33mWARNING[0m]: Deprecated functionality
[2025-04-23T23:53:11.515+0000] {subprocess.py:93} INFO - The `tests` config has been renamed to `data_tests`. Please see
[2025-04-23T23:53:11.516+0000] {subprocess.py:93} INFO - https://docs.getdbt.com/docs/build/data-tests#new-data_tests-syntax for more
[2025-04-23T23:53:11.517+0000] {subprocess.py:93} INFO - information.
[2025-04-23T23:53:11.980+0000] {subprocess.py:93} INFO - [0m23:53:11  Found 6 models, 18 data tests, 3 sources, 459 macros
[2025-04-23T23:53:11.985+0000] {subprocess.py:93} INFO - [0m23:53:11
[2025-04-23T23:53:13.136+0000] {subprocess.py:93} INFO - [0m23:53:13  Concurrency: 1 threads (target='dev')
[2025-04-23T23:53:13.137+0000] {subprocess.py:93} INFO - [0m23:53:13
[2025-04-23T23:53:13.151+0000] {subprocess.py:93} INFO - [0m23:53:13  1 of 4 START sql table model analytics.moving_averages ......................... [RUN]
[2025-04-23T23:53:15.180+0000] {subprocess.py:93} INFO - [0m23:53:15  1 of 4 OK created sql table model analytics.moving_averages .................... [[32mSUCCESS 1[0m in 2.03s]
[2025-04-23T23:53:15.244+0000] {subprocess.py:93} INFO - [0m23:53:15  2 of 4 START sql table model analytics.stock_indicators ........................ [RUN]
[2025-04-23T23:53:16.465+0000] {subprocess.py:93} INFO - [0m23:53:16  2 of 4 OK created sql table model analytics.stock_indicators ................... [[32mSUCCESS 1[0m in 1.22s]
[2025-04-23T23:53:16.468+0000] {subprocess.py:93} INFO - [0m23:53:16  3 of 4 START sql table model analytics.volume_summary .......................... [RUN]
[2025-04-23T23:53:17.412+0000] {subprocess.py:93} INFO - [0m23:53:17  3 of 4 OK created sql table model analytics.volume_summary ..................... [[32mSUCCESS 1[0m in 0.94s]
[2025-04-23T23:53:17.416+0000] {subprocess.py:93} INFO - [0m23:53:17  4 of 4 START sql table model analytics.rsi ..................................... [RUN]
[2025-04-23T23:53:18.554+0000] {subprocess.py:93} INFO - [0m23:53:18  4 of 4 OK created sql table model analytics.rsi ................................ [[32mSUCCESS 1[0m in 1.14s]
[2025-04-23T23:53:18.560+0000] {subprocess.py:93} INFO - [0m23:53:18
[2025-04-23T23:53:18.560+0000] {subprocess.py:93} INFO - [0m23:53:18  Finished running 4 table models in 0 hours 0 minutes and 6.57 seconds (6.57s).
[2025-04-23T23:53:18.742+0000] {subprocess.py:93} INFO - [0m23:53:18
[2025-04-23T23:53:18.743+0000] {subprocess.py:93} INFO - [0m23:53:18  [32mCompleted successfully[0m
[2025-04-23T23:53:18.744+0000] {subprocess.py:93} INFO - [0m23:53:18
[2025-04-23T23:53:18.745+0000] {subprocess.py:93} INFO - [0m23:53:18  Done. PASS=4 WARN=0 ERROR=0 SKIP=0 TOTAL=4
[2025-04-23T23:53:19.537+0000] {subprocess.py:97} INFO - Command exited with return code 0
[2025-04-23T23:53:19.561+0000] {taskinstance.py:340} INFO - ::group::Post task execution logs
[2025-04-23T23:53:19.562+0000] {taskinstance.py:352} INFO - Marking task as SUCCESS. dag_id=dbt_stock_project, task_id=dbt_run, run_id=manual__2025-04-23T23:53:05.382724+00:00, execution_date=20250423T235305, start_date=20250423T235306, end_date=20250423T235319
[2025-04-23T23:53:19.603+0000] {local_task_job_runner.py:266} INFO - Task exited with return code 0
[2025-04-23T23:53:19.624+0000] {taskinstance.py:3900} INFO - 1 downstream tasks scheduled from follow-on schedule check
[2025-04-23T23:53:19.627+0000] {local_task_job_runner.py:245} INFO - ::endgroup::
