[2025-04-24T08:04:38.062+0000] {local_task_job_runner.py:123} INFO - ::group::Pre task execution logs
[2025-04-24T08:04:38.079+0000] {taskinstance.py:2612} INFO - Dependencies all met for dep_context=non-requeueable deps ti=<TaskInstance: dbt_stock_project.dbt_run manual__2025-04-24T07:41:12.765475+00:00 [queued]>
[2025-04-24T08:04:38.087+0000] {taskinstance.py:2612} INFO - Dependencies all met for dep_context=requeueable deps ti=<TaskInstance: dbt_stock_project.dbt_run manual__2025-04-24T07:41:12.765475+00:00 [queued]>
[2025-04-24T08:04:38.090+0000] {taskinstance.py:2865} INFO - Starting attempt 2 of 2
[2025-04-24T08:04:38.109+0000] {taskinstance.py:2888} INFO - Executing <Task(BashOperator): dbt_run> on 2025-04-24 07:41:12.765475+00:00
[2025-04-24T08:04:38.117+0000] {standard_task_runner.py:104} INFO - Running: ['***', 'tasks', 'run', 'dbt_stock_project', 'dbt_run', 'manual__2025-04-24T07:41:12.765475+00:00', '--job-id', '377', '--raw', '--subdir', 'DAGS_FOLDER/226_lab2_elt.py', '--cfg-path', '/tmp/tmpleov22u7']
[2025-04-24T08:04:38.120+0000] {standard_task_runner.py:105} INFO - Job 377: Subtask dbt_run
[2025-04-24T08:04:38.120+0000] {logging_mixin.py:190} WARNING - /home/***/.local/lib/python3.12/site-packages/***/task/task_runner/standard_task_runner.py:70 DeprecationWarning: This process (pid=4261) is multi-threaded, use of fork() may lead to deadlocks in the child.
[2025-04-24T08:04:38.121+0000] {standard_task_runner.py:72} INFO - Started process 4268 to run task
[2025-04-24T08:04:38.172+0000] {task_command.py:467} INFO - Running <TaskInstance: dbt_stock_project.dbt_run manual__2025-04-24T07:41:12.765475+00:00 [running]> on host e8b5346887eb
[2025-04-24T08:04:38.255+0000] {taskinstance.py:3131} INFO - Exporting env vars: AIRFLOW_CTX_DAG_OWNER='***' AIRFLOW_CTX_DAG_ID='dbt_stock_project' AIRFLOW_CTX_TASK_ID='dbt_run' AIRFLOW_CTX_EXECUTION_DATE='2025-04-24T07:41:12.765475+00:00' AIRFLOW_CTX_TRY_NUMBER='2' AIRFLOW_CTX_DAG_RUN_ID='manual__2025-04-24T07:41:12.765475+00:00'
[2025-04-24T08:04:38.257+0000] {taskinstance.py:731} INFO - ::endgroup::
[2025-04-24T08:04:38.273+0000] {subprocess.py:63} INFO - Tmp dir root location: /tmp
[2025-04-24T08:04:38.276+0000] {subprocess.py:75} INFO - Running command: ['/usr/bin/bash', '-c', '/home/***/.local/bin/dbt run --profiles-dir /home/***/.dbt --project-dir /opt/***/dbt']
[2025-04-24T08:04:38.284+0000] {subprocess.py:86} INFO - Output:
[2025-04-24T08:04:40.016+0000] {subprocess.py:93} INFO - [0m08:04:40  Running with dbt=1.8.7
[2025-04-24T08:04:41.018+0000] {subprocess.py:93} INFO - [0m08:04:41  Registered adapter: snowflake=1.8.1
[2025-04-24T08:04:41.667+0000] {subprocess.py:93} INFO - [0m08:04:41  Found 7 models, 10 data tests, 3 sources, 459 macros
[2025-04-24T08:04:41.670+0000] {subprocess.py:93} INFO - [0m08:04:41
[2025-04-24T08:04:47.118+0000] {subprocess.py:93} INFO - [0m08:04:47  Concurrency: 1 threads (target='dev')
[2025-04-24T08:04:47.119+0000] {subprocess.py:93} INFO - [0m08:04:47
[2025-04-24T08:04:47.131+0000] {subprocess.py:93} INFO - [0m08:04:47  1 of 5 START sql table model analytics.actual_vs_forecast ...................... [RUN]
[2025-04-24T08:04:49.656+0000] {subprocess.py:93} INFO - [0m08:04:49  1 of 5 OK created sql table model analytics.actual_vs_forecast ................. [[32mSUCCESS 1[0m in 2.52s]
[2025-04-24T08:04:49.711+0000] {subprocess.py:93} INFO - [0m08:04:49  2 of 5 START sql table model analytics.stock_indicators ........................ [RUN]
[2025-04-24T08:04:51.307+0000] {subprocess.py:93} INFO - [0m08:04:51  2 of 5 OK created sql table model analytics.stock_indicators ................... [[32mSUCCESS 1[0m in 1.59s]
[2025-04-24T08:04:51.310+0000] {subprocess.py:93} INFO - [0m08:04:51  3 of 5 START sql table model analytics.volume_summary .......................... [RUN]
[2025-04-24T08:04:52.606+0000] {subprocess.py:93} INFO - [0m08:04:52  3 of 5 OK created sql table model analytics.volume_summary ..................... [[32mSUCCESS 1[0m in 1.29s]
[2025-04-24T08:04:52.609+0000] {subprocess.py:93} INFO - [0m08:04:52  4 of 5 START sql table model analytics.moving_averages ......................... [RUN]
[2025-04-24T08:04:54.552+0000] {subprocess.py:93} INFO - [0m08:04:54  4 of 5 OK created sql table model analytics.moving_averages .................... [[32mSUCCESS 1[0m in 1.94s]
[2025-04-24T08:04:54.554+0000] {subprocess.py:93} INFO - [0m08:04:54  5 of 5 START sql table model analytics.rsi ..................................... [RUN]
[2025-04-24T08:04:55.955+0000] {subprocess.py:93} INFO - [0m08:04:55  5 of 5 OK created sql table model analytics.rsi ................................ [[32mSUCCESS 1[0m in 1.40s]
[2025-04-24T08:04:55.961+0000] {subprocess.py:93} INFO - [0m08:04:55
[2025-04-24T08:04:55.962+0000] {subprocess.py:93} INFO - [0m08:04:55  Finished running 5 table models in 0 hours 0 minutes and 14.29 seconds (14.29s).
[2025-04-24T08:04:56.064+0000] {subprocess.py:93} INFO - [0m08:04:56
[2025-04-24T08:04:56.065+0000] {subprocess.py:93} INFO - [0m08:04:56  [32mCompleted successfully[0m
[2025-04-24T08:04:56.066+0000] {subprocess.py:93} INFO - [0m08:04:56
[2025-04-24T08:04:56.067+0000] {subprocess.py:93} INFO - [0m08:04:56  Done. PASS=5 WARN=0 ERROR=0 SKIP=0 TOTAL=5
[2025-04-24T08:04:57.382+0000] {subprocess.py:97} INFO - Command exited with return code 0
[2025-04-24T08:04:57.412+0000] {taskinstance.py:340} INFO - ::group::Post task execution logs
[2025-04-24T08:04:57.413+0000] {taskinstance.py:352} INFO - Marking task as SUCCESS. dag_id=dbt_stock_project, task_id=dbt_run, run_id=manual__2025-04-24T07:41:12.765475+00:00, execution_date=20250424T074112, start_date=20250424T080438, end_date=20250424T080457
[2025-04-24T08:04:57.451+0000] {local_task_job_runner.py:266} INFO - Task exited with return code 0
[2025-04-24T08:04:57.479+0000] {taskinstance.py:3900} INFO - 1 downstream tasks scheduled from follow-on schedule check
[2025-04-24T08:04:57.483+0000] {local_task_job_runner.py:245} INFO - ::endgroup::
