[2025-04-24T07:57:00.776+0000] {local_task_job_runner.py:123} INFO - ::group::Pre task execution logs
[2025-04-24T07:57:00.799+0000] {taskinstance.py:2612} INFO - Dependencies all met for dep_context=non-requeueable deps ti=<TaskInstance: dbt_stock_project.dbt_run manual__2025-04-24T07:57:00.289754+00:00 [queued]>
[2025-04-24T07:57:00.811+0000] {taskinstance.py:2612} INFO - Dependencies all met for dep_context=requeueable deps ti=<TaskInstance: dbt_stock_project.dbt_run manual__2025-04-24T07:57:00.289754+00:00 [queued]>
[2025-04-24T07:57:00.813+0000] {taskinstance.py:2865} INFO - Starting attempt 1 of 1
[2025-04-24T07:57:00.829+0000] {taskinstance.py:2888} INFO - Executing <Task(BashOperator): dbt_run> on 2025-04-24 07:57:00.289754+00:00
[2025-04-24T07:57:00.838+0000] {standard_task_runner.py:104} INFO - Running: ['***', 'tasks', 'run', 'dbt_stock_project', 'dbt_run', 'manual__2025-04-24T07:57:00.289754+00:00', '--job-id', '366', '--raw', '--subdir', 'DAGS_FOLDER/226_lab2_elt.py', '--cfg-path', '/tmp/tmptwth_zho']
[2025-04-24T07:57:00.841+0000] {standard_task_runner.py:105} INFO - Job 366: Subtask dbt_run
[2025-04-24T07:57:00.841+0000] {logging_mixin.py:190} WARNING - /home/***/.local/lib/python3.12/site-packages/***/task/task_runner/standard_task_runner.py:70 DeprecationWarning: This process (pid=3652) is multi-threaded, use of fork() may lead to deadlocks in the child.
[2025-04-24T07:57:00.842+0000] {standard_task_runner.py:72} INFO - Started process 3653 to run task
[2025-04-24T07:57:00.900+0000] {task_command.py:467} INFO - Running <TaskInstance: dbt_stock_project.dbt_run manual__2025-04-24T07:57:00.289754+00:00 [running]> on host e8b5346887eb
[2025-04-24T07:57:01.000+0000] {taskinstance.py:3131} INFO - Exporting env vars: AIRFLOW_CTX_DAG_OWNER='***' AIRFLOW_CTX_DAG_ID='dbt_stock_project' AIRFLOW_CTX_TASK_ID='dbt_run' AIRFLOW_CTX_EXECUTION_DATE='2025-04-24T07:57:00.289754+00:00' AIRFLOW_CTX_TRY_NUMBER='1' AIRFLOW_CTX_DAG_RUN_ID='manual__2025-04-24T07:57:00.289754+00:00'
[2025-04-24T07:57:01.001+0000] {taskinstance.py:731} INFO - ::endgroup::
[2025-04-24T07:57:01.027+0000] {subprocess.py:63} INFO - Tmp dir root location: /tmp
[2025-04-24T07:57:01.029+0000] {subprocess.py:75} INFO - Running command: ['/usr/bin/bash', '-c', '/home/***/.local/bin/dbt run --profiles-dir /home/***/.dbt --project-dir /opt/***/dbt']
[2025-04-24T07:57:01.039+0000] {subprocess.py:86} INFO - Output:
[2025-04-24T07:57:03.902+0000] {subprocess.py:93} INFO - [0m07:57:03  Running with dbt=1.8.7
[2025-04-24T07:57:05.554+0000] {subprocess.py:93} INFO - [0m07:57:05  Registered adapter: snowflake=1.8.1
[2025-04-24T07:57:06.272+0000] {subprocess.py:93} INFO - [0m07:57:06  [[33mWARNING[0m]: Deprecated functionality
[2025-04-24T07:57:06.273+0000] {subprocess.py:93} INFO - The `tests` config has been renamed to `data_tests`. Please see
[2025-04-24T07:57:06.274+0000] {subprocess.py:93} INFO - https://docs.getdbt.com/docs/build/data-tests#new-data_tests-syntax for more
[2025-04-24T07:57:06.275+0000] {subprocess.py:93} INFO - information.
[2025-04-24T07:57:06.687+0000] {subprocess.py:93} INFO - [0m07:57:06  Found 7 models, 11 data tests, 3 sources, 459 macros
[2025-04-24T07:57:06.691+0000] {subprocess.py:93} INFO - [0m07:57:06
[2025-04-24T07:57:08.210+0000] {subprocess.py:93} INFO - [0m07:57:08  Concurrency: 1 threads (target='dev')
[2025-04-24T07:57:08.211+0000] {subprocess.py:93} INFO - [0m07:57:08
[2025-04-24T07:57:08.225+0000] {subprocess.py:93} INFO - [0m07:57:08  1 of 5 START sql table model analytics.actual_vs_forecast ...................... [RUN]
[2025-04-24T07:57:10.036+0000] {subprocess.py:93} INFO - [0m07:57:10  1 of 5 OK created sql table model analytics.actual_vs_forecast ................. [[32mSUCCESS 1[0m in 1.81s]
[2025-04-24T07:57:10.100+0000] {subprocess.py:93} INFO - [0m07:57:10  2 of 5 START sql table model analytics.stock_indicators ........................ [RUN]
[2025-04-24T07:57:11.525+0000] {subprocess.py:93} INFO - [0m07:57:11  2 of 5 OK created sql table model analytics.stock_indicators ................... [[32mSUCCESS 1[0m in 1.42s]
[2025-04-24T07:57:11.527+0000] {subprocess.py:93} INFO - [0m07:57:11  3 of 5 START sql table model analytics.volume_summary .......................... [RUN]
[2025-04-24T07:57:12.986+0000] {subprocess.py:93} INFO - [0m07:57:12  3 of 5 OK created sql table model analytics.volume_summary ..................... [[32mSUCCESS 1[0m in 1.46s]
[2025-04-24T07:57:12.989+0000] {subprocess.py:93} INFO - [0m07:57:12  4 of 5 START sql table model analytics.moving_averages ......................... [RUN]
[2025-04-24T07:57:14.233+0000] {subprocess.py:93} INFO - [0m07:57:14  4 of 5 OK created sql table model analytics.moving_averages .................... [[32mSUCCESS 1[0m in 1.24s]
[2025-04-24T07:57:14.237+0000] {subprocess.py:93} INFO - [0m07:57:14  5 of 5 START sql table model analytics.rsi ..................................... [RUN]
[2025-04-24T07:57:15.432+0000] {subprocess.py:93} INFO - [0m07:57:15  5 of 5 OK created sql table model analytics.rsi ................................ [[32mSUCCESS 1[0m in 1.19s]
[2025-04-24T07:57:15.439+0000] {subprocess.py:93} INFO - [0m07:57:15
[2025-04-24T07:57:15.440+0000] {subprocess.py:93} INFO - [0m07:57:15  Finished running 5 table models in 0 hours 0 minutes and 8.75 seconds (8.75s).
[2025-04-24T07:57:15.613+0000] {subprocess.py:93} INFO - [0m07:57:15
[2025-04-24T07:57:15.614+0000] {subprocess.py:93} INFO - [0m07:57:15  [32mCompleted successfully[0m
[2025-04-24T07:57:15.615+0000] {subprocess.py:93} INFO - [0m07:57:15
[2025-04-24T07:57:15.616+0000] {subprocess.py:93} INFO - [0m07:57:15  Done. PASS=5 WARN=0 ERROR=0 SKIP=0 TOTAL=5
[2025-04-24T07:57:16.569+0000] {subprocess.py:97} INFO - Command exited with return code 0
[2025-04-24T07:57:16.591+0000] {taskinstance.py:340} INFO - ::group::Post task execution logs
[2025-04-24T07:57:16.592+0000] {taskinstance.py:352} INFO - Marking task as SUCCESS. dag_id=dbt_stock_project, task_id=dbt_run, run_id=manual__2025-04-24T07:57:00.289754+00:00, execution_date=20250424T075700, start_date=20250424T075700, end_date=20250424T075716
[2025-04-24T07:57:16.645+0000] {local_task_job_runner.py:266} INFO - Task exited with return code 0
[2025-04-24T07:57:16.665+0000] {taskinstance.py:3900} INFO - 1 downstream tasks scheduled from follow-on schedule check
[2025-04-24T07:57:16.669+0000] {local_task_job_runner.py:245} INFO - ::endgroup::
