[2025-04-24T08:47:40.895+0000] {local_task_job_runner.py:123} INFO - ::group::Pre task execution logs
[2025-04-24T08:47:40.913+0000] {taskinstance.py:2612} INFO - Dependencies all met for dep_context=non-requeueable deps ti=<TaskInstance: dbt_stock_project.dbt_run manual__2025-04-24T08:47:39.548491+00:00 [queued]>
[2025-04-24T08:47:40.922+0000] {taskinstance.py:2612} INFO - Dependencies all met for dep_context=requeueable deps ti=<TaskInstance: dbt_stock_project.dbt_run manual__2025-04-24T08:47:39.548491+00:00 [queued]>
[2025-04-24T08:47:40.924+0000] {taskinstance.py:2865} INFO - Starting attempt 1 of 1
[2025-04-24T08:47:40.939+0000] {taskinstance.py:2888} INFO - Executing <Task(BashOperator): dbt_run> on 2025-04-24 08:47:39.548491+00:00
[2025-04-24T08:47:40.948+0000] {logging_mixin.py:190} WARNING - /home/***/.local/lib/python3.12/site-packages/***/task/task_runner/standard_task_runner.py:70 DeprecationWarning: This process (pid=6256) is multi-threaded, use of fork() may lead to deadlocks in the child.
[2025-04-24T08:47:40.947+0000] {standard_task_runner.py:104} INFO - Running: ['***', 'tasks', 'run', 'dbt_stock_project', 'dbt_run', 'manual__2025-04-24T08:47:39.548491+00:00', '--job-id', '385', '--raw', '--subdir', 'DAGS_FOLDER/226_lab2_elt.py', '--cfg-path', '/tmp/tmpk5srymfy']
[2025-04-24T08:47:40.950+0000] {standard_task_runner.py:72} INFO - Started process 6257 to run task
[2025-04-24T08:47:40.951+0000] {standard_task_runner.py:105} INFO - Job 385: Subtask dbt_run
[2025-04-24T08:47:41.001+0000] {task_command.py:467} INFO - Running <TaskInstance: dbt_stock_project.dbt_run manual__2025-04-24T08:47:39.548491+00:00 [running]> on host e8b5346887eb
[2025-04-24T08:47:41.089+0000] {taskinstance.py:3131} INFO - Exporting env vars: AIRFLOW_CTX_DAG_OWNER='***' AIRFLOW_CTX_DAG_ID='dbt_stock_project' AIRFLOW_CTX_TASK_ID='dbt_run' AIRFLOW_CTX_EXECUTION_DATE='2025-04-24T08:47:39.548491+00:00' AIRFLOW_CTX_TRY_NUMBER='1' AIRFLOW_CTX_DAG_RUN_ID='manual__2025-04-24T08:47:39.548491+00:00'
[2025-04-24T08:47:41.090+0000] {taskinstance.py:731} INFO - ::endgroup::
[2025-04-24T08:47:41.106+0000] {subprocess.py:63} INFO - Tmp dir root location: /tmp
[2025-04-24T08:47:41.109+0000] {subprocess.py:75} INFO - Running command: ['/usr/bin/bash', '-c', '/home/***/.local/bin/dbt run --profiles-dir /home/***/.dbt --project-dir /opt/***/dbt']
[2025-04-24T08:47:41.118+0000] {subprocess.py:86} INFO - Output:
[2025-04-24T08:47:43.046+0000] {subprocess.py:93} INFO - [0m08:47:43  Running with dbt=1.8.7
[2025-04-24T08:47:44.085+0000] {subprocess.py:93} INFO - [0m08:47:44  Registered adapter: snowflake=1.8.1
[2025-04-24T08:47:45.097+0000] {subprocess.py:93} INFO - [0m08:47:45  Found 5 models, 10 data tests, 4 snapshots, 3 sources, 459 macros
[2025-04-24T08:47:45.101+0000] {subprocess.py:93} INFO - [0m08:47:45
[2025-04-24T08:47:47.346+0000] {subprocess.py:93} INFO - [0m08:47:47  Concurrency: 1 threads (target='dev')
[2025-04-24T08:47:47.347+0000] {subprocess.py:93} INFO - [0m08:47:47
[2025-04-24T08:47:47.394+0000] {subprocess.py:93} INFO - [0m08:47:47  1 of 4 START sql table model analytics.stock_indicators ........................ [RUN]
[2025-04-24T08:47:48.726+0000] {subprocess.py:93} INFO - [0m08:47:48  1 of 4 OK created sql table model analytics.stock_indicators ................... [[32mSUCCESS 1[0m in 1.33s]
[2025-04-24T08:47:48.730+0000] {subprocess.py:93} INFO - [0m08:47:48  2 of 4 START sql table model analytics.volume_summary .......................... [RUN]
[2025-04-24T08:47:49.929+0000] {subprocess.py:93} INFO - [0m08:47:49  2 of 4 OK created sql table model analytics.volume_summary ..................... [[32mSUCCESS 1[0m in 1.19s]
[2025-04-24T08:47:49.932+0000] {subprocess.py:93} INFO - [0m08:47:49  3 of 4 START sql table model analytics.moving_averages ......................... [RUN]
[2025-04-24T08:47:51.139+0000] {subprocess.py:93} INFO - [0m08:47:51  3 of 4 OK created sql table model analytics.moving_averages .................... [[32mSUCCESS 1[0m in 1.20s]
[2025-04-24T08:47:51.142+0000] {subprocess.py:93} INFO - [0m08:47:51  4 of 4 START sql table model analytics.rsi ..................................... [RUN]
[2025-04-24T08:47:52.389+0000] {subprocess.py:93} INFO - [0m08:47:52  4 of 4 OK created sql table model analytics.rsi ................................ [[32mSUCCESS 1[0m in 1.24s]
[2025-04-24T08:47:52.393+0000] {subprocess.py:93} INFO - [0m08:47:52
[2025-04-24T08:47:52.394+0000] {subprocess.py:93} INFO - [0m08:47:52  Finished running 4 table models in 0 hours 0 minutes and 7.29 seconds (7.29s).
[2025-04-24T08:47:52.505+0000] {subprocess.py:93} INFO - [0m08:47:52
[2025-04-24T08:47:52.506+0000] {subprocess.py:93} INFO - [0m08:47:52  [32mCompleted successfully[0m
[2025-04-24T08:47:52.507+0000] {subprocess.py:93} INFO - [0m08:47:52
[2025-04-24T08:47:52.508+0000] {subprocess.py:93} INFO - [0m08:47:52  Done. PASS=4 WARN=0 ERROR=0 SKIP=0 TOTAL=4
[2025-04-24T08:47:53.398+0000] {subprocess.py:97} INFO - Command exited with return code 0
[2025-04-24T08:47:53.422+0000] {taskinstance.py:340} INFO - ::group::Post task execution logs
[2025-04-24T08:47:53.424+0000] {taskinstance.py:352} INFO - Marking task as SUCCESS. dag_id=dbt_stock_project, task_id=dbt_run, run_id=manual__2025-04-24T08:47:39.548491+00:00, execution_date=20250424T084739, start_date=20250424T084740, end_date=20250424T084753
[2025-04-24T08:47:53.479+0000] {local_task_job_runner.py:266} INFO - Task exited with return code 0
[2025-04-24T08:47:53.504+0000] {taskinstance.py:3900} INFO - 1 downstream tasks scheduled from follow-on schedule check
[2025-04-24T08:47:53.509+0000] {local_task_job_runner.py:245} INFO - ::endgroup::
