[2025-04-24T08:38:07.082+0000] {local_task_job_runner.py:123} INFO - ::group::Pre task execution logs
[2025-04-24T08:38:07.101+0000] {taskinstance.py:2612} INFO - Dependencies all met for dep_context=non-requeueable deps ti=<TaskInstance: dbt_stock_project.dbt_snapshot manual__2025-04-24T08:11:27.923024+00:00 [queued]>
[2025-04-24T08:38:07.111+0000] {taskinstance.py:2612} INFO - Dependencies all met for dep_context=requeueable deps ti=<TaskInstance: dbt_stock_project.dbt_snapshot manual__2025-04-24T08:11:27.923024+00:00 [queued]>
[2025-04-24T08:38:07.113+0000] {taskinstance.py:2865} INFO - Starting attempt 3 of 3
[2025-04-24T08:38:07.129+0000] {taskinstance.py:2888} INFO - Executing <Task(BashOperator): dbt_snapshot> on 2025-04-24 08:11:27.923024+00:00
[2025-04-24T08:38:07.139+0000] {logging_mixin.py:190} WARNING - /home/***/.local/lib/python3.12/site-packages/***/task/task_runner/standard_task_runner.py:70 DeprecationWarning: This process (pid=5829) is multi-threaded, use of fork() may lead to deadlocks in the child.
[2025-04-24T08:38:07.137+0000] {standard_task_runner.py:104} INFO - Running: ['***', 'tasks', 'run', 'dbt_stock_project', 'dbt_snapshot', 'manual__2025-04-24T08:11:27.923024+00:00', '--job-id', '384', '--raw', '--subdir', 'DAGS_FOLDER/226_lab2_elt.py', '--cfg-path', '/tmp/tmpkqepciwx']
[2025-04-24T08:38:07.141+0000] {standard_task_runner.py:72} INFO - Started process 5830 to run task
[2025-04-24T08:38:07.141+0000] {standard_task_runner.py:105} INFO - Job 384: Subtask dbt_snapshot
[2025-04-24T08:38:07.194+0000] {task_command.py:467} INFO - Running <TaskInstance: dbt_stock_project.dbt_snapshot manual__2025-04-24T08:11:27.923024+00:00 [running]> on host e8b5346887eb
[2025-04-24T08:38:07.275+0000] {taskinstance.py:3131} INFO - Exporting env vars: AIRFLOW_CTX_DAG_OWNER='***' AIRFLOW_CTX_DAG_ID='dbt_stock_project' AIRFLOW_CTX_TASK_ID='dbt_snapshot' AIRFLOW_CTX_EXECUTION_DATE='2025-04-24T08:11:27.923024+00:00' AIRFLOW_CTX_TRY_NUMBER='3' AIRFLOW_CTX_DAG_RUN_ID='manual__2025-04-24T08:11:27.923024+00:00'
[2025-04-24T08:38:07.277+0000] {taskinstance.py:731} INFO - ::endgroup::
[2025-04-24T08:38:07.292+0000] {subprocess.py:63} INFO - Tmp dir root location: /tmp
[2025-04-24T08:38:07.294+0000] {subprocess.py:75} INFO - Running command: ['/usr/bin/bash', '-c', '/home/***/.local/bin/dbt snapshot --profiles-dir /home/***/.dbt --project-dir /opt/***/dbt']
[2025-04-24T08:38:07.303+0000] {subprocess.py:86} INFO - Output:
[2025-04-24T08:38:09.051+0000] {subprocess.py:93} INFO - [0m08:38:09  Running with dbt=1.8.7
[2025-04-24T08:38:09.952+0000] {subprocess.py:93} INFO - [0m08:38:09  Registered adapter: snowflake=1.8.1
[2025-04-24T08:38:10.828+0000] {subprocess.py:93} INFO - [0m08:38:10  Found 7 models, 10 data tests, 4 snapshots, 3 sources, 459 macros
[2025-04-24T08:38:10.831+0000] {subprocess.py:93} INFO - [0m08:38:10
[2025-04-24T08:38:12.944+0000] {subprocess.py:93} INFO - [0m08:38:12  Concurrency: 1 threads (target='dev')
[2025-04-24T08:38:12.945+0000] {subprocess.py:93} INFO - [0m08:38:12
[2025-04-24T08:38:12.955+0000] {subprocess.py:93} INFO - [0m08:38:12  1 of 4 START snapshot snapshots.snapshot_moving_averages ....................... [RUN]
[2025-04-24T08:47:26.253+0000] {local_task_job_runner.py:346} WARNING - State of this instance has been externally set to failed. Terminating instance.
[2025-04-24T08:47:26.255+0000] {local_task_job_runner.py:245} INFO - ::endgroup::
[2025-04-24T08:47:26.257+0000] {process_utils.py:132} INFO - Sending 15 to group 5830. PIDs of all processes in the group: [5832, 5850, 5830]
[2025-04-24T08:47:26.258+0000] {process_utils.py:87} INFO - Sending the signal 15 to group 5830
[2025-04-24T08:47:26.260+0000] {taskinstance.py:3092} ERROR - Received SIGTERM. Terminating subprocesses.
[2025-04-24T08:47:26.262+0000] {subprocess.py:104} INFO - Sending SIGTERM signal to process group
[2025-04-24T08:47:26.286+0000] {taskinstance.py:340} INFO - ::group::Post task execution logs
[2025-04-24T08:47:26.313+0000] {process_utils.py:80} INFO - Process psutil.Process(pid=5850, status='terminated', started='08:38:09') (5850) terminated with exit code None
[2025-04-24T08:47:26.315+0000] {process_utils.py:80} INFO - Process psutil.Process(pid=5830, status='terminated', exitcode=0, started='08:38:06') (5830) terminated with exit code 0
[2025-04-24T08:47:26.316+0000] {process_utils.py:80} INFO - Process psutil.Process(pid=5832, status='terminated', started='08:38:06') (5832) terminated with exit code None
