[2025-04-24T10:15:19.147+0000] {local_task_job_runner.py:123} INFO - ::group::Pre task execution logs
[2025-04-24T10:15:19.167+0000] {taskinstance.py:2612} INFO - Dependencies all met for dep_context=non-requeueable deps ti=<TaskInstance: dbt_stock_project.dbt_snapshot manual__2025-04-24T08:47:39.548491+00:00 [queued]>
[2025-04-24T10:15:19.178+0000] {taskinstance.py:2612} INFO - Dependencies all met for dep_context=requeueable deps ti=<TaskInstance: dbt_stock_project.dbt_snapshot manual__2025-04-24T08:47:39.548491+00:00 [queued]>
[2025-04-24T10:15:19.179+0000] {taskinstance.py:2865} INFO - Starting attempt 10 of 10
[2025-04-24T10:15:19.195+0000] {taskinstance.py:2888} INFO - Executing <Task(BashOperator): dbt_snapshot> on 2025-04-24 08:47:39.548491+00:00
[2025-04-24T10:15:19.206+0000] {logging_mixin.py:190} WARNING - /home/***/.local/lib/python3.12/site-packages/***/task/task_runner/standard_task_runner.py:70 DeprecationWarning: This process (pid=10151) is multi-threaded, use of fork() may lead to deadlocks in the child.
[2025-04-24T10:15:19.203+0000] {standard_task_runner.py:104} INFO - Running: ['***', 'tasks', 'run', 'dbt_stock_project', 'dbt_snapshot', 'manual__2025-04-24T08:47:39.548491+00:00', '--job-id', '396', '--raw', '--subdir', 'DAGS_FOLDER/226_lab2_elt.py', '--cfg-path', '/tmp/tmphuibbgtn']
[2025-04-24T10:15:19.208+0000] {standard_task_runner.py:72} INFO - Started process 10152 to run task
[2025-04-24T10:15:19.208+0000] {standard_task_runner.py:105} INFO - Job 396: Subtask dbt_snapshot
[2025-04-24T10:15:19.263+0000] {task_command.py:467} INFO - Running <TaskInstance: dbt_stock_project.dbt_snapshot manual__2025-04-24T08:47:39.548491+00:00 [running]> on host e8b5346887eb
[2025-04-24T10:15:19.346+0000] {taskinstance.py:3131} INFO - Exporting env vars: AIRFLOW_CTX_DAG_OWNER='***' AIRFLOW_CTX_DAG_ID='dbt_stock_project' AIRFLOW_CTX_TASK_ID='dbt_snapshot' AIRFLOW_CTX_EXECUTION_DATE='2025-04-24T08:47:39.548491+00:00' AIRFLOW_CTX_TRY_NUMBER='10' AIRFLOW_CTX_DAG_RUN_ID='manual__2025-04-24T08:47:39.548491+00:00'
[2025-04-24T10:15:19.348+0000] {taskinstance.py:731} INFO - ::endgroup::
[2025-04-24T10:15:19.375+0000] {subprocess.py:63} INFO - Tmp dir root location: /tmp
[2025-04-24T10:15:19.377+0000] {subprocess.py:75} INFO - Running command: ['/usr/bin/bash', '-c', '/home/***/.local/bin/dbt snapshot --profiles-dir /home/***/.dbt --project-dir /opt/***/dbt']
[2025-04-24T10:15:19.387+0000] {subprocess.py:86} INFO - Output:
[2025-04-24T10:15:22.177+0000] {subprocess.py:93} INFO - [0m10:15:22  Running with dbt=1.8.7
[2025-04-24T10:15:23.831+0000] {subprocess.py:93} INFO - [0m10:15:23  Registered adapter: snowflake=1.8.1
[2025-04-24T10:15:24.802+0000] {subprocess.py:93} INFO - [0m10:15:24  [[33mWARNING[0m]: Deprecated functionality
[2025-04-24T10:15:24.804+0000] {subprocess.py:93} INFO - The `tests` config has been renamed to `data_tests`. Please see
[2025-04-24T10:15:24.805+0000] {subprocess.py:93} INFO - https://docs.getdbt.com/docs/build/data-tests#new-data_tests-syntax for more
[2025-04-24T10:15:24.806+0000] {subprocess.py:93} INFO - information.
[2025-04-24T10:15:25.233+0000] {subprocess.py:93} INFO - [0m10:15:25  Found 5 models, 10 data tests, 4 snapshots, 3 sources, 459 macros
[2025-04-24T10:15:25.236+0000] {subprocess.py:93} INFO - [0m10:15:25
[2025-04-24T10:15:27.468+0000] {subprocess.py:93} INFO - [0m10:15:27  Concurrency: 1 threads (target='dev')
[2025-04-24T10:15:27.468+0000] {subprocess.py:93} INFO - [0m10:15:27
[2025-04-24T10:15:27.483+0000] {subprocess.py:93} INFO - [0m10:15:27  1 of 4 START snapshot snapshots.moving_averages_snapshot ....................... [RUN]
[2025-04-24T10:15:32.025+0000] {subprocess.py:93} INFO - [0m10:15:32  1 of 4 OK snapshotted snapshots.moving_averages_snapshot ....................... [[32mSUCCESS 0[0m in 4.54s]
[2025-04-24T10:15:32.030+0000] {subprocess.py:93} INFO - [0m10:15:32  2 of 4 START snapshot snapshots.rsi_snapshot ................................... [RUN]
[2025-04-24T10:15:33.802+0000] {subprocess.py:93} INFO - [0m10:15:33  2 of 4 OK snapshotted snapshots.rsi_snapshot ................................... [[32mSUCCESS 1[0m in 1.77s]
[2025-04-24T10:15:33.808+0000] {subprocess.py:93} INFO - [0m10:15:33  3 of 4 START snapshot snapshots.stock_data_snapshot ............................ [RUN]
[2025-04-24T10:15:35.744+0000] {subprocess.py:93} INFO - [0m10:15:35  3 of 4 OK snapshotted snapshots.stock_data_snapshot ............................ [[32mSUCCESS 1[0m in 1.93s]
[2025-04-24T10:15:35.748+0000] {subprocess.py:93} INFO - [0m10:15:35  4 of 4 START snapshot snapshots.weekly_volume_snapshot ......................... [RUN]
[2025-04-24T10:15:37.296+0000] {subprocess.py:93} INFO - [0m10:15:37  4 of 4 OK snapshotted snapshots.weekly_volume_snapshot ......................... [[32mSUCCESS 1[0m in 1.55s]
[2025-04-24T10:15:37.302+0000] {subprocess.py:93} INFO - [0m10:15:37
[2025-04-24T10:15:37.303+0000] {subprocess.py:93} INFO - [0m10:15:37  Finished running 4 snapshots in 0 hours 0 minutes and 12.07 seconds (12.07s).
[2025-04-24T10:15:37.404+0000] {subprocess.py:93} INFO - [0m10:15:37
[2025-04-24T10:15:37.405+0000] {subprocess.py:93} INFO - [0m10:15:37  [32mCompleted successfully[0m
[2025-04-24T10:15:37.408+0000] {subprocess.py:93} INFO - [0m10:15:37
[2025-04-24T10:15:37.409+0000] {subprocess.py:93} INFO - [0m10:15:37  Done. PASS=4 WARN=0 ERROR=0 SKIP=0 TOTAL=4
[2025-04-24T10:15:38.371+0000] {subprocess.py:97} INFO - Command exited with return code 0
[2025-04-24T10:15:38.395+0000] {taskinstance.py:340} INFO - ::group::Post task execution logs
[2025-04-24T10:15:38.397+0000] {taskinstance.py:352} INFO - Marking task as SUCCESS. dag_id=dbt_stock_project, task_id=dbt_snapshot, run_id=manual__2025-04-24T08:47:39.548491+00:00, execution_date=20250424T084739, start_date=20250424T101519, end_date=20250424T101538
[2025-04-24T10:15:38.437+0000] {local_task_job_runner.py:266} INFO - Task exited with return code 0
[2025-04-24T10:15:38.452+0000] {taskinstance.py:3900} INFO - 0 downstream tasks scheduled from follow-on schedule check
[2025-04-24T10:15:38.457+0000] {local_task_job_runner.py:245} INFO - ::endgroup::
