[2025-04-24T10:19:07.204+0000] {local_task_job_runner.py:123} INFO - ::group::Pre task execution logs
[2025-04-24T10:19:07.227+0000] {taskinstance.py:2612} INFO - Dependencies all met for dep_context=non-requeueable deps ti=<TaskInstance: dbt_stock_project.dbt_snapshot manual__2025-04-24T10:18:38.110668+00:00 [queued]>
[2025-04-24T10:19:07.240+0000] {taskinstance.py:2612} INFO - Dependencies all met for dep_context=requeueable deps ti=<TaskInstance: dbt_stock_project.dbt_snapshot manual__2025-04-24T10:18:38.110668+00:00 [queued]>
[2025-04-24T10:19:07.243+0000] {taskinstance.py:2865} INFO - Starting attempt 1 of 1
[2025-04-24T10:19:07.264+0000] {taskinstance.py:2888} INFO - Executing <Task(BashOperator): dbt_snapshot> on 2025-04-24 10:18:38.110668+00:00
[2025-04-24T10:19:07.275+0000] {logging_mixin.py:190} WARNING - /home/***/.local/lib/python3.12/site-packages/***/task/task_runner/standard_task_runner.py:70 DeprecationWarning: This process (pid=10545) is multi-threaded, use of fork() may lead to deadlocks in the child.
[2025-04-24T10:19:07.274+0000] {standard_task_runner.py:104} INFO - Running: ['***', 'tasks', 'run', 'dbt_stock_project', 'dbt_snapshot', 'manual__2025-04-24T10:18:38.110668+00:00', '--job-id', '403', '--raw', '--subdir', 'DAGS_FOLDER/226_lab2_elt.py', '--cfg-path', '/tmp/tmppc9sp0m8']
[2025-04-24T10:19:07.277+0000] {standard_task_runner.py:72} INFO - Started process 10546 to run task
[2025-04-24T10:19:07.277+0000] {standard_task_runner.py:105} INFO - Job 403: Subtask dbt_snapshot
[2025-04-24T10:19:07.334+0000] {task_command.py:467} INFO - Running <TaskInstance: dbt_stock_project.dbt_snapshot manual__2025-04-24T10:18:38.110668+00:00 [running]> on host e8b5346887eb
[2025-04-24T10:19:07.439+0000] {taskinstance.py:3131} INFO - Exporting env vars: AIRFLOW_CTX_DAG_OWNER='***' AIRFLOW_CTX_DAG_ID='dbt_stock_project' AIRFLOW_CTX_TASK_ID='dbt_snapshot' AIRFLOW_CTX_EXECUTION_DATE='2025-04-24T10:18:38.110668+00:00' AIRFLOW_CTX_TRY_NUMBER='1' AIRFLOW_CTX_DAG_RUN_ID='manual__2025-04-24T10:18:38.110668+00:00'
[2025-04-24T10:19:07.440+0000] {taskinstance.py:731} INFO - ::endgroup::
[2025-04-24T10:19:07.455+0000] {subprocess.py:63} INFO - Tmp dir root location: /tmp
[2025-04-24T10:19:07.458+0000] {subprocess.py:75} INFO - Running command: ['/usr/bin/bash', '-c', '/home/***/.local/bin/dbt snapshot --profiles-dir /home/***/.dbt --project-dir /opt/***/dbt']
[2025-04-24T10:19:07.467+0000] {subprocess.py:86} INFO - Output:
[2025-04-24T10:19:09.589+0000] {subprocess.py:93} INFO - [0m10:19:09  Running with dbt=1.8.7
[2025-04-24T10:19:10.626+0000] {subprocess.py:93} INFO - [0m10:19:10  Registered adapter: snowflake=1.8.1
[2025-04-24T10:19:11.500+0000] {subprocess.py:93} INFO - [0m10:19:11  Found 5 models, 10 data tests, 4 snapshots, 3 sources, 459 macros
[2025-04-24T10:19:11.505+0000] {subprocess.py:93} INFO - [0m10:19:11
[2025-04-24T10:19:13.632+0000] {subprocess.py:93} INFO - [0m10:19:13  Concurrency: 1 threads (target='dev')
[2025-04-24T10:19:13.633+0000] {subprocess.py:93} INFO - [0m10:19:13
[2025-04-24T10:19:13.646+0000] {subprocess.py:93} INFO - [0m10:19:13  1 of 4 START snapshot snapshots.moving_averages_snapshot ....................... [RUN]
[2025-04-24T10:19:17.567+0000] {subprocess.py:93} INFO - [0m10:19:17  1 of 4 OK snapshotted snapshots.moving_averages_snapshot ....................... [[32mSUCCESS 0[0m in 3.92s]
[2025-04-24T10:19:17.571+0000] {subprocess.py:93} INFO - [0m10:19:17  2 of 4 START snapshot snapshots.rsi_snapshot ................................... [RUN]
[2025-04-24T10:19:21.652+0000] {subprocess.py:93} INFO - [0m10:19:21  2 of 4 OK snapshotted snapshots.rsi_snapshot ................................... [[32mSUCCESS 0[0m in 4.08s]
[2025-04-24T10:19:21.657+0000] {subprocess.py:93} INFO - [0m10:19:21  3 of 4 START snapshot snapshots.stock_data_snapshot ............................ [RUN]
[2025-04-24T10:19:25.340+0000] {subprocess.py:93} INFO - [0m10:19:25  3 of 4 OK snapshotted snapshots.stock_data_snapshot ............................ [[32mSUCCESS 0[0m in 3.68s]
[2025-04-24T10:19:25.343+0000] {subprocess.py:93} INFO - [0m10:19:25  4 of 4 START snapshot snapshots.weekly_volume_snapshot ......................... [RUN]
[2025-04-24T10:19:28.762+0000] {subprocess.py:93} INFO - [0m10:19:28  4 of 4 OK snapshotted snapshots.weekly_volume_snapshot ......................... [[32mSUCCESS 0[0m in 3.42s]
[2025-04-24T10:19:28.768+0000] {subprocess.py:93} INFO - [0m10:19:28
[2025-04-24T10:19:28.769+0000] {subprocess.py:93} INFO - [0m10:19:28  Finished running 4 snapshots in 0 hours 0 minutes and 17.26 seconds (17.26s).
[2025-04-24T10:19:28.907+0000] {subprocess.py:93} INFO - [0m10:19:28
[2025-04-24T10:19:28.908+0000] {subprocess.py:93} INFO - [0m10:19:28  [32mCompleted successfully[0m
[2025-04-24T10:19:28.909+0000] {subprocess.py:93} INFO - [0m10:19:28
[2025-04-24T10:19:28.910+0000] {subprocess.py:93} INFO - [0m10:19:28  Done. PASS=4 WARN=0 ERROR=0 SKIP=0 TOTAL=4
[2025-04-24T10:19:29.858+0000] {subprocess.py:97} INFO - Command exited with return code 0
[2025-04-24T10:19:29.896+0000] {taskinstance.py:340} INFO - ::group::Post task execution logs
[2025-04-24T10:19:29.897+0000] {taskinstance.py:352} INFO - Marking task as SUCCESS. dag_id=dbt_stock_project, task_id=dbt_snapshot, run_id=manual__2025-04-24T10:18:38.110668+00:00, execution_date=20250424T101838, start_date=20250424T101907, end_date=20250424T101929
[2025-04-24T10:19:29.926+0000] {local_task_job_runner.py:266} INFO - Task exited with return code 0
[2025-04-24T10:19:29.940+0000] {taskinstance.py:3900} INFO - 0 downstream tasks scheduled from follow-on schedule check
[2025-04-24T10:19:29.943+0000] {local_task_job_runner.py:245} INFO - ::endgroup::
