[2025-04-24T00:50:38.204+0000] {local_task_job_runner.py:123} INFO - ::group::Pre task execution logs
[2025-04-24T00:50:38.225+0000] {taskinstance.py:2612} INFO - Dependencies all met for dep_context=non-requeueable deps ti=<TaskInstance: dbt_stock_project.dbt_run manual__2025-04-24T00:50:37.125505+00:00 [queued]>
[2025-04-24T00:50:38.234+0000] {taskinstance.py:2612} INFO - Dependencies all met for dep_context=requeueable deps ti=<TaskInstance: dbt_stock_project.dbt_run manual__2025-04-24T00:50:37.125505+00:00 [queued]>
[2025-04-24T00:50:38.238+0000] {taskinstance.py:2865} INFO - Starting attempt 1 of 1
[2025-04-24T00:50:38.253+0000] {taskinstance.py:2888} INFO - Executing <Task(BashOperator): dbt_run> on 2025-04-24 00:50:37.125505+00:00
[2025-04-24T00:50:38.261+0000] {standard_task_runner.py:104} INFO - Running: ['***', 'tasks', 'run', 'dbt_stock_project', 'dbt_run', 'manual__2025-04-24T00:50:37.125505+00:00', '--job-id', '343', '--raw', '--subdir', 'DAGS_FOLDER/226_lab2_elt.py', '--cfg-path', '/tmp/tmp3ezu0jgl']
[2025-04-24T00:50:38.263+0000] {logging_mixin.py:190} WARNING - /home/***/.local/lib/python3.12/site-packages/***/task/task_runner/standard_task_runner.py:70 DeprecationWarning: This process (pid=8586) is multi-threaded, use of fork() may lead to deadlocks in the child.
[2025-04-24T00:50:38.265+0000] {standard_task_runner.py:105} INFO - Job 343: Subtask dbt_run
[2025-04-24T00:50:38.266+0000] {standard_task_runner.py:72} INFO - Started process 8587 to run task
[2025-04-24T00:50:38.325+0000] {task_command.py:467} INFO - Running <TaskInstance: dbt_stock_project.dbt_run manual__2025-04-24T00:50:37.125505+00:00 [running]> on host d01273b1fd04
[2025-04-24T00:50:38.426+0000] {taskinstance.py:3131} INFO - Exporting env vars: AIRFLOW_CTX_DAG_OWNER='***' AIRFLOW_CTX_DAG_ID='dbt_stock_project' AIRFLOW_CTX_TASK_ID='dbt_run' AIRFLOW_CTX_EXECUTION_DATE='2025-04-24T00:50:37.125505+00:00' AIRFLOW_CTX_TRY_NUMBER='1' AIRFLOW_CTX_DAG_RUN_ID='manual__2025-04-24T00:50:37.125505+00:00'
[2025-04-24T00:50:38.427+0000] {taskinstance.py:731} INFO - ::endgroup::
[2025-04-24T00:50:38.445+0000] {subprocess.py:63} INFO - Tmp dir root location: /tmp
[2025-04-24T00:50:38.448+0000] {subprocess.py:75} INFO - Running command: ['/usr/bin/bash', '-c', '/home/***/.local/bin/dbt run --profiles-dir /home/***/.dbt --project-dir /opt/***/dbt']
[2025-04-24T00:50:38.457+0000] {subprocess.py:86} INFO - Output:
[2025-04-24T00:50:40.504+0000] {subprocess.py:93} INFO - [0m00:50:40  Running with dbt=1.8.7
[2025-04-24T00:50:41.669+0000] {subprocess.py:93} INFO - [0m00:50:41  Registered adapter: snowflake=1.8.1
[2025-04-24T00:50:42.842+0000] {subprocess.py:93} INFO - [0m00:50:42  [[33mWARNING[0m]: Deprecated functionality
[2025-04-24T00:50:42.843+0000] {subprocess.py:93} INFO - The `tests` config has been renamed to `data_tests`. Please see
[2025-04-24T00:50:42.844+0000] {subprocess.py:93} INFO - https://docs.getdbt.com/docs/build/data-tests#new-data_tests-syntax for more
[2025-04-24T00:50:42.845+0000] {subprocess.py:93} INFO - information.
[2025-04-24T00:50:43.338+0000] {subprocess.py:93} INFO - [0m00:50:43  Found 6 models, 22 data tests, 3 sources, 459 macros
[2025-04-24T00:50:43.344+0000] {subprocess.py:93} INFO - [0m00:50:43
[2025-04-24T00:50:44.775+0000] {subprocess.py:93} INFO - [0m00:50:44  Concurrency: 1 threads (target='dev')
[2025-04-24T00:50:44.776+0000] {subprocess.py:93} INFO - [0m00:50:44
[2025-04-24T00:50:44.857+0000] {subprocess.py:93} INFO - [0m00:50:44  1 of 4 START sql table model analytics.stock_indicators ........................ [RUN]
[2025-04-24T00:50:46.242+0000] {subprocess.py:93} INFO - [0m00:50:46  1 of 4 OK created sql table model analytics.stock_indicators ................... [[32mSUCCESS 1[0m in 1.38s]
[2025-04-24T00:50:46.245+0000] {subprocess.py:93} INFO - [0m00:50:46  2 of 4 START sql table model analytics.volume_summary .......................... [RUN]
[2025-04-24T00:50:47.560+0000] {subprocess.py:93} INFO - [0m00:50:47  2 of 4 OK created sql table model analytics.volume_summary ..................... [[32mSUCCESS 1[0m in 1.31s]
[2025-04-24T00:50:47.563+0000] {subprocess.py:93} INFO - [0m00:50:47  3 of 4 START sql table model analytics.moving_averages ......................... [RUN]
[2025-04-24T00:50:48.769+0000] {subprocess.py:93} INFO - [0m00:50:48  3 of 4 OK created sql table model analytics.moving_averages .................... [[32mSUCCESS 1[0m in 1.20s]
[2025-04-24T00:50:48.775+0000] {subprocess.py:93} INFO - [0m00:50:48  4 of 4 START sql table model analytics.rsi ..................................... [RUN]
[2025-04-24T00:50:49.870+0000] {subprocess.py:93} INFO - [0m00:50:49  4 of 4 OK created sql table model analytics.rsi ................................ [[32mSUCCESS 1[0m in 1.09s]
[2025-04-24T00:50:49.878+0000] {subprocess.py:93} INFO - [0m00:50:49
[2025-04-24T00:50:49.879+0000] {subprocess.py:93} INFO - [0m00:50:49  Finished running 4 table models in 0 hours 0 minutes and 6.53 seconds (6.53s).
[2025-04-24T00:50:50.090+0000] {subprocess.py:93} INFO - [0m00:50:50
[2025-04-24T00:50:50.091+0000] {subprocess.py:93} INFO - [0m00:50:50  [32mCompleted successfully[0m
[2025-04-24T00:50:50.092+0000] {subprocess.py:93} INFO - [0m00:50:50
[2025-04-24T00:50:50.093+0000] {subprocess.py:93} INFO - [0m00:50:50  Done. PASS=4 WARN=0 ERROR=0 SKIP=0 TOTAL=4
[2025-04-24T00:50:51.002+0000] {subprocess.py:97} INFO - Command exited with return code 0
[2025-04-24T00:50:51.024+0000] {taskinstance.py:340} INFO - ::group::Post task execution logs
[2025-04-24T00:50:51.025+0000] {taskinstance.py:352} INFO - Marking task as SUCCESS. dag_id=dbt_stock_project, task_id=dbt_run, run_id=manual__2025-04-24T00:50:37.125505+00:00, execution_date=20250424T005037, start_date=20250424T005038, end_date=20250424T005051
[2025-04-24T00:50:51.069+0000] {local_task_job_runner.py:266} INFO - Task exited with return code 0
[2025-04-24T00:50:51.099+0000] {taskinstance.py:3900} INFO - 1 downstream tasks scheduled from follow-on schedule check
[2025-04-24T00:50:51.105+0000] {local_task_job_runner.py:245} INFO - ::endgroup::
